<?xml version="1.0" encoding="UTF-8"?>
<?xml-stylesheet type="text/xsl" href="ivy-report.xsl"?>
<ivy-report version="1.0">
	<info
		organisation="play"
		module="sbt-link"
		revision="2.1.3"
		conf="test-internal"
		confs="compile, runtime, test, provided, optional, compile-internal, runtime-internal, test-internal, plugin, sources, docs, pom"
		date="20130825191355"/>
	<dependencies>
		<module organisation="org.javassist" name="javassist">
			<revision name="3.16.1-GA" status="release" pubdate="20120307023712" resolver="local" artresolver="local" homepage="http://www.javassist.org/" downloaded="false" searched="false" default="false" conf="default(compile), default, compile, runtime, master" position="0">
				<license name="MPL 1.1" url="http://www.mozilla.org/MPL/MPL-1.1.html"/>
				<license name="LGPL 2.1" url="http://www.gnu.org/licenses/lgpl-2.1.html"/>
				<license name="Apache License 2.0" url="http://www.apache.org/licenses/"/>
				<metadata-artifact status="no" details="" size="3051" time="0" location="/home/shanai/play/play-2.1.3-dash/repository/cache/org.javassist/javassist/ivy-3.16.1-GA.xml" searched="false" origin-is-local="true" origin-location="/home/shanai/play/play-2.1.3/repository/local/org.javassist/javassist/3.16.1-GA/ivys/ivy.xml"/>
				<caller organisation="play" name="sbt-link" conf="test-internal, test, optional, compile, provided, runtime" rev="3.16.1-GA" rev-constraint-default="3.16.1-GA" rev-constraint-dynamic="3.16.1-GA" callerrev="2.1.3"/>
				<artifacts>
					<artifact name="javassist" type="jar" ext="jar" status="no" details="" size="659343" time="0" location="/home/shanai/play/play-2.1.3/repository/local/org.javassist/javassist/3.16.1-GA/jars/javassist.jar">
						<origin-location is-local="true" location="/home/shanai/play/play-2.1.3/repository/local/org.javassist/javassist/3.16.1-GA/jars/javassist.jar"/>
					</artifact>
				</artifacts>
			</revision>
		</module>
	</dependencies>
</ivy-report>
