<?xml version="1.0" encoding="UTF-8"?>
<?xml-stylesheet type="text/xsl" href="ivy-report.xsl"?>
<ivy-report version="1.0">
	<info
		organisation="play"
		module="sbt-link"
		revision="2.1.3"
		conf="test-internal"
		confs="compile, runtime, test, provided, optional, compile-internal, runtime-internal, test-internal, plugin, sources, docs, pom"
		date="20130825205427"/>
	<dependencies>
		<module organisation="org.javassist" name="javassist">
			<revision name="3.16.1-GA" status="release" pubdate="20120307003712" resolver="public" artresolver="public" homepage="http://www.javassist.org/" downloaded="true" searched="true" default="false" conf="default(compile), default, compile, runtime, master" position="0">
				<license name="MPL 1.1" url="http://www.mozilla.org/MPL/MPL-1.1.html"/>
				<license name="LGPL 2.1" url="http://www.gnu.org/licenses/lgpl-2.1.html"/>
				<license name="Apache License 2.0" url="http://www.apache.org/licenses/"/>
				<metadata-artifact status="successful" details="" size="9040" time="487" location="/home/shanai/play/play-2.1.3-for-functional-store/repository/cache/org.javassist/javassist/ivy-3.16.1-GA.xml" searched="true" original-local-location="/home/shanai/play/play-2.1.3-for-functional-store/repository/cache/org.javassist/javassist/ivy-3.16.1-GA.xml.original" origin-is-local="false" origin-location="http://repo1.maven.org/maven2/org/javassist/javassist/3.16.1-GA/javassist-3.16.1-GA.pom"/>
				<caller organisation="play" name="sbt-link" conf="test-internal, test, optional, compile, provided, runtime" rev="3.16.1-GA" rev-constraint-default="3.16.1-GA" rev-constraint-dynamic="3.16.1-GA" callerrev="2.1.3"/>
				<artifacts>
					<artifact name="javassist" type="jar" ext="jar" status="successful" details="" size="659343" time="865" location="/home/shanai/play/play-2.1.3-for-functional-store/repository/cache/org.javassist/javassist/jars/javassist-3.16.1-GA.jar">
						<origin-location is-local="false" location="http://repo1.maven.org/maven2/org/javassist/javassist/3.16.1-GA/javassist-3.16.1-GA.jar"/>
					</artifact>
				</artifacts>
			</revision>
		</module>
	</dependencies>
</ivy-report>
