<?xml version="1.0" encoding="UTF-8"?>
<?xml-stylesheet type="text/xsl" href="ivy-report.xsl"?>
<ivy-report version="1.0">
	<info
		organisation="play"
		module="play-iteratees_2.10"
		revision="2.1.3"
		conf="test"
		confs="compile, runtime, test, provided, optional, compile-internal, runtime-internal, test-internal, plugin, sources, docs, pom"
		date="20130825205429"/>
	<dependencies>
		<module organisation="org.specs2" name="specs2_2.10">
			<revision name="1.13" status="release" pubdate="20121220214856" resolver="public" artresolver="public" homepage="http://specs2.org/" downloaded="false" searched="false" default="false" conf="default(compile), default, compile, runtime, master" position="6">
				<license name="MIT-style" url="http://www.opensource.org/licenses/mit-license.php"/>
				<metadata-artifact status="no" details="" size="3576" time="0" location="/home/shanai/play/play-2.1.3-for-functional-store/repository/cache/org.specs2/specs2_2.10/ivy-1.13.xml" searched="false" origin-is-local="false" origin-location="http://repo1.maven.org/maven2/org/specs2/specs2_2.10/1.13/specs2_2.10-1.13.pom"/>
				<caller organisation="play" name="play-iteratees_2.10" conf="test, compile, runtime" rev="1.13" rev-constraint-default="1.13" rev-constraint-dynamic="1.13" callerrev="2.1.3"/>
				<artifacts>
					<artifact name="specs2_2.10" type="jar" ext="jar" status="no" details="" size="6656378" time="0" location="/home/shanai/play/play-2.1.3-for-functional-store/repository/cache/org.specs2/specs2_2.10/jars/specs2_2.10-1.13.jar">
						<origin-location is-local="false" location="http://repo1.maven.org/maven2/org/specs2/specs2_2.10/1.13/specs2_2.10-1.13.jar"/>
					</artifact>
				</artifacts>
			</revision>
		</module>
		<module organisation="org.specs2" name="scalaz-concurrent_2.10">
			<revision name="7.0.0" status="release" pubdate="20121220200510" resolver="public" artresolver="public" homepage="http://specs2.org/" downloaded="false" searched="false" default="false" conf="compile, master(*), runtime, compile(*), runtime(*), master" position="8">
				<license name="MIT-style" url="http://www.opensource.org/licenses/mit-license.php"/>
				<metadata-artifact status="no" details="" size="2810" time="0" location="/home/shanai/play/play-2.1.3-for-functional-store/repository/cache/org.specs2/scalaz-concurrent_2.10/ivy-7.0.0.xml" searched="false" origin-is-local="false" origin-location="http://repo1.maven.org/maven2/org/specs2/scalaz-concurrent_2.10/7.0.0/scalaz-concurrent_2.10-7.0.0.pom"/>
				<caller organisation="org.specs2" name="specs2_2.10" conf="default, compile, runtime, master" rev="7.0.0" rev-constraint-default="7.0.0" rev-constraint-dynamic="7.0.0" callerrev="1.13"/>
				<artifacts>
					<artifact name="scalaz-concurrent_2.10" type="jar" ext="jar" status="no" details="" size="189253" time="0" location="/home/shanai/play/play-2.1.3-for-functional-store/repository/cache/org.specs2/scalaz-concurrent_2.10/jars/scalaz-concurrent_2.10-7.0.0.jar">
						<origin-location is-local="false" location="http://repo1.maven.org/maven2/org/specs2/scalaz-concurrent_2.10/7.0.0/scalaz-concurrent_2.10-7.0.0.jar"/>
					</artifact>
				</artifacts>
			</revision>
		</module>
		<module organisation="org.specs2" name="scalaz-effect_2.10">
			<revision name="7.0.0" status="release" pubdate="20121220200525" resolver="public" artresolver="public" homepage="http://specs2.org/" downloaded="false" searched="false" default="false" conf="compile, master(*), runtime, compile(*), runtime(*), master" position="9">
				<license name="MIT-style" url="http://www.opensource.org/licenses/mit-license.php"/>
				<metadata-artifact status="no" details="" size="2657" time="0" location="/home/shanai/play/play-2.1.3-for-functional-store/repository/cache/org.specs2/scalaz-effect_2.10/ivy-7.0.0.xml" searched="false" origin-is-local="false" origin-location="http://repo1.maven.org/maven2/org/specs2/scalaz-effect_2.10/7.0.0/scalaz-effect_2.10-7.0.0.pom"/>
				<caller organisation="org.specs2" name="scalaz-concurrent_2.10" conf="compile, runtime" rev="7.0.0" rev-constraint-default="7.0.0" rev-constraint-dynamic="7.0.0" callerrev="7.0.0"/>
				<artifacts>
					<artifact name="scalaz-effect_2.10" type="jar" ext="jar" status="no" details="" size="391773" time="0" location="/home/shanai/play/play-2.1.3-for-functional-store/repository/cache/org.specs2/scalaz-effect_2.10/jars/scalaz-effect_2.10-7.0.0.jar">
						<origin-location is-local="false" location="http://repo1.maven.org/maven2/org/specs2/scalaz-effect_2.10/7.0.0/scalaz-effect_2.10-7.0.0.jar"/>
					</artifact>
				</artifacts>
			</revision>
		</module>
		<module organisation="org.specs2" name="scalaz-core_2.10">
			<revision name="7.0.0" status="release" pubdate="20121220200704" resolver="public" artresolver="public" homepage="http://specs2.org/" downloaded="false" searched="false" default="false" conf="compile, master(*), runtime, compile(*), runtime(*), master" position="7">
				<license name="MIT-style" url="http://www.opensource.org/licenses/mit-license.php"/>
				<metadata-artifact status="no" details="" size="2512" time="0" location="/home/shanai/play/play-2.1.3-for-functional-store/repository/cache/org.specs2/scalaz-core_2.10/ivy-7.0.0.xml" searched="false" origin-is-local="false" origin-location="http://repo1.maven.org/maven2/org/specs2/scalaz-core_2.10/7.0.0/scalaz-core_2.10-7.0.0.pom"/>
				<caller organisation="org.specs2" name="scalaz-concurrent_2.10" conf="compile, runtime" rev="7.0.0" rev-constraint-default="7.0.0" rev-constraint-dynamic="7.0.0" callerrev="7.0.0"/>
				<caller organisation="org.specs2" name="specs2_2.10" conf="default, compile, runtime, master" rev="7.0.0" rev-constraint-default="7.0.0" rev-constraint-dynamic="7.0.0" callerrev="1.13"/>
				<caller organisation="org.specs2" name="scalaz-effect_2.10" conf="compile, runtime" rev="7.0.0" rev-constraint-default="7.0.0" rev-constraint-dynamic="7.0.0" callerrev="7.0.0"/>
				<artifacts>
					<artifact name="scalaz-core_2.10" type="jar" ext="jar" status="no" details="" size="8897195" time="0" location="/home/shanai/play/play-2.1.3-for-functional-store/repository/cache/org.specs2/scalaz-core_2.10/jars/scalaz-core_2.10-7.0.0.jar">
						<origin-location is-local="false" location="http://repo1.maven.org/maven2/org/specs2/scalaz-core_2.10/7.0.0/scalaz-core_2.10-7.0.0.jar"/>
					</artifact>
				</artifacts>
			</revision>
		</module>
		<module organisation="com.github.scala-incubator.io" name="scala-io-file_2.10">
			<revision name="0.4.2" status="release" pubdate="20130123162132" resolver="public" artresolver="public" homepage="http://jesseeichar.github.com/scala-io-doc/index.html" downloaded="false" searched="false" default="false" conf="default(compile), default, compile, runtime, master" position="3">
				<license name="Scala License" url="http://www.scala-lang.org/node/146"/>
				<metadata-artifact status="no" details="" size="2953" time="0" location="/home/shanai/play/play-2.1.3-for-functional-store/repository/cache/com.github.scala-incubator.io/scala-io-file_2.10/ivy-0.4.2.xml" searched="false" origin-is-local="false" origin-location="http://repo1.maven.org/maven2/com/github/scala-incubator/io/scala-io-file_2.10/0.4.2/scala-io-file_2.10-0.4.2.pom"/>
				<caller organisation="play" name="play-iteratees_2.10" conf="test, compile, runtime" rev="0.4.2" rev-constraint-default="0.4.2" rev-constraint-dynamic="0.4.2" callerrev="2.1.3"/>
				<artifacts>
					<artifact name="scala-io-file_2.10" type="jar" ext="jar" status="no" details="" size="437576" time="0" location="/home/shanai/play/play-2.1.3-for-functional-store/repository/cache/com.github.scala-incubator.io/scala-io-file_2.10/jars/scala-io-file_2.10-0.4.2.jar">
						<origin-location is-local="false" location="http://repo1.maven.org/maven2/com/github/scala-incubator/io/scala-io-file_2.10/0.4.2/scala-io-file_2.10-0.4.2.jar"/>
					</artifact>
				</artifacts>
			</revision>
		</module>
		<module organisation="com.github.scala-incubator.io" name="scala-io-core_2.10">
			<revision name="0.4.2" status="release" pubdate="20130123162148" resolver="public" artresolver="public" homepage="http://jesseeichar.github.com/scala-io-doc/index.html" downloaded="false" searched="false" default="false" conf="compile, master(*), runtime, compile(*), runtime(*), master" position="4">
				<license name="Scala License" url="http://www.scala-lang.org/node/146"/>
				<metadata-artifact status="no" details="" size="2930" time="0" location="/home/shanai/play/play-2.1.3-for-functional-store/repository/cache/com.github.scala-incubator.io/scala-io-core_2.10/ivy-0.4.2.xml" searched="false" origin-is-local="false" origin-location="http://repo1.maven.org/maven2/com/github/scala-incubator/io/scala-io-core_2.10/0.4.2/scala-io-core_2.10-0.4.2.pom"/>
				<caller organisation="com.github.scala-incubator.io" name="scala-io-file_2.10" conf="default, compile, runtime, master" rev="0.4.2" rev-constraint-default="0.4.2" rev-constraint-dynamic="0.4.2" callerrev="0.4.2"/>
				<artifacts>
					<artifact name="scala-io-core_2.10" type="jar" ext="jar" status="no" details="" size="1295513" time="0" location="/home/shanai/play/play-2.1.3-for-functional-store/repository/cache/com.github.scala-incubator.io/scala-io-core_2.10/jars/scala-io-core_2.10-0.4.2.jar">
						<origin-location is-local="false" location="http://repo1.maven.org/maven2/com/github/scala-incubator/io/scala-io-core_2.10/0.4.2/scala-io-core_2.10-0.4.2.jar"/>
					</artifact>
				</artifacts>
			</revision>
		</module>
		<module organisation="com.jsuereth" name="scala-arm_2.10">
			<revision name="1.3" status="release" pubdate="20130122020254" resolver="public" artresolver="public" homepage="http://jsuereth.com/scala-arm" downloaded="false" searched="false" default="false" conf="compile, master(*), runtime, compile(*), runtime(*), master" position="5">
				<license name="BSD-style" url="http://www.opensource.org/licenses/bsd-license.php"/>
				<metadata-artifact status="no" details="" size="2981" time="0" location="/home/shanai/play/play-2.1.3-for-functional-store/repository/cache/com.jsuereth/scala-arm_2.10/ivy-1.3.xml" searched="false" origin-is-local="false" origin-location="http://repo1.maven.org/maven2/com/jsuereth/scala-arm_2.10/1.3/scala-arm_2.10-1.3.pom"/>
				<caller organisation="com.github.scala-incubator.io" name="scala-io-core_2.10" conf="compile, runtime" rev="1.3" rev-constraint-default="1.3" rev-constraint-dynamic="1.3" callerrev="0.4.2"/>
				<artifacts>
					<artifact name="scala-arm_2.10" type="jar" ext="jar" status="no" details="" size="75459" time="0" location="/home/shanai/play/play-2.1.3-for-functional-store/repository/cache/com.jsuereth/scala-arm_2.10/jars/scala-arm_2.10-1.3.jar">
						<origin-location is-local="false" location="http://repo1.maven.org/maven2/com/jsuereth/scala-arm_2.10/1.3/scala-arm_2.10-1.3.jar"/>
					</artifact>
				</artifacts>
			</revision>
		</module>
		<module organisation="com.typesafe" name="config">
			<revision name="1.0.0" status="release" pubdate="20130506204453" resolver="Typesafe Repository" artresolver="Typesafe Repository" homepage="https://github.com/typesafehub/config" downloaded="false" searched="false" default="false" conf="default(compile), default, compile, runtime, master" position="2">
				<license name="Apache License, Version 2.0" url="http://www.apache.org/licenses/LICENSE-2.0"/>
				<metadata-artifact status="no" details="" size="2725" time="0" location="/home/shanai/play/play-2.1.3-for-functional-store/repository/cache/com.typesafe/config/ivy-1.0.0.xml" searched="false" origin-is-local="false" origin-location="http://repo.typesafe.com/typesafe/releases/com/typesafe/config/1.0.0/config-1.0.0.pom"/>
				<caller organisation="play" name="play-iteratees_2.10" conf="test, compile, runtime" rev="1.0.0" rev-constraint-default="1.0.0" rev-constraint-dynamic="1.0.0" callerrev="2.1.3"/>
				<artifacts>
					<artifact name="config" type="bundle" ext="jar" status="no" details="" size="185676" time="0" location="/home/shanai/play/play-2.1.3-for-functional-store/repository/cache/com.typesafe/config/bundles/config-1.0.0.jar">
						<origin-location is-local="false" location="http://repo.typesafe.com/typesafe/releases/com/typesafe/config/1.0.0/config-1.0.0.jar"/>
					</artifact>
				</artifacts>
			</revision>
		</module>
		<module organisation="org.scala-stm" name="scala-stm_2.10.0">
			<revision name="0.6" status="release" pubdate="20121221015611" resolver="public" artresolver="public" homepage="http://nbronson.github.com/scala-stm/" downloaded="false" searched="false" default="false" conf="default(compile), default, compile, runtime, master" position="0">
				<license name="BSD" url="https://github.com/nbronson/scala-stm/blob/master/LICENSE.txt"/>
				<metadata-artifact status="no" details="" size="2535" time="0" location="/home/shanai/play/play-2.1.3-for-functional-store/repository/cache/org.scala-stm/scala-stm_2.10.0/ivy-0.6.xml" searched="false" origin-is-local="false" origin-location="http://repo1.maven.org/maven2/org/scala-stm/scala-stm_2.10.0/0.6/scala-stm_2.10.0-0.6.pom"/>
				<caller organisation="play" name="play-iteratees_2.10" conf="test, compile, runtime" rev="0.6" rev-constraint-default="0.6" rev-constraint-dynamic="0.6" callerrev="2.1.3"/>
				<artifacts>
					<artifact name="scala-stm_2.10.0" type="jar" ext="jar" status="no" details="" size="609513" time="0" location="/home/shanai/play/play-2.1.3-for-functional-store/repository/cache/org.scala-stm/scala-stm_2.10.0/jars/scala-stm_2.10.0-0.6.jar">
						<origin-location is-local="false" location="http://repo1.maven.org/maven2/org/scala-stm/scala-stm_2.10.0/0.6/scala-stm_2.10.0-0.6.jar"/>
					</artifact>
				</artifacts>
			</revision>
		</module>
		<module organisation="org.scala-lang" name="scala-library">
			<revision name="2.10.0" status="release" pubdate="20121220162916" resolver="public" artresolver="public" homepage="http://www.scala-lang.org/" downloaded="false" searched="false" default="false" conf="compile, master(*), runtime, compile(*), runtime(*), master" position="1">
				<license name="BSD-like" url="http://www.scala-lang.org/downloads/license.html          "/>
				<metadata-artifact status="no" details="" size="2392" time="0" location="/home/shanai/play/play-2.1.3-for-functional-store/repository/cache/org.scala-lang/scala-library/ivy-2.10.0.xml" searched="false" origin-is-local="false" origin-location="http://repo1.maven.org/maven2/org/scala-lang/scala-library/2.10.0/scala-library-2.10.0.pom"/>
				<caller organisation="org.specs2" name="scalaz-concurrent_2.10" conf="compile, runtime" rev="2.10.0" rev-constraint-default="2.10.0" rev-constraint-dynamic="2.10.0" callerrev="7.0.0"/>
				<caller organisation="org.specs2" name="scalaz-core_2.10" conf="compile, runtime" rev="2.10.0" rev-constraint-default="2.10.0" rev-constraint-dynamic="2.10.0" callerrev="7.0.0"/>
				<caller organisation="org.scala-stm" name="scala-stm_2.10.0" conf="default, compile, runtime, master" rev="2.10.0" rev-constraint-default="2.10.0" rev-constraint-dynamic="2.10.0" callerrev="0.6"/>
				<caller organisation="com.jsuereth" name="scala-arm_2.10" conf="compile, runtime" rev="2.10.0" rev-constraint-default="2.10.0" rev-constraint-dynamic="2.10.0" callerrev="1.3"/>
				<caller organisation="org.specs2" name="scalaz-effect_2.10" conf="compile, runtime" rev="2.10.0" rev-constraint-default="2.10.0" rev-constraint-dynamic="2.10.0" callerrev="7.0.0"/>
				<caller organisation="com.github.scala-incubator.io" name="scala-io-core_2.10" conf="compile, runtime" rev="2.10.0" rev-constraint-default="2.10.0" rev-constraint-dynamic="2.10.0" callerrev="0.4.2"/>
				<caller organisation="com.github.scala-incubator.io" name="scala-io-file_2.10" conf="default, compile, runtime, master" rev="2.10.0" rev-constraint-default="2.10.0" rev-constraint-dynamic="2.10.0" callerrev="0.4.2"/>
				<artifacts>
				</artifacts>
			</revision>
		</module>
	</dependencies>
</ivy-report>
