<?xml version="1.0" encoding="UTF-8"?>
<?xml-stylesheet type="text/xsl" href="ivy-report.xsl"?>
<ivy-report version="1.0">
	<info
		organisation="play"
		module="routes-compiler_2.9.2"
		revision="2.1.3"
		conf="test-internal"
		confs="compile, runtime, test, provided, optional, compile-internal, runtime-internal, test-internal, plugin, sources, docs, pom"
		date="20130825191355"/>
	<dependencies>
		<module organisation="org.specs2" name="specs2_2.9.2">
			<revision name="1.12.3" status="release" pubdate="20121114142318" resolver="local" artresolver="local" homepage="http://specs2.org/" downloaded="false" searched="true" default="false" conf="default(compile), default, compile, runtime, master" position="5">
				<license name="MIT-style" url="http://www.opensource.org/licenses/mit-license.php"/>
				<metadata-artifact status="no" details="" size="3438" time="0" location="/home/shanai/play/play-2.1.3-dash/repository/cache/org.specs2/specs2_2.9.2/ivy-1.12.3.xml" searched="true" original-local-location="/home/shanai/play/play-2.1.3-dash/repository/local/org.specs2/specs2_2.9.2/1.12.3/ivys/ivy.xml" origin-is-local="true" origin-location="/home/shanai/play/play-2.1.3-dash/repository/local/org.specs2/specs2_2.9.2/1.12.3/ivys/ivy.xml"/>
				<caller organisation="play" name="routes-compiler_2.9.2" conf="test-internal, test, optional, compile, provided, runtime" rev="1.12.3" rev-constraint-default="1.12.3" rev-constraint-dynamic="1.12.3" callerrev="2.1.3"/>
				<artifacts>
					<artifact name="specs2_2.9.2" type="jar" ext="jar" status="no" details="" size="6578965" time="0" location="/home/shanai/play/play-2.1.3-dash/repository/local/org.specs2/specs2_2.9.2/1.12.3/jars/specs2_2.9.2.jar">
						<origin-location is-local="true" location="/home/shanai/play/play-2.1.3-dash/repository/local/org.specs2/specs2_2.9.2/1.12.3/jars/specs2_2.9.2.jar"/>
					</artifact>
				</artifacts>
			</revision>
		</module>
		<module organisation="org.specs2" name="specs2-scalaz-core_2.9.2">
			<revision name="6.0.1" status="release" pubdate="20120415195808" resolver="local" artresolver="local" homepage="http://specs2.org/" downloaded="false" searched="true" default="false" conf="compile, master(*), runtime, compile(*), runtime(*), master" position="6">
				<license name="MIT-style" url="http://www.opensource.org/licenses/mit-license.php"/>
				<metadata-artifact status="no" details="" size="2534" time="0" location="/home/shanai/play/play-2.1.3-dash/repository/cache/org.specs2/specs2-scalaz-core_2.9.2/ivy-6.0.1.xml" searched="true" original-local-location="/home/shanai/play/play-2.1.3-dash/repository/local/org.specs2/specs2-scalaz-core_2.9.2/6.0.1/ivys/ivy.xml" origin-is-local="true" origin-location="/home/shanai/play/play-2.1.3-dash/repository/local/org.specs2/specs2-scalaz-core_2.9.2/6.0.1/ivys/ivy.xml"/>
				<caller organisation="org.specs2" name="specs2_2.9.2" conf="default, compile, runtime, master" rev="6.0.1" rev-constraint-default="6.0.1" rev-constraint-dynamic="6.0.1" callerrev="1.12.3"/>
				<artifacts>
					<artifact name="specs2-scalaz-core_2.9.2" type="jar" ext="jar" status="no" details="" size="4453446" time="0" location="/home/shanai/play/play-2.1.3-dash/repository/local/org.specs2/specs2-scalaz-core_2.9.2/6.0.1/jars/specs2-scalaz-core_2.9.2.jar">
						<origin-location is-local="true" location="/home/shanai/play/play-2.1.3-dash/repository/local/org.specs2/specs2-scalaz-core_2.9.2/6.0.1/jars/specs2-scalaz-core_2.9.2.jar"/>
					</artifact>
				</artifacts>
			</revision>
		</module>
		<module organisation="com.github.scala-incubator.io" name="scala-io-file_2.9.2">
			<revision name="0.4.1" status="release" pubdate="20120802222754" resolver="local" artresolver="local" homepage="http://jesseeichar.github.com/scala-io-doc/index.html" downloaded="false" searched="false" default="false" conf="default(compile), default, compile, runtime, master" position="0">
				<license name="Scala License" url="http://www.scala-lang.org/node/146"/>
				<metadata-artifact status="no" details="" size="2826" time="0" location="/home/shanai/play/play-2.1.3-dash/repository/cache/com.github.scala-incubator.io/scala-io-file_2.9.2/ivy-0.4.1.xml" searched="false" origin-is-local="true" origin-location="/home/shanai/play/play-2.1.3/repository/local/com.github.scala-incubator.io/scala-io-file_2.9.2/0.4.1/ivys/ivy.xml"/>
				<caller organisation="play" name="routes-compiler_2.9.2" conf="test-internal, test, optional, compile, provided, runtime" rev="0.4.1" rev-constraint-default="0.4.1" rev-constraint-dynamic="0.4.1" callerrev="2.1.3"/>
				<artifacts>
					<artifact name="scala-io-file_2.9.2" type="jar" ext="jar" status="no" details="" size="389888" time="0" location="/home/shanai/play/play-2.1.3/repository/local/com.github.scala-incubator.io/scala-io-file_2.9.2/0.4.1/jars/scala-io-file_2.9.2.jar">
						<origin-location is-local="true" location="/home/shanai/play/play-2.1.3/repository/local/com.github.scala-incubator.io/scala-io-file_2.9.2/0.4.1/jars/scala-io-file_2.9.2.jar"/>
					</artifact>
				</artifacts>
			</revision>
		</module>
		<module organisation="com.github.scala-incubator.io" name="scala-io-core_2.9.2">
			<revision name="0.4.1" status="release" pubdate="20120802222811" resolver="local" artresolver="local" homepage="http://jesseeichar.github.com/scala-io-doc/index.html" downloaded="false" searched="false" default="false" conf="compile, master(*), runtime, compile(*), runtime(*), master" position="1">
				<license name="Scala License" url="http://www.scala-lang.org/node/146"/>
				<metadata-artifact status="no" details="" size="2960" time="0" location="/home/shanai/play/play-2.1.3-dash/repository/cache/com.github.scala-incubator.io/scala-io-core_2.9.2/ivy-0.4.1.xml" searched="false" origin-is-local="true" origin-location="/home/shanai/play/play-2.1.3/repository/local/com.github.scala-incubator.io/scala-io-core_2.9.2/0.4.1/ivys/ivy.xml"/>
				<caller organisation="com.github.scala-incubator.io" name="scala-io-file_2.9.2" conf="default, compile, runtime, master" rev="0.4.1" rev-constraint-default="0.4.1" rev-constraint-dynamic="0.4.1" callerrev="0.4.1"/>
				<artifacts>
					<artifact name="scala-io-core_2.9.2" type="jar" ext="jar" status="no" details="" size="1427458" time="0" location="/home/shanai/play/play-2.1.3/repository/local/com.github.scala-incubator.io/scala-io-core_2.9.2/0.4.1/jars/scala-io-core_2.9.2.jar">
						<origin-location is-local="true" location="/home/shanai/play/play-2.1.3/repository/local/com.github.scala-incubator.io/scala-io-core_2.9.2/0.4.1/jars/scala-io-core_2.9.2.jar"/>
					</artifact>
				</artifacts>
			</revision>
		</module>
		<module organisation="com.typesafe.akka" name="akka-actor">
			<revision name="2.0.1" status="release" pubdate="20130506214223" resolver="local" artresolver="local" homepage="http://akka.io" downloaded="false" searched="false" default="false" conf="compile, master(*), runtime, compile(*), runtime(*), master" position="4">
				<license name="Apache 2" url="http://www.apache.org/licenses/LICENSE-2.0.txt"/>
				<metadata-artifact status="no" details="" size="2487" time="0" location="/home/shanai/play/play-2.1.3-dash/repository/cache/com.typesafe.akka/akka-actor/ivy-2.0.1.xml" searched="false" origin-is-local="true" origin-location="/home/shanai/play/play-2.1.3/repository/local/com.typesafe.akka/akka-actor/2.0.1/ivys/ivy.xml"/>
				<caller organisation="com.github.scala-incubator.io" name="scala-io-core_2.9.2" conf="compile, runtime" rev="2.0.1" rev-constraint-default="2.0.1" rev-constraint-dynamic="2.0.1" callerrev="0.4.1"/>
				<artifacts>
					<artifact name="akka-actor" type="jar" ext="jar" status="no" details="" size="1841418" time="0" location="/home/shanai/play/play-2.1.3/repository/local/com.typesafe.akka/akka-actor/2.0.1/jars/akka-actor.jar">
						<origin-location is-local="true" location="/home/shanai/play/play-2.1.3/repository/local/com.typesafe.akka/akka-actor/2.0.1/jars/akka-actor.jar"/>
					</artifact>
				</artifacts>
			</revision>
		</module>
		<module organisation="com.github.jsuereth.scala-arm" name="scala-arm_2.9.1">
			<revision name="1.1" status="release" pubdate="20111221144753" resolver="local" artresolver="local" homepage="" downloaded="false" searched="false" default="false" conf="compile, master(*), runtime, compile(*), runtime(*), master" position="3">
				<metadata-artifact status="no" details="" size="2737" time="0" location="/home/shanai/play/play-2.1.3-dash/repository/cache/com.github.jsuereth.scala-arm/scala-arm_2.9.1/ivy-1.1.xml" searched="false" origin-is-local="true" origin-location="/home/shanai/play/play-2.1.3/repository/local/com.github.jsuereth.scala-arm/scala-arm_2.9.1/1.1/ivys/ivy.xml"/>
				<caller organisation="com.github.scala-incubator.io" name="scala-io-core_2.9.2" conf="compile, runtime" rev="1.1" rev-constraint-default="1.1" rev-constraint-dynamic="1.1" callerrev="0.4.1"/>
				<artifacts>
					<artifact name="scala-arm_2.9.1" type="jar" ext="jar" status="no" details="" size="68729" time="0" location="/home/shanai/play/play-2.1.3/repository/local/com.github.jsuereth.scala-arm/scala-arm_2.9.1/1.1/jars/scala-arm_2.9.1.jar">
						<origin-location is-local="true" location="/home/shanai/play/play-2.1.3/repository/local/com.github.jsuereth.scala-arm/scala-arm_2.9.1/1.1/jars/scala-arm_2.9.1.jar"/>
					</artifact>
				</artifacts>
			</revision>
		</module>
		<module organisation="org.scala-lang" name="scala-library">
			<revision name="2.9.2" status="release" pubdate="20130722102659" resolver="local" artresolver="local" homepage="http://www.scala-lang.org/" downloaded="false" searched="false" default="false" conf="compile, master(*), runtime, compile(*), runtime(*), master" position="2">
				<license name="BSD-like" url="http://www.scala-lang.org/downloads/license.html          "/>
				<metadata-artifact status="no" details="" size="2380" time="0" location="/home/shanai/play/play-2.1.3-dash/repository/cache/org.scala-lang/scala-library/ivy-2.9.2.xml" searched="false" origin-is-local="true" origin-location="/home/shanai/play/play-2.1.3/repository/local/org.scala-lang/scala-library/2.9.2/ivys/ivy.xml"/>
				<caller organisation="org.specs2" name="specs2-scalaz-core_2.9.2" conf="compile, runtime" rev="2.9.2" rev-constraint-default="2.9.2" rev-constraint-dynamic="2.9.2" callerrev="6.0.1"/>
				<caller organisation="com.github.scala-incubator.io" name="scala-io-core_2.9.2" conf="compile, runtime" rev="2.9.2" rev-constraint-default="2.9.2" rev-constraint-dynamic="2.9.2" callerrev="0.4.1"/>
				<caller organisation="com.typesafe.akka" name="akka-actor" conf="compile, runtime" rev="2.9.2" rev-constraint-default="2.9.2" rev-constraint-dynamic="2.9.1-1" callerrev="2.0.1"/>
				<caller organisation="com.github.scala-incubator.io" name="scala-io-file_2.9.2" conf="default, compile, runtime, master" rev="2.9.2" rev-constraint-default="2.9.2" rev-constraint-dynamic="2.9.2" callerrev="0.4.1"/>
				<caller organisation="com.github.jsuereth.scala-arm" name="scala-arm_2.9.1" conf="compile, runtime" rev="2.9.2" rev-constraint-default="2.9.2" rev-constraint-dynamic="2.9.1" callerrev="1.1"/>
				<artifacts>
				</artifacts>
			</revision>
		</module>
	</dependencies>
</ivy-report>
