<?xml version="1.0" encoding="UTF-8"?>
<?xml-stylesheet type="text/xsl" href="ivy-report.xsl"?>
<ivy-report version="1.0">
	<info
		organisation="default"
		module="default-090c84"
		revision="0.1-SNAPSHOT"
		extra-sbtVersion="0.12"
		extra-scalaVersion="2.9.2"
		conf="test-internal"
		confs="compile, runtime, test, provided, optional, compile-internal, runtime-internal, test-internal, plugin, sources, docs, pom"
		date="20130825191117"/>
	<dependencies>
		<module organisation="org.scala-sbt" name="sbt">
			<revision name="0.12.2" status="release" pubdate="20130116104518" resolver="local" artresolver="local" downloaded="false" searched="false" default="false" conf="default(compile), compile" position="10">
				<metadata-artifact status="no" details="" size="2191" time="0" location="/home/shanai/play/play-2.1.3-dash/repository/cache/org.scala-sbt/sbt/ivy-0.12.2.xml" searched="false" origin-is-local="true" origin-location="/home/shanai/play/play-2.1.3/repository/local/org.scala-sbt/sbt/0.12.2/ivys/ivy.xml"/>
				<caller organisation="default" name="default-090c84" conf="test-internal, test, optional, compile, runtime, provided" rev="0.12.2" rev-constraint-default="0.12.2" rev-constraint-dynamic="0.12.2" callerrev="0.1-SNAPSHOT"/>
				<artifacts>
					<artifact name="sbt" type="jar" ext="jar" status="no" details="" size="18844" time="0" location="/home/shanai/play/play-2.1.3/repository/local/org.scala-sbt/sbt/0.12.2/jars/sbt.jar">
						<origin-location is-local="true" location="/home/shanai/play/play-2.1.3/repository/local/org.scala-sbt/sbt/0.12.2/jars/sbt.jar"/>
					</artifact>
				</artifacts>
			</revision>
		</module>
		<module organisation="org.scala-sbt" name="precompiled-2_10_0">
			<revision name="0.12.2" status="release" pubdate="20130116104417" resolver="local" artresolver="local" downloaded="false" searched="false" default="false" conf="default(compile), compile" position="48">
				<metadata-artifact status="no" details="" size="1864" time="0" location="/home/shanai/play/play-2.1.3-dash/repository/cache/org.scala-sbt/precompiled-2_10_0/ivy-0.12.2.xml" searched="false" origin-is-local="true" origin-location="/home/shanai/play/play-2.1.3/repository/local/org.scala-sbt/precompiled-2_10_0/0.12.2/ivys/ivy.xml"/>
				<caller organisation="org.scala-sbt" name="sbt" conf="compile" rev="0.12.2" rev-constraint-default="0.12.2" rev-constraint-dynamic="0.12.2" callerrev="0.12.2"/>
				<artifacts>
					<artifact name="compiler-interface-bin" type="jar" ext="jar" extra-component="compiler-interface-bin_2.10.0" status="no" details="" size="185807" time="0" location="/home/shanai/play/play-2.1.3/repository/local/org.scala-sbt/precompiled-2_10_0/0.12.2/jars/compiler-interface-bin.jar">
						<origin-location is-local="true" location="/home/shanai/play/play-2.1.3/repository/local/org.scala-sbt/precompiled-2_10_0/0.12.2/jars/compiler-interface-bin.jar"/>
					</artifact>
				</artifacts>
			</revision>
		</module>
		<module organisation="org.scala-sbt" name="precompiled-2_8_2">
			<revision name="0.12.2" status="release" pubdate="20130116104418" resolver="local" artresolver="local" downloaded="false" searched="false" default="false" conf="default(compile), compile" position="47">
				<metadata-artifact status="no" details="" size="1864" time="0" location="/home/shanai/play/play-2.1.3-dash/repository/cache/org.scala-sbt/precompiled-2_8_2/ivy-0.12.2.xml" searched="false" origin-is-local="true" origin-location="/home/shanai/play/play-2.1.3/repository/local/org.scala-sbt/precompiled-2_8_2/0.12.2/ivys/ivy.xml"/>
				<caller organisation="org.scala-sbt" name="sbt" conf="compile" rev="0.12.2" rev-constraint-default="0.12.2" rev-constraint-dynamic="0.12.2" callerrev="0.12.2"/>
				<artifacts>
					<artifact name="compiler-interface-bin" type="jar" ext="jar" extra-component="compiler-interface-bin_2.8.2.final" status="no" details="" size="173918" time="0" location="/home/shanai/play/play-2.1.3/repository/local/org.scala-sbt/precompiled-2_8_2/0.12.2/jars/compiler-interface-bin.jar">
						<origin-location is-local="true" location="/home/shanai/play/play-2.1.3/repository/local/org.scala-sbt/precompiled-2_8_2/0.12.2/jars/compiler-interface-bin.jar"/>
					</artifact>
				</artifacts>
			</revision>
		</module>
		<module organisation="org.scala-sbt" name="compiler-interface">
			<revision name="0.12.2" status="release" pubdate="20130116104423" resolver="local" artresolver="local" downloaded="false" searched="false" default="false" conf="default(compile), compile" position="46">
				<metadata-artifact status="no" details="" size="2238" time="0" location="/home/shanai/play/play-2.1.3-dash/repository/cache/org.scala-sbt/compiler-interface/ivy-0.12.2.xml" searched="false" origin-is-local="true" origin-location="/home/shanai/play/play-2.1.3/repository/local/org.scala-sbt/compiler-interface/0.12.2/ivys/ivy.xml"/>
				<caller organisation="org.scala-sbt" name="sbt" conf="compile" rev="0.12.2" rev-constraint-default="0.12.2" rev-constraint-dynamic="0.12.2" callerrev="0.12.2"/>
				<artifacts>
					<artifact name="compiler-interface-bin" type="jar" ext="jar" extra-component="compiler-interface-bin_2.9.2" status="no" details="" size="179584" time="0" location="/home/shanai/play/play-2.1.3/repository/local/org.scala-sbt/compiler-interface/0.12.2/jars/compiler-interface-bin.jar">
						<origin-location is-local="true" location="/home/shanai/play/play-2.1.3/repository/local/org.scala-sbt/compiler-interface/0.12.2/jars/compiler-interface-bin.jar"/>
					</artifact>
					<artifact name="compiler-interface-src" type="jar" ext="jar" extra-component="compiler-interface-src" status="no" details="" size="21647" time="0" location="/home/shanai/play/play-2.1.3/repository/local/org.scala-sbt/compiler-interface/0.12.2/jars/compiler-interface-src.jar">
						<origin-location is-local="true" location="/home/shanai/play/play-2.1.3/repository/local/org.scala-sbt/compiler-interface/0.12.2/jars/compiler-interface-src.jar"/>
					</artifact>
				</artifacts>
			</revision>
		</module>
		<module organisation="org.scala-sbt" name="main">
			<revision name="0.12.2" status="release" pubdate="20130116104509" resolver="local" artresolver="local" downloaded="false" searched="false" default="false" conf="default(compile), compile" position="11">
				<metadata-artifact status="no" details="" size="2879" time="0" location="/home/shanai/play/play-2.1.3-dash/repository/cache/org.scala-sbt/main/ivy-0.12.2.xml" searched="false" origin-is-local="true" origin-location="/home/shanai/play/play-2.1.3/repository/local/org.scala-sbt/main/0.12.2/ivys/ivy.xml"/>
				<caller organisation="org.scala-sbt" name="sbt" conf="compile" rev="0.12.2" rev-constraint-default="0.12.2" rev-constraint-dynamic="0.12.2" callerrev="0.12.2"/>
				<artifacts>
					<artifact name="main" type="jar" ext="jar" status="no" details="" size="2024129" time="0" location="/home/shanai/play/play-2.1.3/repository/local/org.scala-sbt/main/0.12.2/jars/main.jar">
						<origin-location is-local="true" location="/home/shanai/play/play-2.1.3/repository/local/org.scala-sbt/main/0.12.2/jars/main.jar"/>
					</artifact>
				</artifacts>
			</revision>
		</module>
		<module organisation="org.scala-sbt" name="command">
			<revision name="0.12.2" status="release" pubdate="20130116104423" resolver="local" artresolver="local" downloaded="false" searched="false" default="false" conf="default(compile), compile" position="45">
				<metadata-artifact status="no" details="" size="2544" time="0" location="/home/shanai/play/play-2.1.3-dash/repository/cache/org.scala-sbt/command/ivy-0.12.2.xml" searched="false" origin-is-local="true" origin-location="/home/shanai/play/play-2.1.3/repository/local/org.scala-sbt/command/0.12.2/ivys/ivy.xml"/>
				<caller organisation="org.scala-sbt" name="main" conf="compile" rev="0.12.2" rev-constraint-default="0.12.2" rev-constraint-dynamic="0.12.2" callerrev="0.12.2"/>
				<artifacts>
					<artifact name="command" type="jar" ext="jar" status="no" details="" size="204482" time="0" location="/home/shanai/play/play-2.1.3/repository/local/org.scala-sbt/command/0.12.2/jars/command.jar">
						<origin-location is-local="true" location="/home/shanai/play/play-2.1.3/repository/local/org.scala-sbt/command/0.12.2/jars/command.jar"/>
					</artifact>
				</artifacts>
			</revision>
		</module>
		<module organisation="org.scala-sbt" name="actions">
			<revision name="0.12.2" status="release" pubdate="20130116104506" resolver="local" artresolver="local" downloaded="false" searched="false" default="false" conf="default(compile), compile" position="12">
				<metadata-artifact status="no" details="" size="3417" time="0" location="/home/shanai/play/play-2.1.3-dash/repository/cache/org.scala-sbt/actions/ivy-0.12.2.xml" searched="false" origin-is-local="true" origin-location="/home/shanai/play/play-2.1.3/repository/local/org.scala-sbt/actions/0.12.2/ivys/ivy.xml"/>
				<caller organisation="org.scala-sbt" name="main" conf="compile" rev="0.12.2" rev-constraint-default="0.12.2" rev-constraint-dynamic="0.12.2" callerrev="0.12.2"/>
				<artifacts>
					<artifact name="actions" type="jar" ext="jar" status="no" details="" size="285721" time="0" location="/home/shanai/play/play-2.1.3/repository/local/org.scala-sbt/actions/0.12.2/jars/actions.jar">
						<origin-location is-local="true" location="/home/shanai/play/play-2.1.3/repository/local/org.scala-sbt/actions/0.12.2/jars/actions.jar"/>
					</artifact>
				</artifacts>
			</revision>
		</module>
		<module organisation="org.scala-sbt" name="testing">
			<revision name="0.12.2" status="release" pubdate="20130116104423" resolver="local" artresolver="local" downloaded="false" searched="false" default="false" conf="default(compile), compile" position="42">
				<metadata-artifact status="no" details="" size="2296" time="0" location="/home/shanai/play/play-2.1.3-dash/repository/cache/org.scala-sbt/testing/ivy-0.12.2.xml" searched="false" origin-is-local="true" origin-location="/home/shanai/play/play-2.1.3/repository/local/org.scala-sbt/testing/0.12.2/ivys/ivy.xml"/>
				<caller organisation="org.scala-sbt" name="actions" conf="compile" rev="0.12.2" rev-constraint-default="0.12.2" rev-constraint-dynamic="0.12.2" callerrev="0.12.2"/>
				<artifacts>
					<artifact name="testing" type="jar" ext="jar" status="no" details="" size="85495" time="0" location="/home/shanai/play/play-2.1.3/repository/local/org.scala-sbt/testing/0.12.2/jars/testing.jar">
						<origin-location is-local="true" location="/home/shanai/play/play-2.1.3/repository/local/org.scala-sbt/testing/0.12.2/jars/testing.jar"/>
					</artifact>
				</artifacts>
			</revision>
		</module>
		<module organisation="org.scala-sbt" name="test-agent">
			<revision name="0.12.2" status="release" pubdate="20130116104417" resolver="local" artresolver="local" downloaded="false" searched="false" default="false" conf="default(compile), compile" position="43">
				<metadata-artifact status="no" details="" size="1697" time="0" location="/home/shanai/play/play-2.1.3-dash/repository/cache/org.scala-sbt/test-agent/ivy-0.12.2.xml" searched="false" origin-is-local="true" origin-location="/home/shanai/play/play-2.1.3/repository/local/org.scala-sbt/test-agent/0.12.2/ivys/ivy.xml"/>
				<caller organisation="org.scala-sbt" name="testing" conf="compile" rev="0.12.2" rev-constraint-default="0.12.2" rev-constraint-dynamic="0.12.2" callerrev="0.12.2"/>
				<artifacts>
					<artifact name="test-agent" type="jar" ext="jar" status="no" details="" size="9978" time="0" location="/home/shanai/play/play-2.1.3/repository/local/org.scala-sbt/test-agent/0.12.2/jars/test-agent.jar">
						<origin-location is-local="true" location="/home/shanai/play/play-2.1.3/repository/local/org.scala-sbt/test-agent/0.12.2/jars/test-agent.jar"/>
					</artifact>
				</artifacts>
			</revision>
		</module>
		<module organisation="org.scala-tools.testing" name="test-interface">
			<revision name="0.5" status="release" pubdate="20100328103658" resolver="local" artresolver="local" homepage="" downloaded="false" searched="false" default="false" conf="default(compile), default, compile, runtime, master" position="44">
				<metadata-artifact status="no" details="" size="2199" time="0" location="/home/shanai/play/play-2.1.3-dash/repository/cache/org.scala-tools.testing/test-interface/ivy-0.5.xml" searched="false" origin-is-local="true" origin-location="/home/shanai/play/play-2.1.3/repository/local/org.scala-tools.testing/test-interface/0.5/ivys/ivy.xml"/>
				<caller organisation="org.scala-sbt" name="testing" conf="compile" rev="0.5" rev-constraint-default="0.5" rev-constraint-dynamic="0.5" callerrev="0.12.2"/>
				<caller organisation="org.scala-sbt" name="test-agent" conf="compile" rev="0.5" rev-constraint-default="0.5" rev-constraint-dynamic="0.5" callerrev="0.12.2"/>
				<artifacts>
					<artifact name="test-interface" type="jar" ext="jar" status="no" details="" size="4407" time="0" location="/home/shanai/play/play-2.1.3/repository/local/org.scala-tools.testing/test-interface/0.5/jars/test-interface.jar">
						<origin-location is-local="true" location="/home/shanai/play/play-2.1.3/repository/local/org.scala-tools.testing/test-interface/0.5/jars/test-interface.jar"/>
					</artifact>
				</artifacts>
			</revision>
		</module>
		<module organisation="org.scala-sbt" name="tracking">
			<revision name="0.12.2" status="release" pubdate="20130116104422" resolver="local" artresolver="local" downloaded="false" searched="false" default="false" conf="default(compile), compile" position="40">
				<metadata-artifact status="no" details="" size="1811" time="0" location="/home/shanai/play/play-2.1.3-dash/repository/cache/org.scala-sbt/tracking/ivy-0.12.2.xml" searched="false" origin-is-local="true" origin-location="/home/shanai/play/play-2.1.3/repository/local/org.scala-sbt/tracking/0.12.2/ivys/ivy.xml"/>
				<caller organisation="org.scala-sbt" name="actions" conf="compile" rev="0.12.2" rev-constraint-default="0.12.2" rev-constraint-dynamic="0.12.2" callerrev="0.12.2"/>
				<artifacts>
					<artifact name="tracking" type="jar" ext="jar" status="no" details="" size="43063" time="0" location="/home/shanai/play/play-2.1.3/repository/local/org.scala-sbt/tracking/0.12.2/jars/tracking.jar">
						<origin-location is-local="true" location="/home/shanai/play/play-2.1.3/repository/local/org.scala-sbt/tracking/0.12.2/jars/tracking.jar"/>
					</artifact>
				</artifacts>
			</revision>
		</module>
		<module organisation="org.scala-sbt" name="cache">
			<revision name="0.12.2" status="release" pubdate="20130116104418" resolver="local" artresolver="local" downloaded="false" searched="false" default="false" conf="default(compile), compile" position="41">
				<metadata-artifact status="no" details="" size="1917" time="0" location="/home/shanai/play/play-2.1.3-dash/repository/cache/org.scala-sbt/cache/ivy-0.12.2.xml" searched="false" origin-is-local="true" origin-location="/home/shanai/play/play-2.1.3/repository/local/org.scala-sbt/cache/0.12.2/ivys/ivy.xml"/>
				<caller organisation="org.scala-sbt" name="tracking" conf="compile" rev="0.12.2" rev-constraint-default="0.12.2" rev-constraint-dynamic="0.12.2" callerrev="0.12.2"/>
				<artifacts>
					<artifact name="cache" type="jar" ext="jar" status="no" details="" size="113060" time="0" location="/home/shanai/play/play-2.1.3/repository/local/org.scala-sbt/cache/0.12.2/jars/cache.jar">
						<origin-location is-local="true" location="/home/shanai/play/play-2.1.3/repository/local/org.scala-sbt/cache/0.12.2/jars/cache.jar"/>
					</artifact>
				</artifacts>
			</revision>
		</module>
		<module organisation="org.scala-sbt" name="task-system">
			<revision name="0.12.2" status="release" pubdate="20130116104423" resolver="local" artresolver="local" downloaded="false" searched="false" default="false" conf="default(compile), compile" position="38">
				<metadata-artifact status="no" details="" size="2415" time="0" location="/home/shanai/play/play-2.1.3-dash/repository/cache/org.scala-sbt/task-system/ivy-0.12.2.xml" searched="false" origin-is-local="true" origin-location="/home/shanai/play/play-2.1.3/repository/local/org.scala-sbt/task-system/0.12.2/ivys/ivy.xml"/>
				<caller organisation="org.scala-sbt" name="actions" conf="compile" rev="0.12.2" rev-constraint-default="0.12.2" rev-constraint-dynamic="0.12.2" callerrev="0.12.2"/>
				<artifacts>
					<artifact name="task-system" type="jar" ext="jar" status="no" details="" size="126045" time="0" location="/home/shanai/play/play-2.1.3/repository/local/org.scala-sbt/task-system/0.12.2/jars/task-system.jar">
						<origin-location is-local="true" location="/home/shanai/play/play-2.1.3/repository/local/org.scala-sbt/task-system/0.12.2/jars/task-system.jar"/>
					</artifact>
				</artifacts>
			</revision>
		</module>
		<module organisation="org.scala-sbt" name="tasks">
			<revision name="0.12.2" status="release" pubdate="20130116104418" resolver="local" artresolver="local" downloaded="false" searched="false" default="false" conf="default(compile), compile" position="39">
				<metadata-artifact status="no" details="" size="2027" time="0" location="/home/shanai/play/play-2.1.3-dash/repository/cache/org.scala-sbt/tasks/ivy-0.12.2.xml" searched="false" origin-is-local="true" origin-location="/home/shanai/play/play-2.1.3/repository/local/org.scala-sbt/tasks/0.12.2/ivys/ivy.xml"/>
				<caller organisation="org.scala-sbt" name="task-system" conf="compile" rev="0.12.2" rev-constraint-default="0.12.2" rev-constraint-dynamic="0.12.2" callerrev="0.12.2"/>
				<caller organisation="org.scala-sbt" name="actions" conf="compile" rev="0.12.2" rev-constraint-default="0.12.2" rev-constraint-dynamic="0.12.2" callerrev="0.12.2"/>
				<artifacts>
					<artifact name="tasks" type="jar" ext="jar" status="no" details="" size="121428" time="0" location="/home/shanai/play/play-2.1.3/repository/local/org.scala-sbt/tasks/0.12.2/jars/tasks.jar">
						<origin-location is-local="true" location="/home/shanai/play/play-2.1.3/repository/local/org.scala-sbt/tasks/0.12.2/jars/tasks.jar"/>
					</artifact>
				</artifacts>
			</revision>
		</module>
		<module organisation="org.scala-sbt" name="run">
			<revision name="0.12.2" status="release" pubdate="20130116104423" resolver="local" artresolver="local" downloaded="false" searched="false" default="false" conf="default(compile), compile" position="37">
				<metadata-artifact status="no" details="" size="2035" time="0" location="/home/shanai/play/play-2.1.3-dash/repository/cache/org.scala-sbt/run/ivy-0.12.2.xml" searched="false" origin-is-local="true" origin-location="/home/shanai/play/play-2.1.3/repository/local/org.scala-sbt/run/0.12.2/ivys/ivy.xml"/>
				<caller organisation="org.scala-sbt" name="main" conf="compile" rev="0.12.2" rev-constraint-default="0.12.2" rev-constraint-dynamic="0.12.2" callerrev="0.12.2"/>
				<caller organisation="org.scala-sbt" name="actions" conf="compile" rev="0.12.2" rev-constraint-default="0.12.2" rev-constraint-dynamic="0.12.2" callerrev="0.12.2"/>
				<artifacts>
					<artifact name="run" type="jar" ext="jar" status="no" details="" size="92533" time="0" location="/home/shanai/play/play-2.1.3/repository/local/org.scala-sbt/run/0.12.2/jars/run.jar">
						<origin-location is-local="true" location="/home/shanai/play/play-2.1.3/repository/local/org.scala-sbt/run/0.12.2/jars/run.jar"/>
					</artifact>
				</artifacts>
			</revision>
		</module>
		<module organisation="org.scala-sbt" name="compiler-ivy-integration">
			<revision name="0.12.2" status="release" pubdate="20130116104426" resolver="local" artresolver="local" downloaded="false" searched="false" default="false" conf="default(compile), compile" position="30">
				<metadata-artifact status="no" details="" size="1878" time="0" location="/home/shanai/play/play-2.1.3-dash/repository/cache/org.scala-sbt/compiler-ivy-integration/ivy-0.12.2.xml" searched="false" origin-is-local="true" origin-location="/home/shanai/play/play-2.1.3/repository/local/org.scala-sbt/compiler-ivy-integration/0.12.2/ivys/ivy.xml"/>
				<caller organisation="org.scala-sbt" name="actions" conf="compile" rev="0.12.2" rev-constraint-default="0.12.2" rev-constraint-dynamic="0.12.2" callerrev="0.12.2"/>
				<artifacts>
					<artifact name="compiler-ivy-integration" type="jar" ext="jar" status="no" details="" size="8595" time="0" location="/home/shanai/play/play-2.1.3/repository/local/org.scala-sbt/compiler-ivy-integration/0.12.2/jars/compiler-ivy-integration.jar">
						<origin-location is-local="true" location="/home/shanai/play/play-2.1.3/repository/local/org.scala-sbt/compiler-ivy-integration/0.12.2/jars/compiler-ivy-integration.jar"/>
					</artifact>
				</artifacts>
			</revision>
		</module>
		<module organisation="org.scala-sbt" name="ivy">
			<revision name="0.12.2" status="release" pubdate="20130116104423" resolver="local" artresolver="local" downloaded="false" searched="false" default="false" conf="default(compile), compile" position="31">
				<metadata-artifact status="no" details="" size="2511" time="0" location="/home/shanai/play/play-2.1.3-dash/repository/cache/org.scala-sbt/ivy/ivy-0.12.2.xml" searched="false" origin-is-local="true" origin-location="/home/shanai/play/play-2.1.3/repository/local/org.scala-sbt/ivy/0.12.2/ivys/ivy.xml"/>
				<caller organisation="org.scala-sbt" name="main" conf="compile" rev="0.12.2" rev-constraint-default="0.12.2" rev-constraint-dynamic="0.12.2" callerrev="0.12.2"/>
				<caller organisation="org.scala-sbt" name="compiler-ivy-integration" conf="compile" rev="0.12.2" rev-constraint-default="0.12.2" rev-constraint-dynamic="0.12.2" callerrev="0.12.2"/>
				<caller organisation="org.scala-sbt" name="actions" conf="compile" rev="0.12.2" rev-constraint-default="0.12.2" rev-constraint-dynamic="0.12.2" callerrev="0.12.2"/>
				<artifacts>
					<artifact name="ivy" type="jar" ext="jar" status="no" details="" size="632102" time="0" location="/home/shanai/play/play-2.1.3/repository/local/org.scala-sbt/ivy/0.12.2/jars/ivy.jar">
						<origin-location is-local="true" location="/home/shanai/play/play-2.1.3/repository/local/org.scala-sbt/ivy/0.12.2/jars/ivy.jar"/>
					</artifact>
				</artifacts>
			</revision>
		</module>
		<module organisation="commons-httpclient" name="commons-httpclient">
			<revision name="3.1" status="release" pubdate="20130412165722" resolver="local" artresolver="local" homepage="http://jakarta.apache.org/httpcomponents/httpclient-3.x/" downloaded="false" searched="false" default="false" conf="default(compile), default, compile, runtime, master" position="34">
				<license name="Apache License" url="http://www.apache.org/licenses/LICENSE-2.0"/>
				<metadata-artifact status="no" details="" size="3142" time="0" location="/home/shanai/play/play-2.1.3-dash/repository/cache/commons-httpclient/commons-httpclient/ivy-3.1.xml" searched="false" origin-is-local="true" origin-location="/home/shanai/play/play-2.1.3/repository/local/commons-httpclient/commons-httpclient/3.1/ivys/ivy.xml"/>
				<caller organisation="org.scala-sbt" name="ivy" conf="compile" rev="3.1" rev-constraint-default="3.1" rev-constraint-dynamic="3.1" callerrev="0.12.2"/>
				<artifacts>
					<artifact name="commons-httpclient" type="jar" ext="jar" status="no" details="" size="305001" time="0" location="/home/shanai/play/play-2.1.3/repository/local/commons-httpclient/commons-httpclient/3.1/jars/commons-httpclient.jar">
						<origin-location is-local="true" location="/home/shanai/play/play-2.1.3/repository/local/commons-httpclient/commons-httpclient/3.1/jars/commons-httpclient.jar"/>
					</artifact>
				</artifacts>
			</revision>
		</module>
		<module organisation="commons-codec" name="commons-codec">
			<revision name="1.2" status="release" pubdate="20130412165722" resolver="local" artresolver="local" homepage="" downloaded="false" searched="false" default="false" conf="compile, master(*), runtime, compile(*), runtime(*), master" position="36">
				<metadata-artifact status="no" details="" size="2527" time="0" location="/home/shanai/play/play-2.1.3-dash/repository/cache/commons-codec/commons-codec/ivy-1.2.xml" searched="false" origin-is-local="true" origin-location="/home/shanai/play/play-2.1.3/repository/local/commons-codec/commons-codec/1.2/ivys/ivy.xml"/>
				<caller organisation="commons-httpclient" name="commons-httpclient" conf="default, compile, runtime, master" rev="1.2" rev-constraint-default="1.2" rev-constraint-dynamic="1.2" callerrev="3.1"/>
				<artifacts>
					<artifact name="commons-codec" type="jar" ext="jar" status="no" details="" size="30085" time="0" location="/home/shanai/play/play-2.1.3/repository/local/commons-codec/commons-codec/1.2/jars/commons-codec.jar">
						<origin-location is-local="true" location="/home/shanai/play/play-2.1.3/repository/local/commons-codec/commons-codec/1.2/jars/commons-codec.jar"/>
					</artifact>
				</artifacts>
			</revision>
		</module>
		<module organisation="commons-logging" name="commons-logging">
			<revision name="1.0.4" status="release" pubdate="20130307142950" resolver="local" artresolver="local" homepage="http://jakarta.apache.org/commons/logging/" downloaded="false" searched="false" default="false" conf="compile, master(*), runtime, compile(*), runtime(*), master" position="35">
				<license name="The Apache Software License, Version 2.0" url="/LICENSE.txt"/>
				<metadata-artifact status="no" details="" size="2980" time="0" location="/home/shanai/play/play-2.1.3-dash/repository/cache/commons-logging/commons-logging/ivy-1.0.4.xml" searched="false" origin-is-local="true" origin-location="/home/shanai/play/play-2.1.3/repository/local/commons-logging/commons-logging/1.0.4/ivys/ivy.xml"/>
				<caller organisation="commons-httpclient" name="commons-httpclient" conf="default, compile, runtime, master" rev="1.0.4" rev-constraint-default="1.0.4" rev-constraint-dynamic="1.0.4" callerrev="3.1"/>
				<artifacts>
					<artifact name="commons-logging" type="jar" ext="jar" status="no" details="" size="38015" time="0" location="/home/shanai/play/play-2.1.3/repository/local/commons-logging/commons-logging/1.0.4/jars/commons-logging.jar">
						<origin-location is-local="true" location="/home/shanai/play/play-2.1.3/repository/local/commons-logging/commons-logging/1.0.4/jars/commons-logging.jar"/>
					</artifact>
				</artifacts>
			</revision>
		</module>
		<module organisation="com.jcraft" name="jsch">
			<revision name="0.1.46" status="release" pubdate="20120202233927" resolver="local" artresolver="local" homepage="http://www.jcraft.com/jsch/" downloaded="false" searched="false" default="false" conf="default(compile), default, compile, runtime, master" position="33">
				<license name="Revised BSD" url="http://www.jcraft.com/jsch/LICENSE.txt"/>
				<metadata-artifact status="no" details="" size="3192" time="0" location="/home/shanai/play/play-2.1.3-dash/repository/cache/com.jcraft/jsch/ivy-0.1.46.xml" searched="false" origin-is-local="true" origin-location="/home/shanai/play/play-2.1.3/repository/local/com.jcraft/jsch/0.1.46/ivys/ivy.xml"/>
				<caller organisation="org.scala-sbt" name="ivy" conf="compile" rev="0.1.46" rev-constraint-default="0.1.46" rev-constraint-dynamic="0.1.46" callerrev="0.12.2"/>
				<artifacts>
					<artifact name="jsch" type="jar" ext="jar" status="no" details="" size="225751" time="0" location="/home/shanai/play/play-2.1.3/repository/local/com.jcraft/jsch/0.1.46/jars/jsch.jar">
						<origin-location is-local="true" location="/home/shanai/play/play-2.1.3/repository/local/com.jcraft/jsch/0.1.46/jars/jsch.jar"/>
					</artifact>
				</artifacts>
			</revision>
		</module>
		<module organisation="org.apache.ivy" name="ivy">
			<revision name="2.3.0-rc1" status="release" pubdate="20120501155937" resolver="local" artresolver="local" homepage="http://ant.apache.org/ivy/" downloaded="false" searched="false" default="false" conf="default(compile), default, compile, runtime, master" position="32">
				<metadata-artifact status="no" details="" size="4767" time="0" location="/home/shanai/play/play-2.1.3-dash/repository/cache/org.apache.ivy/ivy/ivy-2.3.0-rc1.xml" searched="false" origin-is-local="true" origin-location="/home/shanai/play/play-2.1.3/repository/local/org.apache.ivy/ivy/2.3.0-rc1/ivys/ivy.xml"/>
				<caller organisation="org.scala-sbt" name="ivy" conf="compile" rev="2.3.0-rc1" rev-constraint-default="2.3.0-rc1" rev-constraint-dynamic="2.3.0-rc1" callerrev="0.12.2"/>
				<artifacts>
					<artifact name="ivy" type="jar" ext="jar" status="no" details="" size="1214376" time="0" location="/home/shanai/play/play-2.1.3/repository/local/org.apache.ivy/ivy/2.3.0-rc1/jars/ivy.jar">
						<origin-location is-local="true" location="/home/shanai/play/play-2.1.3/repository/local/org.apache.ivy/ivy/2.3.0-rc1/jars/ivy.jar"/>
					</artifact>
				</artifacts>
			</revision>
		</module>
		<module organisation="org.scala-sbt" name="compiler-integration">
			<revision name="0.12.2" status="release" pubdate="20130116104506" resolver="local" artresolver="local" downloaded="false" searched="false" default="false" conf="default(compile), compile" position="22">
				<metadata-artifact status="no" details="" size="2237" time="0" location="/home/shanai/play/play-2.1.3-dash/repository/cache/org.scala-sbt/compiler-integration/ivy-0.12.2.xml" searched="false" origin-is-local="true" origin-location="/home/shanai/play/play-2.1.3/repository/local/org.scala-sbt/compiler-integration/0.12.2/ivys/ivy.xml"/>
				<caller organisation="org.scala-sbt" name="actions" conf="compile" rev="0.12.2" rev-constraint-default="0.12.2" rev-constraint-dynamic="0.12.2" callerrev="0.12.2"/>
				<artifacts>
					<artifact name="compiler-integration" type="jar" ext="jar" status="no" details="" size="48359" time="0" location="/home/shanai/play/play-2.1.3/repository/local/org.scala-sbt/compiler-integration/0.12.2/jars/compiler-integration.jar">
						<origin-location is-local="true" location="/home/shanai/play/play-2.1.3/repository/local/org.scala-sbt/compiler-integration/0.12.2/jars/compiler-integration.jar"/>
					</artifact>
				</artifacts>
			</revision>
		</module>
		<module organisation="org.scala-sbt" name="classfile">
			<revision name="0.12.2" status="release" pubdate="20130116104423" resolver="local" artresolver="local" downloaded="false" searched="false" default="false" conf="default(compile), compile" position="29">
				<metadata-artifact status="no" details="" size="2176" time="0" location="/home/shanai/play/play-2.1.3-dash/repository/cache/org.scala-sbt/classfile/ivy-0.12.2.xml" searched="false" origin-is-local="true" origin-location="/home/shanai/play/play-2.1.3/repository/local/org.scala-sbt/classfile/0.12.2/ivys/ivy.xml"/>
				<caller organisation="org.scala-sbt" name="compiler-integration" conf="compile" rev="0.12.2" rev-constraint-default="0.12.2" rev-constraint-dynamic="0.12.2" callerrev="0.12.2"/>
				<artifacts>
					<artifact name="classfile" type="jar" ext="jar" status="no" details="" size="78520" time="0" location="/home/shanai/play/play-2.1.3/repository/local/org.scala-sbt/classfile/0.12.2/jars/classfile.jar">
						<origin-location is-local="true" location="/home/shanai/play/play-2.1.3/repository/local/org.scala-sbt/classfile/0.12.2/jars/classfile.jar"/>
					</artifact>
				</artifacts>
			</revision>
		</module>
		<module organisation="org.scala-sbt" name="persist">
			<revision name="0.12.2" status="release" pubdate="20130116104424" resolver="local" artresolver="local" downloaded="false" searched="false" default="false" conf="default(compile), compile" position="27">
				<metadata-artifact status="no" details="" size="1935" time="0" location="/home/shanai/play/play-2.1.3-dash/repository/cache/org.scala-sbt/persist/ivy-0.12.2.xml" searched="false" origin-is-local="true" origin-location="/home/shanai/play/play-2.1.3/repository/local/org.scala-sbt/persist/0.12.2/ivys/ivy.xml"/>
				<caller organisation="org.scala-sbt" name="compiler-integration" conf="compile" rev="0.12.2" rev-constraint-default="0.12.2" rev-constraint-dynamic="0.12.2" callerrev="0.12.2"/>
				<artifacts>
					<artifact name="persist" type="jar" ext="jar" status="no" details="" size="127062" time="0" location="/home/shanai/play/play-2.1.3/repository/local/org.scala-sbt/persist/0.12.2/jars/persist.jar">
						<origin-location is-local="true" location="/home/shanai/play/play-2.1.3/repository/local/org.scala-sbt/persist/0.12.2/jars/persist.jar"/>
					</artifact>
				</artifacts>
			</revision>
		</module>
		<module organisation="org.scala-tools.sbinary" name="sbinary_2.9.0">
			<revision name="0.4.0" status="release" pubdate="20110518100638" resolver="local" artresolver="local" homepage="" downloaded="false" searched="false" default="false" conf="default(compile), default, compile, runtime, master" position="28">
				<metadata-artifact status="no" details="" size="2359" time="0" location="/home/shanai/play/play-2.1.3-dash/repository/cache/org.scala-tools.sbinary/sbinary_2.9.0/ivy-0.4.0.xml" searched="false" origin-is-local="true" origin-location="/home/shanai/play/play-2.1.3/repository/local/org.scala-tools.sbinary/sbinary_2.9.0/0.4.0/ivys/ivy.xml"/>
				<caller organisation="org.scala-sbt" name="cache" conf="compile" rev="0.4.0" rev-constraint-default="0.4.0" rev-constraint-dynamic="0.4.0" callerrev="0.12.2"/>
				<caller organisation="org.scala-sbt" name="persist" conf="compile" rev="0.4.0" rev-constraint-default="0.4.0" rev-constraint-dynamic="0.4.0" callerrev="0.12.2"/>
				<artifacts>
					<artifact name="sbinary_2.9.0" type="jar" ext="jar" status="no" details="" size="148882" time="0" location="/home/shanai/play/play-2.1.3/repository/local/org.scala-tools.sbinary/sbinary_2.9.0/0.4.0/jars/sbinary_2.9.0.jar">
						<origin-location is-local="true" location="/home/shanai/play/play-2.1.3/repository/local/org.scala-tools.sbinary/sbinary_2.9.0/0.4.0/jars/sbinary_2.9.0.jar"/>
					</artifact>
				</artifacts>
			</revision>
		</module>
		<module organisation="org.scala-sbt" name="compile">
			<revision name="0.12.2" status="release" pubdate="20130116104423" resolver="local" artresolver="local" downloaded="false" searched="false" default="false" conf="default(compile), compile" position="26">
				<metadata-artifact status="no" details="" size="2857" time="0" location="/home/shanai/play/play-2.1.3-dash/repository/cache/org.scala-sbt/compile/ivy-0.12.2.xml" searched="false" origin-is-local="true" origin-location="/home/shanai/play/play-2.1.3/repository/local/org.scala-sbt/compile/0.12.2/ivys/ivy.xml"/>
				<caller organisation="org.scala-sbt" name="compiler-ivy-integration" conf="compile" rev="0.12.2" rev-constraint-default="0.12.2" rev-constraint-dynamic="0.12.2" callerrev="0.12.2"/>
				<caller organisation="org.scala-sbt" name="compiler-integration" conf="compile" rev="0.12.2" rev-constraint-default="0.12.2" rev-constraint-dynamic="0.12.2" callerrev="0.12.2"/>
				<artifacts>
					<artifact name="compile" type="jar" ext="jar" status="no" details="" size="132811" time="0" location="/home/shanai/play/play-2.1.3/repository/local/org.scala-sbt/compile/0.12.2/jars/compile.jar">
						<origin-location is-local="true" location="/home/shanai/play/play-2.1.3/repository/local/org.scala-sbt/compile/0.12.2/jars/compile.jar"/>
					</artifact>
				</artifacts>
			</revision>
		</module>
		<module organisation="org.scala-sbt" name="incremental-compiler">
			<revision name="0.12.2" status="release" pubdate="20130116104423" resolver="local" artresolver="local" downloaded="false" searched="false" default="false" conf="default(compile), compile" position="23">
				<metadata-artifact status="no" details="" size="2440" time="0" location="/home/shanai/play/play-2.1.3-dash/repository/cache/org.scala-sbt/incremental-compiler/ivy-0.12.2.xml" searched="false" origin-is-local="true" origin-location="/home/shanai/play/play-2.1.3/repository/local/org.scala-sbt/incremental-compiler/0.12.2/ivys/ivy.xml"/>
				<caller organisation="org.scala-sbt" name="persist" conf="compile" rev="0.12.2" rev-constraint-default="0.12.2" rev-constraint-dynamic="0.12.2" callerrev="0.12.2"/>
				<caller organisation="org.scala-sbt" name="compiler-integration" conf="compile" rev="0.12.2" rev-constraint-default="0.12.2" rev-constraint-dynamic="0.12.2" callerrev="0.12.2"/>
				<artifacts>
					<artifact name="incremental-compiler" type="jar" ext="jar" status="no" details="" size="182236" time="0" location="/home/shanai/play/play-2.1.3/repository/local/org.scala-sbt/incremental-compiler/0.12.2/jars/incremental-compiler.jar">
						<origin-location is-local="true" location="/home/shanai/play/play-2.1.3/repository/local/org.scala-sbt/incremental-compiler/0.12.2/jars/incremental-compiler.jar"/>
					</artifact>
				</artifacts>
			</revision>
		</module>
		<module organisation="org.scala-sbt" name="logging">
			<revision name="0.12.2" status="release" pubdate="20130116104418" resolver="local" artresolver="local" downloaded="false" searched="false" default="false" conf="default(compile), compile" position="24">
				<metadata-artifact status="no" details="" size="2157" time="0" location="/home/shanai/play/play-2.1.3-dash/repository/cache/org.scala-sbt/logging/ivy-0.12.2.xml" searched="false" origin-is-local="true" origin-location="/home/shanai/play/play-2.1.3/repository/local/org.scala-sbt/logging/0.12.2/ivys/ivy.xml"/>
				<caller organisation="org.scala-sbt" name="command" conf="compile" rev="0.12.2" rev-constraint-default="0.12.2" rev-constraint-dynamic="0.12.2" callerrev="0.12.2"/>
				<caller organisation="org.scala-sbt" name="main" conf="compile" rev="0.12.2" rev-constraint-default="0.12.2" rev-constraint-dynamic="0.12.2" callerrev="0.12.2"/>
				<caller organisation="org.scala-sbt" name="testing" conf="compile" rev="0.12.2" rev-constraint-default="0.12.2" rev-constraint-dynamic="0.12.2" callerrev="0.12.2"/>
				<caller organisation="org.scala-sbt" name="task-system" conf="compile" rev="0.12.2" rev-constraint-default="0.12.2" rev-constraint-dynamic="0.12.2" callerrev="0.12.2"/>
				<caller organisation="org.scala-sbt" name="run" conf="compile" rev="0.12.2" rev-constraint-default="0.12.2" rev-constraint-dynamic="0.12.2" callerrev="0.12.2"/>
				<caller organisation="org.scala-sbt" name="ivy" conf="compile" rev="0.12.2" rev-constraint-default="0.12.2" rev-constraint-dynamic="0.12.2" callerrev="0.12.2"/>
				<caller organisation="org.scala-sbt" name="classfile" conf="compile" rev="0.12.2" rev-constraint-default="0.12.2" rev-constraint-dynamic="0.12.2" callerrev="0.12.2"/>
				<caller organisation="org.scala-sbt" name="compile" conf="compile" rev="0.12.2" rev-constraint-default="0.12.2" rev-constraint-dynamic="0.12.2" callerrev="0.12.2"/>
				<caller organisation="org.scala-sbt" name="actions" conf="compile" rev="0.12.2" rev-constraint-default="0.12.2" rev-constraint-dynamic="0.12.2" callerrev="0.12.2"/>
				<caller organisation="org.scala-sbt" name="incremental-compiler" conf="compile" rev="0.12.2" rev-constraint-default="0.12.2" rev-constraint-dynamic="0.12.2" callerrev="0.12.2"/>
				<artifacts>
					<artifact name="logging" type="jar" ext="jar" status="no" details="" size="102572" time="0" location="/home/shanai/play/play-2.1.3/repository/local/org.scala-sbt/logging/0.12.2/jars/logging.jar">
						<origin-location is-local="true" location="/home/shanai/play/play-2.1.3/repository/local/org.scala-sbt/logging/0.12.2/jars/logging.jar"/>
					</artifact>
				</artifacts>
			</revision>
		</module>
		<module organisation="org.scala-sbt" name="process">
			<revision name="0.12.2" status="release" pubdate="20130116104418" resolver="local" artresolver="local" downloaded="false" searched="false" default="false" conf="default(compile), compile" position="25">
				<metadata-artifact status="no" details="" size="1674" time="0" location="/home/shanai/play/play-2.1.3-dash/repository/cache/org.scala-sbt/process/ivy-0.12.2.xml" searched="false" origin-is-local="true" origin-location="/home/shanai/play/play-2.1.3/repository/local/org.scala-sbt/process/0.12.2/ivys/ivy.xml"/>
				<caller organisation="org.scala-sbt" name="main" conf="compile" rev="0.12.2" rev-constraint-default="0.12.2" rev-constraint-dynamic="0.12.2" callerrev="0.12.2"/>
				<caller organisation="org.scala-sbt" name="task-system" conf="compile" rev="0.12.2" rev-constraint-default="0.12.2" rev-constraint-dynamic="0.12.2" callerrev="0.12.2"/>
				<caller organisation="org.scala-sbt" name="run" conf="compile" rev="0.12.2" rev-constraint-default="0.12.2" rev-constraint-dynamic="0.12.2" callerrev="0.12.2"/>
				<caller organisation="org.scala-sbt" name="logging" conf="compile" rev="0.12.2" rev-constraint-default="0.12.2" rev-constraint-dynamic="0.12.2" callerrev="0.12.2"/>
				<caller organisation="org.scala-sbt" name="actions" conf="compile" rev="0.12.2" rev-constraint-default="0.12.2" rev-constraint-dynamic="0.12.2" callerrev="0.12.2"/>
				<artifacts>
					<artifact name="process" type="jar" ext="jar" status="no" details="" size="117500" time="0" location="/home/shanai/play/play-2.1.3/repository/local/org.scala-sbt/process/0.12.2/jars/process.jar">
						<origin-location is-local="true" location="/home/shanai/play/play-2.1.3/repository/local/org.scala-sbt/process/0.12.2/jars/process.jar"/>
					</artifact>
				</artifacts>
			</revision>
		</module>
		<module organisation="org.scala-sbt" name="api">
			<revision name="0.12.2" status="release" pubdate="20130116104417" resolver="local" artresolver="local" downloaded="false" searched="false" default="false" conf="default(compile), compile" position="21">
				<metadata-artifact status="no" details="" size="1917" time="0" location="/home/shanai/play/play-2.1.3-dash/repository/cache/org.scala-sbt/api/ivy-0.12.2.xml" searched="false" origin-is-local="true" origin-location="/home/shanai/play/play-2.1.3/repository/local/org.scala-sbt/api/0.12.2/ivys/ivy.xml"/>
				<caller organisation="org.scala-sbt" name="persist" conf="compile" rev="0.12.2" rev-constraint-default="0.12.2" rev-constraint-dynamic="0.12.2" callerrev="0.12.2"/>
				<caller organisation="org.scala-sbt" name="actions" conf="compile" rev="0.12.2" rev-constraint-default="0.12.2" rev-constraint-dynamic="0.12.2" callerrev="0.12.2"/>
				<caller organisation="org.scala-sbt" name="compiler-integration" conf="compile" rev="0.12.2" rev-constraint-default="0.12.2" rev-constraint-dynamic="0.12.2" callerrev="0.12.2"/>
				<caller organisation="org.scala-sbt" name="incremental-compiler" conf="compile" rev="0.12.2" rev-constraint-default="0.12.2" rev-constraint-dynamic="0.12.2" callerrev="0.12.2"/>
				<artifacts>
					<artifact name="api" type="jar" ext="jar" status="no" details="" size="345584" time="0" location="/home/shanai/play/play-2.1.3/repository/local/org.scala-sbt/api/0.12.2/jars/api.jar">
						<origin-location is-local="true" location="/home/shanai/play/play-2.1.3/repository/local/org.scala-sbt/api/0.12.2/jars/api.jar"/>
					</artifact>
				</artifacts>
			</revision>
		</module>
		<module organisation="org.scala-sbt" name="completion">
			<revision name="0.12.2" status="release" pubdate="20130116104418" resolver="local" artresolver="local" downloaded="false" searched="false" default="false" conf="default(compile), compile" position="18">
				<metadata-artifact status="no" details="" size="2265" time="0" location="/home/shanai/play/play-2.1.3-dash/repository/cache/org.scala-sbt/completion/ivy-0.12.2.xml" searched="false" origin-is-local="true" origin-location="/home/shanai/play/play-2.1.3/repository/local/org.scala-sbt/completion/0.12.2/ivys/ivy.xml"/>
				<caller organisation="org.scala-sbt" name="command" conf="compile" rev="0.12.2" rev-constraint-default="0.12.2" rev-constraint-dynamic="0.12.2" callerrev="0.12.2"/>
				<caller organisation="org.scala-sbt" name="actions" conf="compile" rev="0.12.2" rev-constraint-default="0.12.2" rev-constraint-dynamic="0.12.2" callerrev="0.12.2"/>
				<artifacts>
					<artifact name="completion" type="jar" ext="jar" status="no" details="" size="350348" time="0" location="/home/shanai/play/play-2.1.3/repository/local/org.scala-sbt/completion/0.12.2/jars/completion.jar">
						<origin-location is-local="true" location="/home/shanai/play/play-2.1.3/repository/local/org.scala-sbt/completion/0.12.2/jars/completion.jar"/>
					</artifact>
				</artifacts>
			</revision>
		</module>
		<module organisation="jline" name="jline">
			<revision name="1.0" status="release" pubdate="20130725091428" resolver="local" artresolver="local" homepage="http://jline.sourceforge.net" downloaded="false" searched="false" default="false" conf="default(compile), default, compile, runtime, master" position="20">
				<license name="BSD" url="LICENSE.txt"/>
				<metadata-artifact status="no" details="" size="3455" time="0" location="/home/shanai/play/play-2.1.3-dash/repository/cache/jline/jline/ivy-1.0.xml" searched="false" origin-is-local="true" origin-location="/home/shanai/play/play-2.1.3/repository/local/jline/jline/1.0/ivys/ivy.xml"/>
				<caller organisation="org.scala-sbt" name="precompiled-2_10_0" conf="compile" rev="1.0" rev-constraint-default="1.0" rev-constraint-dynamic="1.0" callerrev="0.12.2"/>
				<caller organisation="org.scala-sbt" name="completion" conf="compile" rev="1.0" rev-constraint-default="1.0" rev-constraint-dynamic="1.0" callerrev="0.12.2"/>
				<caller organisation="org.scala-sbt" name="compiler-interface" conf="compile" rev="1.0" rev-constraint-default="1.0" rev-constraint-dynamic="1.0" callerrev="0.12.2"/>
				<caller organisation="org.scala-sbt" name="precompiled-2_8_2" conf="compile" rev="1.0" rev-constraint-default="1.0" rev-constraint-dynamic="1.0" callerrev="0.12.2"/>
				<artifacts>
					<artifact name="jline" type="jar" ext="jar" status="no" details="" size="91225" time="0" location="/home/shanai/play/play-2.1.3/repository/local/jline/jline/1.0/jars/jline.jar">
						<origin-location is-local="true" location="/home/shanai/play/play-2.1.3/repository/local/jline/jline/1.0/jars/jline.jar"/>
					</artifact>
				</artifacts>
			</revision>
		</module>
		<module organisation="org.scala-sbt" name="collections">
			<revision name="0.12.2" status="release" pubdate="20130116104417" resolver="local" artresolver="local" downloaded="false" searched="false" default="false" conf="default(compile), compile" position="19">
				<metadata-artifact status="no" details="" size="1807" time="0" location="/home/shanai/play/play-2.1.3-dash/repository/cache/org.scala-sbt/collections/ivy-0.12.2.xml" searched="false" origin-is-local="true" origin-location="/home/shanai/play/play-2.1.3/repository/local/org.scala-sbt/collections/0.12.2/ivys/ivy.xml"/>
				<caller organisation="org.scala-sbt" name="cache" conf="compile" rev="0.12.2" rev-constraint-default="0.12.2" rev-constraint-dynamic="0.12.2" callerrev="0.12.2"/>
				<caller organisation="org.scala-sbt" name="task-system" conf="compile" rev="0.12.2" rev-constraint-default="0.12.2" rev-constraint-dynamic="0.12.2" callerrev="0.12.2"/>
				<caller organisation="org.scala-sbt" name="completion" conf="compile" rev="0.12.2" rev-constraint-default="0.12.2" rev-constraint-dynamic="0.12.2" callerrev="0.12.2"/>
				<caller organisation="org.scala-sbt" name="tasks" conf="compile" rev="0.12.2" rev-constraint-default="0.12.2" rev-constraint-dynamic="0.12.2" callerrev="0.12.2"/>
				<caller organisation="org.scala-sbt" name="incremental-compiler" conf="compile" rev="0.12.2" rev-constraint-default="0.12.2" rev-constraint-dynamic="0.12.2" callerrev="0.12.2"/>
				<artifacts>
					<artifact name="collections" type="jar" ext="jar" status="no" details="" size="299311" time="0" location="/home/shanai/play/play-2.1.3/repository/local/org.scala-sbt/collections/0.12.2/jars/collections.jar">
						<origin-location is-local="true" location="/home/shanai/play/play-2.1.3/repository/local/org.scala-sbt/collections/0.12.2/jars/collections.jar"/>
					</artifact>
				</artifacts>
			</revision>
		</module>
		<module organisation="org.scala-sbt" name="classpath">
			<revision name="0.12.2" status="release" pubdate="20130116104418" resolver="local" artresolver="local" downloaded="false" searched="false" default="false" conf="default(compile), compile" position="13">
				<metadata-artifact status="no" details="" size="2074" time="0" location="/home/shanai/play/play-2.1.3-dash/repository/cache/org.scala-sbt/classpath/ivy-0.12.2.xml" searched="false" origin-is-local="true" origin-location="/home/shanai/play/play-2.1.3/repository/local/org.scala-sbt/classpath/0.12.2/ivys/ivy.xml"/>
				<caller organisation="org.scala-sbt" name="command" conf="compile" rev="0.12.2" rev-constraint-default="0.12.2" rev-constraint-dynamic="0.12.2" callerrev="0.12.2"/>
				<caller organisation="org.scala-sbt" name="testing" conf="compile" rev="0.12.2" rev-constraint-default="0.12.2" rev-constraint-dynamic="0.12.2" callerrev="0.12.2"/>
				<caller organisation="org.scala-sbt" name="run" conf="compile" rev="0.12.2" rev-constraint-default="0.12.2" rev-constraint-dynamic="0.12.2" callerrev="0.12.2"/>
				<caller organisation="org.scala-sbt" name="compile" conf="compile" rev="0.12.2" rev-constraint-default="0.12.2" rev-constraint-dynamic="0.12.2" callerrev="0.12.2"/>
				<caller organisation="org.scala-sbt" name="actions" conf="compile" rev="0.12.2" rev-constraint-default="0.12.2" rev-constraint-dynamic="0.12.2" callerrev="0.12.2"/>
				<caller organisation="org.scala-sbt" name="incremental-compiler" conf="compile" rev="0.12.2" rev-constraint-default="0.12.2" rev-constraint-dynamic="0.12.2" callerrev="0.12.2"/>
				<artifacts>
					<artifact name="classpath" type="jar" ext="jar" status="no" details="" size="84160" time="0" location="/home/shanai/play/play-2.1.3/repository/local/org.scala-sbt/classpath/0.12.2/jars/classpath.jar">
						<origin-location is-local="true" location="/home/shanai/play/play-2.1.3/repository/local/org.scala-sbt/classpath/0.12.2/jars/classpath.jar"/>
					</artifact>
				</artifacts>
			</revision>
		</module>
		<module organisation="org.scala-sbt" name="io">
			<revision name="0.12.2" status="release" pubdate="20130116104417" resolver="local" artresolver="local" downloaded="false" searched="false" default="false" conf="default(compile), compile" position="16">
				<metadata-artifact status="no" details="" size="1992" time="0" location="/home/shanai/play/play-2.1.3-dash/repository/cache/org.scala-sbt/io/ivy-0.12.2.xml" searched="false" origin-is-local="true" origin-location="/home/shanai/play/play-2.1.3/repository/local/org.scala-sbt/io/0.12.2/ivys/ivy.xml"/>
				<caller organisation="org.scala-sbt" name="command" conf="compile" rev="0.12.2" rev-constraint-default="0.12.2" rev-constraint-dynamic="0.12.2" callerrev="0.12.2"/>
				<caller organisation="org.scala-sbt" name="main" conf="compile" rev="0.12.2" rev-constraint-default="0.12.2" rev-constraint-dynamic="0.12.2" callerrev="0.12.2"/>
				<caller organisation="org.scala-sbt" name="cache" conf="compile" rev="0.12.2" rev-constraint-default="0.12.2" rev-constraint-dynamic="0.12.2" callerrev="0.12.2"/>
				<caller organisation="org.scala-sbt" name="task-system" conf="compile" rev="0.12.2" rev-constraint-default="0.12.2" rev-constraint-dynamic="0.12.2" callerrev="0.12.2"/>
				<caller organisation="org.scala-sbt" name="ivy" conf="compile" rev="0.12.2" rev-constraint-default="0.12.2" rev-constraint-dynamic="0.12.2" callerrev="0.12.2"/>
				<caller organisation="org.scala-sbt" name="classpath" conf="compile" rev="0.12.2" rev-constraint-default="0.12.2" rev-constraint-dynamic="0.12.2" callerrev="0.12.2"/>
				<caller organisation="org.scala-sbt" name="testing" conf="compile" rev="0.12.2" rev-constraint-default="0.12.2" rev-constraint-dynamic="0.12.2" callerrev="0.12.2"/>
				<caller organisation="org.scala-sbt" name="run" conf="compile" rev="0.12.2" rev-constraint-default="0.12.2" rev-constraint-dynamic="0.12.2" callerrev="0.12.2"/>
				<caller organisation="org.scala-sbt" name="completion" conf="compile" rev="0.12.2" rev-constraint-default="0.12.2" rev-constraint-dynamic="0.12.2" callerrev="0.12.2"/>
				<caller organisation="org.scala-sbt" name="actions" conf="compile" rev="0.12.2" rev-constraint-default="0.12.2" rev-constraint-dynamic="0.12.2" callerrev="0.12.2"/>
				<caller organisation="org.scala-sbt" name="compile" conf="compile" rev="0.12.2" rev-constraint-default="0.12.2" rev-constraint-dynamic="0.12.2" callerrev="0.12.2"/>
				<caller organisation="org.scala-sbt" name="classfile" conf="compile" rev="0.12.2" rev-constraint-default="0.12.2" rev-constraint-dynamic="0.12.2" callerrev="0.12.2"/>
				<caller organisation="org.scala-sbt" name="incremental-compiler" conf="compile" rev="0.12.2" rev-constraint-default="0.12.2" rev-constraint-dynamic="0.12.2" callerrev="0.12.2"/>
				<caller organisation="org.scala-sbt" name="tracking" conf="compile" rev="0.12.2" rev-constraint-default="0.12.2" rev-constraint-dynamic="0.12.2" callerrev="0.12.2"/>
				<artifacts>
					<artifact name="io" type="jar" ext="jar" status="no" details="" size="265444" time="0" location="/home/shanai/play/play-2.1.3/repository/local/org.scala-sbt/io/0.12.2/jars/io.jar">
						<origin-location is-local="true" location="/home/shanai/play/play-2.1.3/repository/local/org.scala-sbt/io/0.12.2/jars/io.jar"/>
					</artifact>
				</artifacts>
			</revision>
		</module>
		<module organisation="org.scala-sbt" name="control">
			<revision name="0.12.2" status="release" pubdate="20130116104417" resolver="local" artresolver="local" downloaded="false" searched="false" default="false" conf="default(compile), compile" position="17">
				<metadata-artifact status="no" details="" size="1574" time="0" location="/home/shanai/play/play-2.1.3-dash/repository/cache/org.scala-sbt/control/ivy-0.12.2.xml" searched="false" origin-is-local="true" origin-location="/home/shanai/play/play-2.1.3/repository/local/org.scala-sbt/control/0.12.2/ivys/ivy.xml"/>
				<caller organisation="org.scala-sbt" name="completion" conf="compile" rev="0.12.2" rev-constraint-default="0.12.2" rev-constraint-dynamic="0.12.2" callerrev="0.12.2"/>
				<caller organisation="org.scala-sbt" name="tasks" conf="compile" rev="0.12.2" rev-constraint-default="0.12.2" rev-constraint-dynamic="0.12.2" callerrev="0.12.2"/>
				<caller organisation="org.scala-sbt" name="io" conf="compile" rev="0.12.2" rev-constraint-default="0.12.2" rev-constraint-dynamic="0.12.2" callerrev="0.12.2"/>
				<artifacts>
					<artifact name="control" type="jar" ext="jar" status="no" details="" size="13246" time="0" location="/home/shanai/play/play-2.1.3/repository/local/org.scala-sbt/control/0.12.2/jars/control.jar">
						<origin-location is-local="true" location="/home/shanai/play/play-2.1.3/repository/local/org.scala-sbt/control/0.12.2/jars/control.jar"/>
					</artifact>
				</artifacts>
			</revision>
		</module>
		<module organisation="org.scala-sbt" name="interface">
			<revision name="0.12.2" status="release" pubdate="20130116104417" resolver="local" artresolver="local" extra-component="xsbti" downloaded="false" searched="false" default="false" conf="default(compile), compile" position="15">
				<metadata-artifact status="no" details="" size="1602" time="0" location="/home/shanai/play/play-2.1.3-dash/repository/cache/org.scala-sbt/interface/ivy-0.12.2.xml" searched="false" origin-is-local="true" origin-location="/home/shanai/play/play-2.1.3/repository/local/org.scala-sbt/interface/0.12.2/ivys/ivy.xml"/>
				<caller organisation="org.scala-sbt" name="command" conf="compile" rev="0.12.2" rev-constraint-default="0.12.2" rev-constraint-dynamic="0.12.2" callerrev="0.12.2" extra-component="xsbti"/>
				<caller organisation="org.scala-sbt" name="main" conf="compile" rev="0.12.2" rev-constraint-default="0.12.2" rev-constraint-dynamic="0.12.2" callerrev="0.12.2" extra-component="xsbti"/>
				<caller organisation="org.scala-sbt" name="api" conf="compile" rev="0.12.2" rev-constraint-default="0.12.2" rev-constraint-dynamic="0.12.2" callerrev="0.12.2" extra-component="xsbti"/>
				<caller organisation="org.scala-sbt" name="precompiled-2_10_0" conf="compile" rev="0.12.2" rev-constraint-default="0.12.2" rev-constraint-dynamic="0.12.2" callerrev="0.12.2" extra-component="xsbti"/>
				<caller organisation="org.scala-sbt" name="logging" conf="compile" rev="0.12.2" rev-constraint-default="0.12.2" rev-constraint-dynamic="0.12.2" callerrev="0.12.2" extra-component="xsbti"/>
				<caller organisation="org.scala-sbt" name="compiler-interface" conf="compile" rev="0.12.2" rev-constraint-default="0.12.2" rev-constraint-dynamic="0.12.2" callerrev="0.12.2" extra-component="xsbti"/>
				<caller organisation="org.scala-sbt" name="ivy" conf="compile" rev="0.12.2" rev-constraint-default="0.12.2" rev-constraint-dynamic="0.12.2" callerrev="0.12.2" extra-component="xsbti"/>
				<caller organisation="org.scala-sbt" name="classfile" conf="compile" rev="0.12.2" rev-constraint-default="0.12.2" rev-constraint-dynamic="0.12.2" callerrev="0.12.2" extra-component="xsbti"/>
				<caller organisation="org.scala-sbt" name="compile" conf="compile" rev="0.12.2" rev-constraint-default="0.12.2" rev-constraint-dynamic="0.12.2" callerrev="0.12.2" extra-component="xsbti"/>
				<caller organisation="org.scala-sbt" name="actions" conf="compile" rev="0.12.2" rev-constraint-default="0.12.2" rev-constraint-dynamic="0.12.2" callerrev="0.12.2" extra-component="xsbti"/>
				<caller organisation="org.scala-sbt" name="precompiled-2_8_2" conf="compile" rev="0.12.2" rev-constraint-default="0.12.2" rev-constraint-dynamic="0.12.2" callerrev="0.12.2" extra-component="xsbti"/>
				<caller organisation="org.scala-sbt" name="classpath" conf="compile" rev="0.12.2" rev-constraint-default="0.12.2" rev-constraint-dynamic="0.12.2" callerrev="0.12.2" extra-component="xsbti"/>
				<artifacts>
					<artifact name="interface" type="jar" ext="jar" status="no" details="" size="42494" time="0" location="/home/shanai/play/play-2.1.3/repository/local/org.scala-sbt/interface/0.12.2/jars/interface.jar">
						<origin-location is-local="true" location="/home/shanai/play/play-2.1.3/repository/local/org.scala-sbt/interface/0.12.2/jars/interface.jar"/>
					</artifact>
				</artifacts>
			</revision>
		</module>
		<module organisation="org.scala-sbt" name="launcher-interface">
			<revision name="0.12.2" status="release" pubdate="20130116104417" resolver="local" artresolver="local" downloaded="false" searched="false" default="false" conf="default(compile), compile" position="14">
				<metadata-artifact status="no" details="" size="1618" time="0" location="/home/shanai/play/play-2.1.3-dash/repository/cache/org.scala-sbt/launcher-interface/ivy-0.12.2.xml" searched="false" origin-is-local="true" origin-location="/home/shanai/play/play-2.1.3/repository/local/org.scala-sbt/launcher-interface/0.12.2/ivys/ivy.xml"/>
				<caller organisation="org.scala-sbt" name="command" conf="compile" rev="0.12.2" rev-constraint-default="0.12.2" rev-constraint-dynamic="0.12.2" callerrev="0.12.2"/>
				<caller organisation="org.scala-sbt" name="main" conf="compile" rev="0.12.2" rev-constraint-default="0.12.2" rev-constraint-dynamic="0.12.2" callerrev="0.12.2"/>
				<caller organisation="org.scala-sbt" name="testing" conf="compile" rev="0.12.2" rev-constraint-default="0.12.2" rev-constraint-dynamic="0.12.2" callerrev="0.12.2"/>
				<caller organisation="org.scala-sbt" name="ivy" conf="compile" rev="0.12.2" rev-constraint-default="0.12.2" rev-constraint-dynamic="0.12.2" callerrev="0.12.2"/>
				<caller organisation="org.scala-sbt" name="compile" conf="compile" rev="0.12.2" rev-constraint-default="0.12.2" rev-constraint-dynamic="0.12.2" callerrev="0.12.2"/>
				<caller organisation="org.scala-sbt" name="classpath" conf="compile" rev="0.12.2" rev-constraint-default="0.12.2" rev-constraint-dynamic="0.12.2" callerrev="0.12.2"/>
				<artifacts>
					<artifact name="launcher-interface" type="jar" ext="jar" status="no" details="" size="8345" time="0" location="/home/shanai/play/play-2.1.3/repository/local/org.scala-sbt/launcher-interface/0.12.2/jars/launcher-interface.jar">
						<origin-location is-local="true" location="/home/shanai/play/play-2.1.3/repository/local/org.scala-sbt/launcher-interface/0.12.2/jars/launcher-interface.jar"/>
					</artifact>
				</artifacts>
			</revision>
		</module>
		<module organisation="com.github.mpeltonen" name="sbt-idea">
			<revision name="1.1.0" status="release" pubdate="20120804211309" resolver="public" artresolver="public" homepage="http://your.project.url" extra-sbtVersion="0.12" extra-scalaVersion="2.9.2" downloaded="true" searched="true" default="false" conf="default(compile), default, compile, runtime, master" position="8">
				<license name="BSD-style" url="http://www.opensource.org/licenses/BSD-3-Clause"/>
				<metadata-artifact status="successful" details="" size="1972" time="446" location="/home/shanai/play/play-2.1.3-dash/repository/cache/scala_2.9.2/sbt_0.12/com.github.mpeltonen/sbt-idea/ivy-1.1.0.xml" searched="true" original-local-location="/home/shanai/play/play-2.1.3-dash/repository/cache/scala_2.9.2/sbt_0.12/com.github.mpeltonen/sbt-idea/ivy-1.1.0.xml.original" origin-is-local="false" origin-location="http://repo1.maven.org/maven2/com/github/mpeltonen/sbt-idea_2.9.2_0.12/1.1.0/sbt-idea-1.1.0.pom"/>
				<caller organisation="default" name="default-090c84" conf="test-internal, test, optional, compile, provided, runtime" rev="1.1.0" rev-constraint-default="1.1.0" rev-constraint-dynamic="1.1.0" callerrev="0.1-SNAPSHOT" extra-sbtVersion="0.12" extra-scalaVersion="2.9.2"/>
				<artifacts>
					<artifact name="sbt-idea" type="jar" ext="jar" status="successful" details="" size="282353" time="1226" location="/home/shanai/play/play-2.1.3-dash/repository/cache/scala_2.9.2/sbt_0.12/com.github.mpeltonen/sbt-idea/jars/sbt-idea-1.1.0.jar">
						<origin-location is-local="false" location="http://repo1.maven.org/maven2/com/github/mpeltonen/sbt-idea_2.9.2_0.12/1.1.0/sbt-idea-1.1.0.jar"/>
					</artifact>
				</artifacts>
			</revision>
		</module>
		<module organisation="commons-io" name="commons-io">
			<revision name="2.0.1" status="release" pubdate="20101227041931" resolver="local" artresolver="local" homepage="http://commons.apache.org/io/" downloaded="false" searched="false" default="false" conf="compile, master(*), runtime, compile(*), runtime(*), master" position="9">
				<metadata-artifact status="no" details="" size="6228" time="0" location="/home/shanai/play/play-2.1.3-dash/repository/cache/commons-io/commons-io/ivy-2.0.1.xml" searched="false" origin-is-local="true" origin-location="/home/shanai/play/play-2.1.3/repository/local/commons-io/commons-io/2.0.1/ivys/ivy.xml"/>
				<caller organisation="com.github.mpeltonen" name="sbt-idea" conf="default, compile, runtime, master" rev="2.0.1" rev-constraint-default="2.0.1" rev-constraint-dynamic="2.0.1" callerrev="1.1.0"/>
				<artifacts>
					<artifact name="commons-io" type="jar" ext="jar" status="no" details="" size="159509" time="0" location="/home/shanai/play/play-2.1.3/repository/local/commons-io/commons-io/2.0.1/jars/commons-io.jar">
						<origin-location is-local="true" location="/home/shanai/play/play-2.1.3/repository/local/commons-io/commons-io/2.0.1/jars/commons-io.jar"/>
					</artifact>
				</artifacts>
			</revision>
		</module>
		<module organisation="com.typesafe.sbtscalariform" name="sbtscalariform">
			<revision name="0.5.1" status="release" pubdate="20120719102330" resolver="typesafe-ivy-releases" artresolver="typesafe-ivy-releases" extra-sbtVersion="0.12" extra-scalaVersion="2.9.2" downloaded="true" searched="true" default="false" conf="default(compile), compile" position="6">
				<metadata-artifact status="successful" details="" size="1938" time="786" location="/home/shanai/play/play-2.1.3-dash/repository/cache/scala_2.9.2/sbt_0.12/com.typesafe.sbtscalariform/sbtscalariform/ivy-0.5.1.xml" searched="true" original-local-location="/home/shanai/play/play-2.1.3-dash/repository/cache/scala_2.9.2/sbt_0.12/com.typesafe.sbtscalariform/sbtscalariform/ivy-0.5.1.xml.original" origin-is-local="false" origin-location="http://repo.typesafe.com/typesafe/ivy-releases/com.typesafe.sbtscalariform/sbtscalariform/scala_2.9.2/sbt_0.12/0.5.1/ivys/ivy.xml"/>
				<caller organisation="default" name="default-090c84" conf="test-internal, test, optional, compile, provided, runtime" rev="0.5.1" rev-constraint-default="0.5.1" rev-constraint-dynamic="0.5.1" callerrev="0.1-SNAPSHOT" extra-sbtVersion="0.12" extra-scalaVersion="2.9.2"/>
				<artifacts>
					<artifact name="sbtscalariform" type="jar" ext="jar" status="successful" details="" size="27561" time="1132" location="/home/shanai/play/play-2.1.3-dash/repository/cache/scala_2.9.2/sbt_0.12/com.typesafe.sbtscalariform/sbtscalariform/jars/sbtscalariform-0.5.1.jar">
						<origin-location is-local="false" location="http://repo.typesafe.com/typesafe/ivy-releases/com.typesafe.sbtscalariform/sbtscalariform/scala_2.9.2/sbt_0.12/0.5.1/jars/sbtscalariform.jar"/>
					</artifact>
				</artifacts>
			</revision>
		</module>
		<module organisation="org.scalariform" name="scalariform_2.9.2">
			<revision name="0.1.2" status="release" pubdate="20120508024333" resolver="public" artresolver="public" homepage="http://github.com/mdr/scalariform" downloaded="true" searched="true" default="false" conf="default(compile), default, compile, runtime, master" position="7">
				<license name="MIT License" url="http://www.opensource.org/licenses/mit-license.php"/>
				<metadata-artifact status="successful" details="" size="1695" time="446" location="/home/shanai/play/play-2.1.3-dash/repository/cache/org.scalariform/scalariform_2.9.2/ivy-0.1.2.xml" searched="true" original-local-location="/home/shanai/play/play-2.1.3-dash/repository/cache/org.scalariform/scalariform_2.9.2/ivy-0.1.2.xml.original" origin-is-local="false" origin-location="http://repo1.maven.org/maven2/org/scalariform/scalariform_2.9.2/0.1.2/scalariform_2.9.2-0.1.2.pom"/>
				<caller organisation="com.typesafe.sbtscalariform" name="sbtscalariform" conf="compile" rev="0.1.2" rev-constraint-default="0.1.2" rev-constraint-dynamic="0.1.2" callerrev="0.5.1"/>
				<artifacts>
					<artifact name="scalariform_2.9.2" type="jar" ext="jar" status="successful" details="" size="1800977" time="1180" location="/home/shanai/play/play-2.1.3-dash/repository/cache/org.scalariform/scalariform_2.9.2/jars/scalariform_2.9.2-0.1.2.jar">
						<origin-location is-local="false" location="http://repo1.maven.org/maven2/org/scalariform/scalariform_2.9.2/0.1.2/scalariform_2.9.2-0.1.2.jar"/>
					</artifact>
				</artifacts>
			</revision>
		</module>
		<module organisation="com.typesafe" name="sbt-mima-plugin">
			<revision name="0.1.4" status="release" pubdate="20121130182831" resolver="sbt-plugin-releases" artresolver="sbt-plugin-releases" homepage="http://github.com/typesafehub/migration-manager" extra-sbtVersion="0.12" extra-scalaVersion="2.9.2" downloaded="true" searched="true" default="false" conf="default(compile), compile" position="0">
				<license name="Apache License v2.0" url="http://www.apache.org/licenses/LICENSE-2.0"/>
				<metadata-artifact status="successful" details="" size="2071" time="775" location="/home/shanai/play/play-2.1.3-dash/repository/cache/scala_2.9.2/sbt_0.12/com.typesafe/sbt-mima-plugin/ivy-0.1.4.xml" searched="true" original-local-location="/home/shanai/play/play-2.1.3-dash/repository/cache/scala_2.9.2/sbt_0.12/com.typesafe/sbt-mima-plugin/ivy-0.1.4.xml.original" origin-is-local="false" origin-location="http://scalasbt.artifactoryonline.com/scalasbt/sbt-plugin-releases/com.typesafe/sbt-mima-plugin/scala_2.9.2/sbt_0.12/0.1.4/ivys/ivy.xml"/>
				<caller organisation="default" name="default-090c84" conf="test-internal, test, optional, compile, provided, runtime" rev="0.1.4" rev-constraint-default="0.1.4" rev-constraint-dynamic="0.1.4" callerrev="0.1-SNAPSHOT" extra-sbtVersion="0.12" extra-scalaVersion="2.9.2"/>
				<artifacts>
					<artifact name="sbt-mima-plugin" type="jar" ext="jar" status="successful" details="" size="42217" time="1266" location="/home/shanai/play/play-2.1.3-dash/repository/cache/scala_2.9.2/sbt_0.12/com.typesafe/sbt-mima-plugin/jars/sbt-mima-plugin-0.1.4.jar">
						<origin-location is-local="false" location="http://scalasbt.artifactoryonline.com/scalasbt/sbt-plugin-releases/com.typesafe/sbt-mima-plugin/scala_2.9.2/sbt_0.12/0.1.4/jars/sbt-mima-plugin.jar"/>
					</artifact>
				</artifacts>
			</revision>
		</module>
		<module organisation="com.typesafe" name="mima-reporter_2.9.2">
			<revision name="0.1.4" status="release" pubdate="20121201042914" resolver="local" artresolver="local" homepage="http://github.com/typesafehub/migration-manager" downloaded="false" searched="true" default="false" conf="default(compile), default, compile, runtime, master" position="1">
				<license name="Apache License v2.0" url="http://www.apache.org/licenses/LICENSE-2.0"/>
				<metadata-artifact status="no" details="" size="2830" time="0" location="/home/shanai/play/play-2.1.3-dash/repository/cache/com.typesafe/mima-reporter_2.9.2/ivy-0.1.4.xml" searched="true" original-local-location="/home/shanai/play/play-2.1.3-dash/repository/local/com.typesafe/mima-reporter_2.9.2/0.1.4/ivys/ivy.xml" origin-is-local="true" origin-location="/home/shanai/play/play-2.1.3-dash/repository/local/com.typesafe/mima-reporter_2.9.2/0.1.4/ivys/ivy.xml"/>
				<caller organisation="com.typesafe" name="sbt-mima-plugin" conf="compile" rev="0.1.4" rev-constraint-default="0.1.4" rev-constraint-dynamic="0.1.4" callerrev="0.1.4"/>
				<artifacts>
					<artifact name="mima-reporter_2.9.2" type="jar" ext="jar" status="no" details="" size="160367" time="0" location="/home/shanai/play/play-2.1.3-dash/repository/local/com.typesafe/mima-reporter_2.9.2/0.1.4/jars/mima-reporter_2.9.2.jar">
						<origin-location is-local="true" location="/home/shanai/play/play-2.1.3-dash/repository/local/com.typesafe/mima-reporter_2.9.2/0.1.4/jars/mima-reporter_2.9.2.jar"/>
					</artifact>
				</artifacts>
			</revision>
		</module>
		<module organisation="org.scala-lang" name="scala-swing">
			<revision name="2.9.2" status="release" pubdate="20120413223408" resolver="local" artresolver="local" homepage="http://www.scala-lang.org/" downloaded="false" searched="true" default="false" conf="compile, master(*), runtime, compile(*), runtime(*), master" position="5">
				<license name="BSD-like" url="http://www.scala-lang.org/downloads/license.html          "/>
				<metadata-artifact status="no" details="" size="2524" time="0" location="/home/shanai/play/play-2.1.3-dash/repository/cache/org.scala-lang/scala-swing/ivy-2.9.2.xml" searched="true" original-local-location="/home/shanai/play/play-2.1.3-dash/repository/local/org.scala-lang/scala-swing/2.9.2/ivys/ivy.xml" origin-is-local="true" origin-location="/home/shanai/play/play-2.1.3-dash/repository/local/org.scala-lang/scala-swing/2.9.2/ivys/ivy.xml"/>
				<caller organisation="com.typesafe" name="mima-reporter_2.9.2" conf="default, compile, runtime, master" rev="2.9.2" rev-constraint-default="2.9.2" rev-constraint-dynamic="2.9.2" callerrev="0.1.4"/>
				<artifacts>
					<artifact name="scala-swing" type="jar" ext="jar" status="no" details="" size="903451" time="0" location="/home/shanai/play/play-2.1.3-dash/repository/local/org.scala-lang/scala-swing/2.9.2/jars/scala-swing.jar">
						<origin-location is-local="true" location="/home/shanai/play/play-2.1.3-dash/repository/local/org.scala-lang/scala-swing/2.9.2/jars/scala-swing.jar"/>
					</artifact>
				</artifacts>
			</revision>
		</module>
		<module organisation="com.typesafe" name="mima-core_2.9.2">
			<revision name="0.1.4" status="release" pubdate="20121201042856" resolver="local" artresolver="local" homepage="http://github.com/typesafehub/migration-manager" downloaded="false" searched="true" default="false" conf="compile, master(*), runtime, compile(*), runtime(*), master" position="2">
				<license name="Apache License v2.0" url="http://www.apache.org/licenses/LICENSE-2.0"/>
				<metadata-artifact status="no" details="" size="2791" time="0" location="/home/shanai/play/play-2.1.3-dash/repository/cache/com.typesafe/mima-core_2.9.2/ivy-0.1.4.xml" searched="true" original-local-location="/home/shanai/play/play-2.1.3-dash/repository/local/com.typesafe/mima-core_2.9.2/0.1.4/ivys/ivy.xml" origin-is-local="true" origin-location="/home/shanai/play/play-2.1.3-dash/repository/local/com.typesafe/mima-core_2.9.2/0.1.4/ivys/ivy.xml"/>
				<caller organisation="com.typesafe" name="mima-reporter_2.9.2" conf="default, compile, runtime, master" rev="0.1.4" rev-constraint-default="0.1.4" rev-constraint-dynamic="0.1.4" callerrev="0.1.4"/>
				<artifacts>
					<artifact name="mima-core_2.9.2" type="jar" ext="jar" status="no" details="" size="253526" time="0" location="/home/shanai/play/play-2.1.3-dash/repository/local/com.typesafe/mima-core_2.9.2/0.1.4/jars/mima-core_2.9.2.jar">
						<origin-location is-local="true" location="/home/shanai/play/play-2.1.3-dash/repository/local/com.typesafe/mima-core_2.9.2/0.1.4/jars/mima-core_2.9.2.jar"/>
					</artifact>
				</artifacts>
			</revision>
		</module>
		<module organisation="org.scala-lang" name="scala-compiler">
			<revision name="2.9.2" status="release" pubdate="20130722102701" resolver="local" artresolver="local" homepage="http://www.scala-lang.org/" downloaded="false" searched="false" default="false" conf="default(compile), default, compile, master(*), runtime, compile(*), runtime(*), master" position="4">
				<license name="BSD-like" url="http://www.scala-lang.org/downloads/license.html    "/>
				<metadata-artifact status="no" details="" size="2654" time="0" location="/home/shanai/play/play-2.1.3-dash/repository/cache/org.scala-lang/scala-compiler/ivy-2.9.2.xml" searched="false" origin-is-local="true" origin-location="/home/shanai/play/play-2.1.3/repository/local/org.scala-lang/scala-compiler/2.9.2/ivys/ivy.xml"/>
				<caller organisation="org.scala-sbt" name="classpath" conf="compile" rev="2.9.2" rev-constraint-default="2.9.2" rev-constraint-dynamic="2.9.2" callerrev="0.12.2"/>
				<caller organisation="com.typesafe" name="mima-core_2.9.2" conf="compile, runtime" rev="2.9.2" rev-constraint-default="2.9.2" rev-constraint-dynamic="2.9.2" callerrev="0.1.4"/>
				<artifacts>
				</artifacts>
			</revision>
		</module>
		<module organisation="org.scala-lang" name="scala-library">
			<revision name="2.9.2" status="release" pubdate="20130722102659" resolver="local" artresolver="local" homepage="http://www.scala-lang.org/" downloaded="false" searched="false" default="false" conf="default(compile), default, compile, master(*), runtime, compile(*), runtime(*), master" position="3">
				<license name="BSD-like" url="http://www.scala-lang.org/downloads/license.html          "/>
				<metadata-artifact status="no" details="" size="2380" time="0" location="/home/shanai/play/play-2.1.3-dash/repository/cache/org.scala-lang/scala-library/ivy-2.9.2.xml" searched="false" origin-is-local="true" origin-location="/home/shanai/play/play-2.1.3/repository/local/org.scala-lang/scala-library/2.9.2/ivys/ivy.xml"/>
				<caller organisation="org.scala-sbt" name="command" conf="compile" rev="2.9.2" rev-constraint-default="2.9.2" rev-constraint-dynamic="2.9.2" callerrev="0.12.2"/>
				<caller organisation="org.scala-sbt" name="main" conf="compile" rev="2.9.2" rev-constraint-default="2.9.2" rev-constraint-dynamic="2.9.2" callerrev="0.12.2"/>
				<caller organisation="org.scala-sbt" name="cache" conf="compile" rev="2.9.2" rev-constraint-default="2.9.2" rev-constraint-dynamic="2.9.2" callerrev="0.12.2"/>
				<caller organisation="org.scala-sbt" name="api" conf="compile" rev="2.9.2" rev-constraint-default="2.9.2" rev-constraint-dynamic="2.9.2" callerrev="0.12.2"/>
				<caller organisation="com.typesafe" name="mima-reporter_2.9.2" conf="default, compile, runtime, master" rev="2.9.2" rev-constraint-default="2.9.2" rev-constraint-dynamic="2.9.2" callerrev="0.1.4"/>
				<caller organisation="org.scala-sbt" name="compiler-ivy-integration" conf="compile" rev="2.9.2" rev-constraint-default="2.9.2" rev-constraint-dynamic="2.9.2" callerrev="0.12.2"/>
				<caller organisation="org.scala-sbt" name="tasks" conf="compile" rev="2.9.2" rev-constraint-default="2.9.2" rev-constraint-dynamic="2.9.2" callerrev="0.12.2"/>
				<caller organisation="org.scala-lang" name="scala-swing" conf="compile, runtime" rev="2.9.2" rev-constraint-default="2.9.2" rev-constraint-dynamic="2.9.2" callerrev="2.9.2"/>
				<caller organisation="org.scala-sbt" name="ivy" conf="compile" rev="2.9.2" rev-constraint-default="2.9.2" rev-constraint-dynamic="2.9.2" callerrev="0.12.2"/>
				<caller organisation="org.scala-sbt" name="compiler-integration" conf="compile" rev="2.9.2" rev-constraint-default="2.9.2" rev-constraint-dynamic="2.9.2" callerrev="0.12.2"/>
				<caller organisation="org.scala-sbt" name="precompiled-2_8_2" conf="compile" rev="2.9.2" rev-constraint-default="2.9.2" rev-constraint-dynamic="2.8.2" callerrev="0.12.2"/>
				<caller organisation="org.scala-sbt" name="process" conf="compile" rev="2.9.2" rev-constraint-default="2.9.2" rev-constraint-dynamic="2.9.2" callerrev="0.12.2"/>
				<caller organisation="org.scala-sbt" name="control" conf="compile" rev="2.9.2" rev-constraint-default="2.9.2" rev-constraint-dynamic="2.9.2" callerrev="0.12.2"/>
				<caller organisation="org.scala-sbt" name="testing" conf="compile" rev="2.9.2" rev-constraint-default="2.9.2" rev-constraint-dynamic="2.9.2" callerrev="0.12.2"/>
				<caller organisation="org.scala-sbt" name="run" conf="compile" rev="2.9.2" rev-constraint-default="2.9.2" rev-constraint-dynamic="2.9.2" callerrev="0.12.2"/>
				<caller organisation="org.scala-sbt" name="completion" conf="compile" rev="2.9.2" rev-constraint-default="2.9.2" rev-constraint-dynamic="2.9.2" callerrev="0.12.2"/>
				<caller organisation="org.scala-sbt" name="collections" conf="compile" rev="2.9.2" rev-constraint-default="2.9.2" rev-constraint-dynamic="2.9.2" callerrev="0.12.2"/>
				<caller organisation="org.scala-sbt" name="actions" conf="compile" rev="2.9.2" rev-constraint-default="2.9.2" rev-constraint-dynamic="2.9.2" callerrev="0.12.2"/>
				<caller organisation="org.scala-sbt" name="classfile" conf="compile" rev="2.9.2" rev-constraint-default="2.9.2" rev-constraint-dynamic="2.9.2" callerrev="0.12.2"/>
				<caller organisation="org.scala-sbt" name="task-system" conf="compile" rev="2.9.2" rev-constraint-default="2.9.2" rev-constraint-dynamic="2.9.2" callerrev="0.12.2"/>
				<caller organisation="org.scalariform" name="scalariform_2.9.2" conf="default, compile, runtime, master" rev="2.9.2" rev-constraint-default="2.9.2" rev-constraint-dynamic="2.9.2" callerrev="0.1.2"/>
				<caller organisation="org.scala-sbt" name="logging" conf="compile" rev="2.9.2" rev-constraint-default="2.9.2" rev-constraint-dynamic="2.9.2" callerrev="0.12.2"/>
				<caller organisation="org.scala-sbt" name="persist" conf="compile" rev="2.9.2" rev-constraint-default="2.9.2" rev-constraint-dynamic="2.9.2" callerrev="0.12.2"/>
				<caller organisation="org.scala-sbt" name="interface" conf="compile" rev="2.9.2" rev-constraint-default="2.9.2" rev-constraint-dynamic="2.9.2" callerrev="0.12.2"/>
				<caller organisation="org.scala-lang" name="scala-compiler" conf="compile, runtime" rev="2.9.2" rev-constraint-default="2.9.2" rev-constraint-dynamic="2.9.2" callerrev="2.9.2"/>
				<caller organisation="org.scala-sbt" name="test-agent" conf="compile" rev="2.9.2" rev-constraint-default="2.9.2" rev-constraint-dynamic="2.9.2" callerrev="0.12.2"/>
				<caller organisation="org.scala-sbt" name="classpath" conf="compile" rev="2.9.2" rev-constraint-default="2.9.2" rev-constraint-dynamic="2.9.2" callerrev="0.12.2"/>
				<caller organisation="com.typesafe" name="mima-core_2.9.2" conf="compile, runtime" rev="2.9.2" rev-constraint-default="2.9.2" rev-constraint-dynamic="2.9.2" callerrev="0.1.4"/>
				<caller organisation="default" name="default-090c84" conf="test-internal, test, optional, compile, runtime, provided" rev="2.9.2" rev-constraint-default="2.9.2" rev-constraint-dynamic="2.9.2" callerrev="0.1-SNAPSHOT"/>
				<caller organisation="org.scala-sbt" name="sbt" conf="compile" rev="2.9.2" rev-constraint-default="2.9.2" rev-constraint-dynamic="2.9.2" callerrev="0.12.2"/>
				<caller organisation="org.scala-sbt" name="precompiled-2_10_0" conf="compile" rev="2.9.2" rev-constraint-default="2.9.2" rev-constraint-dynamic="2.10.0" callerrev="0.12.2"/>
				<caller organisation="org.scala-sbt" name="compiler-interface" conf="compile" rev="2.9.2" rev-constraint-default="2.9.2" rev-constraint-dynamic="2.9.2" callerrev="0.12.2"/>
				<caller organisation="org.scala-sbt" name="launcher-interface" conf="compile" rev="2.9.2" rev-constraint-default="2.9.2" rev-constraint-dynamic="2.9.2" callerrev="0.12.2"/>
				<caller organisation="org.scala-sbt" name="io" conf="compile" rev="2.9.2" rev-constraint-default="2.9.2" rev-constraint-dynamic="2.9.2" callerrev="0.12.2"/>
				<caller organisation="org.scala-sbt" name="compile" conf="compile" rev="2.9.2" rev-constraint-default="2.9.2" rev-constraint-dynamic="2.9.2" callerrev="0.12.2"/>
				<caller organisation="org.scala-sbt" name="incremental-compiler" conf="compile" rev="2.9.2" rev-constraint-default="2.9.2" rev-constraint-dynamic="2.9.2" callerrev="0.12.2"/>
				<caller organisation="org.scala-sbt" name="tracking" conf="compile" rev="2.9.2" rev-constraint-default="2.9.2" rev-constraint-dynamic="2.9.2" callerrev="0.12.2"/>
				<artifacts>
				</artifacts>
			</revision>
		</module>
	</dependencies>
</ivy-report>
