<?xml version="1.0" encoding="UTF-8"?>
<?xml-stylesheet type="text/xsl" href="ivy-report.xsl"?>
<ivy-report version="1.0">
	<info
		organisation="play"
		module="play_2.10"
		revision="2.1.3"
		conf="test"
		confs="compile, runtime, test, provided, optional, compile-internal, runtime-internal, test-internal, plugin, sources, docs, pom"
		date="20130825205430"/>
	<dependencies>
		<module organisation="org.fluentlenium" name="fluentlenium-festassert">
			<revision name="0.9.0" status="release" pubdate="20130613073145" resolver="public" artresolver="public" homepage="https://github.com/FluentLenium/FluentLenium" downloaded="false" searched="false" default="false" conf="default(compile), default, compile, runtime, master" position="42">
				<license name="Apache 2" url="http://www.apache.org/licenses/LICENSE-2.0.txt"/>
				<metadata-artifact status="no" details="" size="5719" time="0" location="/home/shanai/play/play-2.1.3-for-functional-store/repository/cache/org.fluentlenium/fluentlenium-festassert/ivy-0.9.0.xml" searched="false" origin-is-local="false" origin-location="http://repo1.maven.org/maven2/org/fluentlenium/fluentlenium-festassert/0.9.0/fluentlenium-festassert-0.9.0.pom"/>
				<caller organisation="play" name="play_2.10" conf="test, compile, runtime" rev="0.9.0" rev-constraint-default="0.9.0" rev-constraint-dynamic="0.9.0" callerrev="2.1.3"/>
				<artifacts>
					<artifact name="fluentlenium-festassert" type="jar" ext="jar" status="no" details="" size="12748" time="0" location="/home/shanai/play/play-2.1.3-for-functional-store/repository/cache/org.fluentlenium/fluentlenium-festassert/jars/fluentlenium-festassert-0.9.0.jar">
						<origin-location is-local="false" location="http://repo1.maven.org/maven2/org/fluentlenium/fluentlenium-festassert/0.9.0/fluentlenium-festassert-0.9.0.jar"/>
					</artifact>
				</artifacts>
			</revision>
		</module>
		<module organisation="org.fluentlenium" name="fluentlenium-core">
			<revision name="0.9.0" status="release" pubdate="20130613073118" resolver="public" artresolver="public" homepage="https://github.com/FluentLenium/FluentLenium" downloaded="false" searched="false" default="false" conf="compile, master(*), runtime, compile(*), runtime(*), master" position="43">
				<license name="Apache 2" url="http://www.apache.org/licenses/LICENSE-2.0.txt"/>
				<metadata-artifact status="no" details="" size="5826" time="0" location="/home/shanai/play/play-2.1.3-for-functional-store/repository/cache/org.fluentlenium/fluentlenium-core/ivy-0.9.0.xml" searched="false" origin-is-local="false" origin-location="http://repo1.maven.org/maven2/org/fluentlenium/fluentlenium-core/0.9.0/fluentlenium-core-0.9.0.pom"/>
				<caller organisation="org.fluentlenium" name="fluentlenium-festassert" conf="default, compile, runtime, master" rev="0.9.0" rev-constraint-default="0.9.0" rev-constraint-dynamic="0.9.0" callerrev="0.9.0"/>
				<artifacts>
					<artifact name="fluentlenium-core" type="jar" ext="jar" status="no" details="" size="82816" time="0" location="/home/shanai/play/play-2.1.3-for-functional-store/repository/cache/org.fluentlenium/fluentlenium-core/jars/fluentlenium-core-0.9.0.jar">
						<origin-location is-local="false" location="http://repo1.maven.org/maven2/org/fluentlenium/fluentlenium-core/0.9.0/fluentlenium-core-0.9.0.jar"/>
					</artifact>
				</artifacts>
			</revision>
		</module>
		<module organisation="org.easytesting" name="fest-assert">
			<revision name="1.4" status="release" pubdate="20110222164559" resolver="public" artresolver="public" homepage="http://fest.easytesting.org/assert" downloaded="false" searched="false" default="false" conf="compile, master(*), runtime, compile(*), runtime(*), master" position="81">
				<metadata-artifact status="no" details="" size="4261" time="0" location="/home/shanai/play/play-2.1.3-for-functional-store/repository/cache/org.easytesting/fest-assert/ivy-1.4.xml" searched="false" origin-is-local="false" origin-location="http://repo1.maven.org/maven2/org/easytesting/fest-assert/1.4/fest-assert-1.4.pom"/>
				<caller organisation="org.fluentlenium" name="fluentlenium-festassert" conf="default, compile, runtime, master" rev="1.4" rev-constraint-default="1.4" rev-constraint-dynamic="1.4" callerrev="0.9.0"/>
				<artifacts>
					<artifact name="fest-assert" type="jar" ext="jar" status="no" details="" size="78451" time="0" location="/home/shanai/play/play-2.1.3-for-functional-store/repository/cache/org.easytesting/fest-assert/jars/fest-assert-1.4.jar">
						<origin-location is-local="false" location="http://repo1.maven.org/maven2/org/easytesting/fest-assert/1.4/fest-assert-1.4.jar"/>
					</artifact>
				</artifacts>
			</revision>
		</module>
		<module organisation="org.easytesting" name="fest-util">
			<revision name="1.1.6" status="release" pubdate="20110217191512" resolver="public" artresolver="public" homepage="http://fest.easytesting.org" downloaded="false" searched="false" default="false" conf="compile, master(*), runtime, compile(*), runtime(*), master" position="82">
				<metadata-artifact status="no" details="" size="3744" time="0" location="/home/shanai/play/play-2.1.3-for-functional-store/repository/cache/org.easytesting/fest-util/ivy-1.1.6.xml" searched="false" origin-is-local="false" origin-location="http://repo1.maven.org/maven2/org/easytesting/fest-util/1.1.6/fest-util-1.1.6.pom"/>
				<caller organisation="org.easytesting" name="fest-assert" conf="compile, runtime" rev="1.1.6" rev-constraint-default="1.1.6" rev-constraint-dynamic="1.1.6" callerrev="1.4"/>
				<artifacts>
					<artifact name="fest-util" type="jar" ext="jar" status="no" details="" size="31034" time="0" location="/home/shanai/play/play-2.1.3-for-functional-store/repository/cache/org.easytesting/fest-util/jars/fest-util-1.1.6.jar">
						<origin-location is-local="false" location="http://repo1.maven.org/maven2/org/easytesting/fest-util/1.1.6/fest-util-1.1.6.jar"/>
					</artifact>
				</artifacts>
			</revision>
		</module>
		<module organisation="org.seleniumhq.selenium" name="selenium-java">
			<revision name="2.33.0" status="release" pubdate="20130523040207" resolver="public" artresolver="public" homepage="" downloaded="false" searched="false" default="false" conf="compile, master(*), runtime, compile(*), runtime(*), master" position="44">
				<metadata-artifact status="no" details="" size="7207" time="0" location="/home/shanai/play/play-2.1.3-for-functional-store/repository/cache/org.seleniumhq.selenium/selenium-java/ivy-2.33.0.xml" searched="false" origin-is-local="false" origin-location="http://repo1.maven.org/maven2/org/seleniumhq/selenium/selenium-java/2.33.0/selenium-java-2.33.0.pom"/>
				<caller organisation="org.fluentlenium" name="fluentlenium-core" conf="compile, runtime" rev="2.33.0" rev-constraint-default="2.33.0" rev-constraint-dynamic="2.33.0" callerrev="0.9.0"/>
				<artifacts>
					<artifact name="selenium-java" type="jar" ext="jar" status="no" details="" size="426948" time="0" location="/home/shanai/play/play-2.1.3-for-functional-store/repository/cache/org.seleniumhq.selenium/selenium-java/jars/selenium-java-2.33.0.jar">
						<origin-location is-local="false" location="http://repo1.maven.org/maven2/org/seleniumhq/selenium/selenium-java/2.33.0/selenium-java-2.33.0.jar"/>
					</artifact>
				</artifacts>
			</revision>
		</module>
		<module organisation="org.seleniumhq.selenium" name="selenium-support">
			<revision name="2.33.0" status="release" pubdate="20130523040159" resolver="public" artresolver="public" homepage="" downloaded="false" searched="false" default="false" conf="compile, master(*), runtime, compile(*), runtime(*), master" position="80">
				<metadata-artifact status="no" details="" size="5934" time="0" location="/home/shanai/play/play-2.1.3-for-functional-store/repository/cache/org.seleniumhq.selenium/selenium-support/ivy-2.33.0.xml" searched="false" origin-is-local="false" origin-location="http://repo1.maven.org/maven2/org/seleniumhq/selenium/selenium-support/2.33.0/selenium-support-2.33.0.pom"/>
				<caller organisation="org.seleniumhq.selenium" name="selenium-java" conf="compile, runtime" rev="2.33.0" rev-constraint-default="2.33.0" rev-constraint-dynamic="2.33.0" callerrev="2.33.0"/>
				<artifacts>
					<artifact name="selenium-support" type="jar" ext="jar" status="no" details="" size="128085" time="0" location="/home/shanai/play/play-2.1.3-for-functional-store/repository/cache/org.seleniumhq.selenium/selenium-support/jars/selenium-support-2.33.0.jar">
						<origin-location is-local="false" location="http://repo1.maven.org/maven2/org/seleniumhq/selenium/selenium-support/2.33.0/selenium-support-2.33.0.jar"/>
					</artifact>
				</artifacts>
			</revision>
		</module>
		<module organisation="org.seleniumhq.selenium" name="selenium-safari-driver">
			<revision name="2.33.0" status="release" pubdate="20130523040152" resolver="public" artresolver="public" homepage="" downloaded="false" searched="false" default="false" conf="compile, master(*), runtime, compile(*), runtime(*), master" position="78">
				<metadata-artifact status="no" details="" size="5873" time="0" location="/home/shanai/play/play-2.1.3-for-functional-store/repository/cache/org.seleniumhq.selenium/selenium-safari-driver/ivy-2.33.0.xml" searched="false" origin-is-local="false" origin-location="http://repo1.maven.org/maven2/org/seleniumhq/selenium/selenium-safari-driver/2.33.0/selenium-safari-driver-2.33.0.pom"/>
				<caller organisation="org.seleniumhq.selenium" name="selenium-java" conf="compile, runtime" rev="2.33.0" rev-constraint-default="2.33.0" rev-constraint-dynamic="2.33.0" callerrev="2.33.0"/>
				<artifacts>
					<artifact name="selenium-safari-driver" type="jar" ext="jar" status="no" details="" size="260282" time="0" location="/home/shanai/play/play-2.1.3-for-functional-store/repository/cache/org.seleniumhq.selenium/selenium-safari-driver/jars/selenium-safari-driver-2.33.0.jar">
						<origin-location is-local="false" location="http://repo1.maven.org/maven2/org/seleniumhq/selenium/selenium-safari-driver/2.33.0/selenium-safari-driver-2.33.0.jar"/>
					</artifact>
				</artifacts>
			</revision>
		</module>
		<module organisation="org.webbitserver" name="webbit">
			<revision name="0.4.14" status="release" pubdate="20120713213639" resolver="public" artresolver="public" homepage="http://webbitserver.org/" downloaded="false" searched="false" default="false" conf="compile, master(*), runtime, compile(*), runtime(*), master" position="79">
				<license name="BSD License" url="http://www.opensource.org/licenses/bsd-license"/>
				<metadata-artifact status="no" details="" size="3349" time="0" location="/home/shanai/play/play-2.1.3-for-functional-store/repository/cache/org.webbitserver/webbit/ivy-0.4.14.xml" searched="false" origin-is-local="false" origin-location="http://repo1.maven.org/maven2/org/webbitserver/webbit/0.4.14/webbit-0.4.14.pom"/>
				<caller organisation="org.seleniumhq.selenium" name="selenium-java" conf="compile, runtime" rev="0.4.14" rev-constraint-default="0.4.14" rev-constraint-dynamic="0.4.14" callerrev="2.33.0"/>
				<caller organisation="org.seleniumhq.selenium" name="selenium-safari-driver" conf="compile, runtime" rev="0.4.14" rev-constraint-default="0.4.14" rev-constraint-dynamic="0.4.14" callerrev="2.33.0"/>
				<artifacts>
					<artifact name="webbit" type="jar" ext="jar" status="no" details="" size="165120" time="0" location="/home/shanai/play/play-2.1.3-for-functional-store/repository/cache/org.webbitserver/webbit/jars/webbit-0.4.14.jar">
						<origin-location is-local="false" location="http://repo1.maven.org/maven2/org/webbitserver/webbit/0.4.14/webbit-0.4.14.jar"/>
					</artifact>
				</artifacts>
			</revision>
		</module>
		<module organisation="org.seleniumhq.selenium" name="selenium-iphone-driver">
			<revision name="2.33.0" status="release" pubdate="20130523040148" resolver="public" artresolver="public" homepage="" downloaded="false" searched="false" default="false" conf="compile, master(*), runtime, compile(*), runtime(*), master" position="77">
				<metadata-artifact status="no" details="" size="5737" time="0" location="/home/shanai/play/play-2.1.3-for-functional-store/repository/cache/org.seleniumhq.selenium/selenium-iphone-driver/ivy-2.33.0.xml" searched="false" origin-is-local="false" origin-location="http://repo1.maven.org/maven2/org/seleniumhq/selenium/selenium-iphone-driver/2.33.0/selenium-iphone-driver-2.33.0.pom"/>
				<caller organisation="org.seleniumhq.selenium" name="selenium-java" conf="compile, runtime" rev="2.33.0" rev-constraint-default="2.33.0" rev-constraint-dynamic="2.33.0" callerrev="2.33.0"/>
				<artifacts>
					<artifact name="selenium-iphone-driver" type="jar" ext="jar" status="no" details="" size="13763" time="0" location="/home/shanai/play/play-2.1.3-for-functional-store/repository/cache/org.seleniumhq.selenium/selenium-iphone-driver/jars/selenium-iphone-driver-2.33.0.jar">
						<origin-location is-local="false" location="http://repo1.maven.org/maven2/org/seleniumhq/selenium/selenium-iphone-driver/2.33.0/selenium-iphone-driver-2.33.0.jar"/>
					</artifact>
				</artifacts>
			</revision>
		</module>
		<module organisation="org.seleniumhq.selenium" name="selenium-ie-driver">
			<revision name="2.33.0" status="release" pubdate="20130523040144" resolver="public" artresolver="public" homepage="" downloaded="false" searched="false" default="false" conf="compile, master(*), runtime, compile(*), runtime(*), master" position="76">
				<metadata-artifact status="no" details="" size="5998" time="0" location="/home/shanai/play/play-2.1.3-for-functional-store/repository/cache/org.seleniumhq.selenium/selenium-ie-driver/ivy-2.33.0.xml" searched="false" origin-is-local="false" origin-location="http://repo1.maven.org/maven2/org/seleniumhq/selenium/selenium-ie-driver/2.33.0/selenium-ie-driver-2.33.0.pom"/>
				<caller organisation="org.seleniumhq.selenium" name="selenium-java" conf="compile, runtime" rev="2.33.0" rev-constraint-default="2.33.0" rev-constraint-dynamic="2.33.0" callerrev="2.33.0"/>
				<artifacts>
					<artifact name="selenium-ie-driver" type="jar" ext="jar" status="no" details="" size="12414" time="0" location="/home/shanai/play/play-2.1.3-for-functional-store/repository/cache/org.seleniumhq.selenium/selenium-ie-driver/jars/selenium-ie-driver-2.33.0.jar">
						<origin-location is-local="false" location="http://repo1.maven.org/maven2/org/seleniumhq/selenium/selenium-ie-driver/2.33.0/selenium-ie-driver-2.33.0.jar"/>
					</artifact>
				</artifacts>
			</revision>
		</module>
		<module organisation="org.seleniumhq.selenium" name="selenium-firefox-driver">
			<revision name="2.33.0" status="release" pubdate="20130523040134" resolver="public" artresolver="public" homepage="" downloaded="false" searched="false" default="false" conf="compile, master(*), runtime, compile(*), runtime(*), master" position="75">
				<metadata-artifact status="no" details="" size="6011" time="0" location="/home/shanai/play/play-2.1.3-for-functional-store/repository/cache/org.seleniumhq.selenium/selenium-firefox-driver/ivy-2.33.0.xml" searched="false" origin-is-local="false" origin-location="http://repo1.maven.org/maven2/org/seleniumhq/selenium/selenium-firefox-driver/2.33.0/selenium-firefox-driver-2.33.0.pom"/>
				<caller organisation="org.seleniumhq.selenium" name="selenium-java" conf="compile, runtime" rev="2.33.0" rev-constraint-default="2.33.0" rev-constraint-dynamic="2.33.0" callerrev="2.33.0"/>
				<artifacts>
					<artifact name="selenium-firefox-driver" type="jar" ext="jar" status="no" details="" size="2560129" time="0" location="/home/shanai/play/play-2.1.3-for-functional-store/repository/cache/org.seleniumhq.selenium/selenium-firefox-driver/jars/selenium-firefox-driver-2.33.0.jar">
						<origin-location is-local="false" location="http://repo1.maven.org/maven2/org/seleniumhq/selenium/selenium-firefox-driver/2.33.0/selenium-firefox-driver-2.33.0.jar"/>
					</artifact>
				</artifacts>
			</revision>
		</module>
		<module organisation="commons-io" name="commons-io">
			<revision name="2.2" status="release" pubdate="20120327001438" resolver="public" artresolver="public" homepage="http://commons.apache.org/io/" downloaded="false" searched="false" default="false" conf="compile, master(*), runtime, compile(*), runtime(*), master" position="70">
				<metadata-artifact status="no" details="" size="8009" time="0" location="/home/shanai/play/play-2.1.3-for-functional-store/repository/cache/commons-io/commons-io/ivy-2.2.xml" searched="false" origin-is-local="false" origin-location="http://repo1.maven.org/maven2/commons-io/commons-io/2.2/commons-io-2.2.pom"/>
				<caller organisation="org.seleniumhq.selenium" name="selenium-firefox-driver" conf="compile, runtime" rev="2.2" rev-constraint-default="2.2" rev-constraint-dynamic="2.2" callerrev="2.33.0"/>
				<caller organisation="net.sourceforge.htmlunit" name="htmlunit" conf="compile, runtime" rev="2.2" rev-constraint-default="2.2" rev-constraint-dynamic="2.4" callerrev="2.12"/>
				<artifacts>
					<artifact name="commons-io" type="jar" ext="jar" status="no" details="" size="173587" time="0" location="/home/shanai/play/play-2.1.3-for-functional-store/repository/cache/commons-io/commons-io/jars/commons-io-2.2.jar">
						<origin-location is-local="false" location="http://repo1.maven.org/maven2/commons-io/commons-io/2.2/commons-io-2.2.jar"/>
					</artifact>
				</artifacts>
			</revision>
		</module>
		<module organisation="org.seleniumhq.selenium" name="selenium-htmlunit-driver">
			<revision name="2.33.0" status="release" pubdate="20130523040139" resolver="public" artresolver="public" homepage="" downloaded="false" searched="false" default="false" conf="compile, master(*), runtime, compile(*), runtime(*), master" position="58">
				<metadata-artifact status="no" details="" size="6033" time="0" location="/home/shanai/play/play-2.1.3-for-functional-store/repository/cache/org.seleniumhq.selenium/selenium-htmlunit-driver/ivy-2.33.0.xml" searched="false" origin-is-local="false" origin-location="http://repo1.maven.org/maven2/org/seleniumhq/selenium/selenium-htmlunit-driver/2.33.0/selenium-htmlunit-driver-2.33.0.pom"/>
				<caller organisation="org.seleniumhq.selenium" name="selenium-java" conf="compile, runtime" rev="2.33.0" rev-constraint-default="2.33.0" rev-constraint-dynamic="2.33.0" callerrev="2.33.0"/>
				<artifacts>
					<artifact name="selenium-htmlunit-driver" type="jar" ext="jar" status="no" details="" size="56227" time="0" location="/home/shanai/play/play-2.1.3-for-functional-store/repository/cache/org.seleniumhq.selenium/selenium-htmlunit-driver/jars/selenium-htmlunit-driver-2.33.0.jar">
						<origin-location is-local="false" location="http://repo1.maven.org/maven2/org/seleniumhq/selenium/selenium-htmlunit-driver/2.33.0/selenium-htmlunit-driver-2.33.0.jar"/>
					</artifact>
				</artifacts>
			</revision>
		</module>
		<module organisation="net.sourceforge.htmlunit" name="htmlunit">
			<revision name="2.12" status="release" pubdate="20130306173812" resolver="public" artresolver="public" homepage="http://htmlunit.sourceforge.net" downloaded="false" searched="false" default="false" conf="compile, master(*), runtime, compile(*), runtime(*), master" position="59">
				<license name="Apache License, Version 2.0" url="http://www.apache.org/licenses/LICENSE-2.0.txt"/>
				<metadata-artifact status="no" details="" size="7236" time="0" location="/home/shanai/play/play-2.1.3-for-functional-store/repository/cache/net.sourceforge.htmlunit/htmlunit/ivy-2.12.xml" searched="false" origin-is-local="false" origin-location="http://repo1.maven.org/maven2/net/sourceforge/htmlunit/htmlunit/2.12/htmlunit-2.12.pom"/>
				<caller organisation="org.seleniumhq.selenium" name="selenium-htmlunit-driver" conf="compile, runtime" rev="2.12" rev-constraint-default="2.12" rev-constraint-dynamic="2.12" callerrev="2.33.0"/>
				<artifacts>
					<artifact name="htmlunit" type="jar" ext="jar" status="no" details="" size="1264186" time="0" location="/home/shanai/play/play-2.1.3-for-functional-store/repository/cache/net.sourceforge.htmlunit/htmlunit/jars/htmlunit-2.12.jar">
						<origin-location is-local="false" location="http://repo1.maven.org/maven2/net/sourceforge/htmlunit/htmlunit/2.12/htmlunit-2.12.jar"/>
					</artifact>
				</artifacts>
			</revision>
		</module>
		<module organisation="org.eclipse.jetty" name="jetty-websocket">
			<revision name="8.1.9.v20130131" status="release" pubdate="20130201033912" resolver="public" artresolver="public" homepage="" downloaded="false" searched="false" default="false" conf="compile, master(*), runtime, compile(*), runtime(*), master" position="71">
				<metadata-artifact status="no" details="" size="9053" time="0" location="/home/shanai/play/play-2.1.3-for-functional-store/repository/cache/org.eclipse.jetty/jetty-websocket/ivy-8.1.9.v20130131.xml" searched="false" origin-is-local="false" origin-location="http://repo1.maven.org/maven2/org/eclipse/jetty/jetty-websocket/8.1.9.v20130131/jetty-websocket-8.1.9.v20130131.pom"/>
				<caller organisation="net.sourceforge.htmlunit" name="htmlunit" conf="compile, runtime" rev="8.1.9.v20130131" rev-constraint-default="8.1.9.v20130131" rev-constraint-dynamic="8.1.9.v20130131" callerrev="2.12"/>
				<artifacts>
					<artifact name="jetty-websocket" type="jar" ext="jar" status="no" details="" size="125729" time="0" location="/home/shanai/play/play-2.1.3-for-functional-store/repository/cache/org.eclipse.jetty/jetty-websocket/jars/jetty-websocket-8.1.9.v20130131.jar">
						<origin-location is-local="false" location="http://repo1.maven.org/maven2/org/eclipse/jetty/jetty-websocket/8.1.9.v20130131/jetty-websocket-8.1.9.v20130131.jar"/>
					</artifact>
				</artifacts>
			</revision>
		</module>
		<module organisation="org.eclipse.jetty" name="jetty-http">
			<revision name="8.1.9.v20130131" status="release" pubdate="20130201033251" resolver="public" artresolver="public" homepage="" downloaded="false" searched="false" default="false" conf="compile, master(*), runtime, compile(*), runtime(*), master" position="74">
				<metadata-artifact status="no" details="" size="8418" time="0" location="/home/shanai/play/play-2.1.3-for-functional-store/repository/cache/org.eclipse.jetty/jetty-http/ivy-8.1.9.v20130131.xml" searched="false" origin-is-local="false" origin-location="http://repo1.maven.org/maven2/org/eclipse/jetty/jetty-http/8.1.9.v20130131/jetty-http-8.1.9.v20130131.pom"/>
				<caller organisation="org.eclipse.jetty" name="jetty-websocket" conf="compile, runtime" rev="8.1.9.v20130131" rev-constraint-default="8.1.9.v20130131" rev-constraint-dynamic="8.1.9.v20130131" callerrev="8.1.9.v20130131"/>
				<artifacts>
					<artifact name="jetty-http" type="jar" ext="jar" status="no" details="" size="95691" time="0" location="/home/shanai/play/play-2.1.3-for-functional-store/repository/cache/org.eclipse.jetty/jetty-http/jars/jetty-http-8.1.9.v20130131.jar">
						<origin-location is-local="false" location="http://repo1.maven.org/maven2/org/eclipse/jetty/jetty-http/8.1.9.v20130131/jetty-http-8.1.9.v20130131.jar"/>
					</artifact>
				</artifacts>
			</revision>
		</module>
		<module organisation="org.eclipse.jetty" name="jetty-io">
			<revision name="8.1.9.v20130131" status="release" pubdate="20130201033233" resolver="public" artresolver="public" homepage="" downloaded="false" searched="false" default="false" conf="compile, master(*), runtime, compile(*), runtime(*), master" position="73">
				<metadata-artifact status="no" details="" size="8281" time="0" location="/home/shanai/play/play-2.1.3-for-functional-store/repository/cache/org.eclipse.jetty/jetty-io/ivy-8.1.9.v20130131.xml" searched="false" origin-is-local="false" origin-location="http://repo1.maven.org/maven2/org/eclipse/jetty/jetty-io/8.1.9.v20130131/jetty-io-8.1.9.v20130131.pom"/>
				<caller organisation="org.eclipse.jetty" name="jetty-websocket" conf="compile, runtime" rev="8.1.9.v20130131" rev-constraint-default="8.1.9.v20130131" rev-constraint-dynamic="8.1.9.v20130131" callerrev="8.1.9.v20130131"/>
				<caller organisation="org.eclipse.jetty" name="jetty-http" conf="compile, runtime" rev="8.1.9.v20130131" rev-constraint-default="8.1.9.v20130131" rev-constraint-dynamic="8.1.9.v20130131" callerrev="8.1.9.v20130131"/>
				<artifacts>
					<artifact name="jetty-io" type="jar" ext="jar" status="no" details="" size="103285" time="0" location="/home/shanai/play/play-2.1.3-for-functional-store/repository/cache/org.eclipse.jetty/jetty-io/jars/jetty-io-8.1.9.v20130131.jar">
						<origin-location is-local="false" location="http://repo1.maven.org/maven2/org/eclipse/jetty/jetty-io/8.1.9.v20130131/jetty-io-8.1.9.v20130131.jar"/>
					</artifact>
				</artifacts>
			</revision>
		</module>
		<module organisation="org.eclipse.jetty" name="jetty-util">
			<revision name="8.1.9.v20130131" status="release" pubdate="20130201033134" resolver="public" artresolver="public" homepage="" downloaded="false" searched="false" default="false" conf="compile, master(*), runtime, compile(*), runtime(*), master" position="72">
				<metadata-artifact status="no" details="" size="8646" time="0" location="/home/shanai/play/play-2.1.3-for-functional-store/repository/cache/org.eclipse.jetty/jetty-util/ivy-8.1.9.v20130131.xml" searched="false" origin-is-local="false" origin-location="http://repo1.maven.org/maven2/org/eclipse/jetty/jetty-util/8.1.9.v20130131/jetty-util-8.1.9.v20130131.pom"/>
				<caller organisation="org.eclipse.jetty" name="jetty-io" conf="compile, runtime" rev="8.1.9.v20130131" rev-constraint-default="8.1.9.v20130131" rev-constraint-dynamic="8.1.9.v20130131" callerrev="8.1.9.v20130131"/>
				<caller organisation="org.eclipse.jetty" name="jetty-websocket" conf="compile, runtime" rev="8.1.9.v20130131" rev-constraint-default="8.1.9.v20130131" rev-constraint-dynamic="8.1.9.v20130131" callerrev="8.1.9.v20130131"/>
				<artifacts>
					<artifact name="jetty-util" type="jar" ext="jar" status="no" details="" size="284472" time="0" location="/home/shanai/play/play-2.1.3-for-functional-store/repository/cache/org.eclipse.jetty/jetty-util/jars/jetty-util-8.1.9.v20130131.jar">
						<origin-location is-local="false" location="http://repo1.maven.org/maven2/org/eclipse/jetty/jetty-util/8.1.9.v20130131/jetty-util-8.1.9.v20130131.jar"/>
					</artifact>
				</artifacts>
			</revision>
		</module>
		<module organisation="net.sourceforge.cssparser" name="cssparser">
			<revision name="0.9.9" status="release" pubdate="20130218033835" resolver="public" artresolver="public" homepage="http://cssparser.sourceforge.net/" downloaded="false" searched="false" default="false" conf="compile, master(*), runtime, compile(*), runtime(*), master" position="68">
				<license name="GNU Lesser General Public License" url="http://www.gnu.org/licenses/lgpl.txt"/>
				<metadata-artifact status="no" details="" size="3429" time="0" location="/home/shanai/play/play-2.1.3-for-functional-store/repository/cache/net.sourceforge.cssparser/cssparser/ivy-0.9.9.xml" searched="false" origin-is-local="false" origin-location="http://repo1.maven.org/maven2/net/sourceforge/cssparser/cssparser/0.9.9/cssparser-0.9.9.pom"/>
				<caller organisation="net.sourceforge.htmlunit" name="htmlunit" conf="compile, runtime" rev="0.9.9" rev-constraint-default="0.9.9" rev-constraint-dynamic="0.9.9" callerrev="2.12"/>
				<artifacts>
					<artifact name="cssparser" type="jar" ext="jar" status="no" details="" size="353007" time="0" location="/home/shanai/play/play-2.1.3-for-functional-store/repository/cache/net.sourceforge.cssparser/cssparser/jars/cssparser-0.9.9.jar">
						<origin-location is-local="false" location="http://repo1.maven.org/maven2/net/sourceforge/cssparser/cssparser/0.9.9/cssparser-0.9.9.jar"/>
					</artifact>
				</artifacts>
			</revision>
		</module>
		<module organisation="org.w3c.css" name="sac">
			<revision name="1.3" status="release" pubdate="20080323134250" resolver="public" artresolver="public" homepage="http://www.w3.org/Style/CSS/SAC/" downloaded="false" searched="false" default="false" conf="compile, master(*), runtime, compile(*), runtime(*), master" position="69">
				<license name="The W3C Software License" url="http://www.w3.org/Consortium/Legal/copyright-software-19980720"/>
				<metadata-artifact status="no" details="" size="2385" time="0" location="/home/shanai/play/play-2.1.3-for-functional-store/repository/cache/org.w3c.css/sac/ivy-1.3.xml" searched="false" origin-is-local="false" origin-location="http://repo1.maven.org/maven2/org/w3c/css/sac/1.3/sac-1.3.pom"/>
				<caller organisation="net.sourceforge.cssparser" name="cssparser" conf="compile, runtime" rev="1.3" rev-constraint-default="1.3" rev-constraint-dynamic="1.3" callerrev="0.9.9"/>
				<artifacts>
					<artifact name="sac" type="jar" ext="jar" status="no" details="" size="15808" time="0" location="/home/shanai/play/play-2.1.3-for-functional-store/repository/cache/org.w3c.css/sac/jars/sac-1.3.jar">
						<origin-location is-local="false" location="http://repo1.maven.org/maven2/org/w3c/css/sac/1.3/sac-1.3.jar"/>
					</artifact>
				</artifacts>
			</revision>
		</module>
		<module organisation="net.sourceforge.nekohtml" name="nekohtml">
			<revision name="1.9.18" status="release" pubdate="20130227184236" resolver="public" artresolver="public" homepage="http://nekohtml.sourceforge.net/" downloaded="false" searched="false" default="false" conf="compile, master(*), runtime, compile(*), runtime(*), master" position="67">
				<license name="The Apache Software License, Version 2.0" url="http://www.apache.org/licenses/LICENSE-2.0.txt"/>
				<metadata-artifact status="no" details="" size="2562" time="0" location="/home/shanai/play/play-2.1.3-for-functional-store/repository/cache/net.sourceforge.nekohtml/nekohtml/ivy-1.9.18.xml" searched="false" origin-is-local="false" origin-location="http://repo1.maven.org/maven2/net/sourceforge/nekohtml/nekohtml/1.9.18/nekohtml-1.9.18.pom"/>
				<caller organisation="net.sourceforge.htmlunit" name="htmlunit" conf="compile, runtime" rev="1.9.18" rev-constraint-default="1.9.18" rev-constraint-dynamic="1.9.18" callerrev="2.12"/>
				<artifacts>
					<artifact name="nekohtml" type="jar" ext="jar" status="no" details="" size="124543" time="0" location="/home/shanai/play/play-2.1.3-for-functional-store/repository/cache/net.sourceforge.nekohtml/nekohtml/jars/nekohtml-1.9.18.jar">
						<origin-location is-local="false" location="http://repo1.maven.org/maven2/net/sourceforge/nekohtml/nekohtml/1.9.18/nekohtml-1.9.18.jar"/>
					</artifact>
				</artifacts>
			</revision>
		</module>
		<module organisation="xerces" name="xercesImpl">
			<revision name="2.10.0" status="release" pubdate="20110816073238" resolver="public" artresolver="public" homepage="https://xerces.apache.org/xerces2-j/" downloaded="false" searched="false" default="false" conf="compile, master(*), runtime, compile(*), runtime(*), master" position="65">
				<license name="The Apache Software License, Version 2.0" url="http://www.apache.org/licenses/LICENSE-2.0.txt"/>
				<metadata-artifact status="no" details="" size="4260" time="0" location="/home/shanai/play/play-2.1.3-for-functional-store/repository/cache/xerces/xercesImpl/ivy-2.10.0.xml" searched="false" origin-is-local="false" origin-location="http://repo1.maven.org/maven2/xerces/xercesImpl/2.10.0/xercesImpl-2.10.0.pom"/>
				<caller organisation="net.sourceforge.htmlunit" name="htmlunit" conf="compile, runtime" rev="2.10.0" rev-constraint-default="2.10.0" rev-constraint-dynamic="2.10.0" callerrev="2.12"/>
				<artifacts>
					<artifact name="xercesImpl" type="jar" ext="jar" status="no" details="" size="1363159" time="0" location="/home/shanai/play/play-2.1.3-for-functional-store/repository/cache/xerces/xercesImpl/jars/xercesImpl-2.10.0.jar">
						<origin-location is-local="false" location="http://repo1.maven.org/maven2/xerces/xercesImpl/2.10.0/xercesImpl-2.10.0.jar"/>
					</artifact>
				</artifacts>
			</revision>
		</module>
		<module organisation="xml-apis" name="xml-apis">
			<revision name="1.4.01" status="release" pubdate="20110820091111" resolver="public" artresolver="public" homepage="http://xml.apache.org/commons/components/external/" downloaded="false" searched="false" default="false" conf="compile, master(*), runtime, compile(*), runtime(*), master" position="66">
				<license name="The Apache Software License, Version 2.0" url="http://www.apache.org/licenses/LICENSE-2.0.txt"/>
				<license name="The SAX License" url="http://www.saxproject.org/copying.html"/>
				<license name="The W3C License" url="http://www.w3.org/TR/2004/REC-DOM-Level-3-Core-20040407/java-binding.zip"/>
				<metadata-artifact status="no" details="" size="3132" time="0" location="/home/shanai/play/play-2.1.3-for-functional-store/repository/cache/xml-apis/xml-apis/ivy-1.4.01.xml" searched="false" origin-is-local="false" origin-location="http://repo1.maven.org/maven2/xml-apis/xml-apis/1.4.01/xml-apis-1.4.01.pom"/>
				<caller organisation="xerces" name="xercesImpl" conf="compile, runtime" rev="1.4.01" rev-constraint-default="1.4.01" rev-constraint-dynamic="1.4.01" callerrev="2.10.0"/>
				<caller organisation="xalan" name="serializer" conf="compile, runtime" rev="1.3.04" rev-constraint-default="1.3.04" rev-constraint-dynamic="1.3.04" callerrev="2.7.1"/>
				<artifacts>
					<artifact name="xml-apis" type="jar" ext="jar" status="no" details="" size="220536" time="0" location="/home/shanai/play/play-2.1.3-for-functional-store/repository/cache/xml-apis/xml-apis/jars/xml-apis-1.4.01.jar">
						<origin-location is-local="false" location="http://repo1.maven.org/maven2/xml-apis/xml-apis/1.4.01/xml-apis-1.4.01.jar"/>
					</artifact>
				</artifacts>
			</revision>
			<revision name="1.3.04" status="release" pubdate="20061222223752" resolver="public" artresolver="public" evicted="latest-revision" evicted-reason="" homepage="http://xml.apache.org/commons/components/external/" downloaded="false" searched="false" default="false" conf="compile, master(*), runtime, compile(*), runtime(*), master" position="-1">
				<metadata-artifact status="no" details="" size="2819" time="0" location="/home/shanai/play/play-2.1.3-for-functional-store/repository/cache/xml-apis/xml-apis/ivy-1.3.04.xml" searched="false" origin-is-local="false" origin-location="http://repo1.maven.org/maven2/xml-apis/xml-apis/1.3.04/xml-apis-1.3.04.pom"/>
				<evicted-by rev="1.4.01"/>
				<caller organisation="xerces" name="xercesImpl" conf="compile, runtime" rev="1.4.01" rev-constraint-default="1.4.01" rev-constraint-dynamic="1.4.01" callerrev="2.10.0"/>
				<caller organisation="xalan" name="serializer" conf="compile, runtime" rev="1.3.04" rev-constraint-default="1.3.04" rev-constraint-dynamic="1.3.04" callerrev="2.7.1"/>
				<artifacts>
				</artifacts>
			</revision>
		</module>
		<module organisation="net.sourceforge.htmlunit" name="htmlunit-core-js">
			<revision name="2.12" status="release" pubdate="20130227204511" resolver="public" artresolver="public" homepage="http://htmlunit.sourceforge.net" downloaded="false" searched="false" default="false" conf="compile, master(*), runtime, compile(*), runtime(*), master" position="64">
				<license name="Mozilla Public License version 2.0" url="http://www.mozilla.org/MPL/2.0/"/>
				<metadata-artifact status="no" details="" size="2513" time="0" location="/home/shanai/play/play-2.1.3-for-functional-store/repository/cache/net.sourceforge.htmlunit/htmlunit-core-js/ivy-2.12.xml" searched="false" origin-is-local="false" origin-location="http://repo1.maven.org/maven2/net/sourceforge/htmlunit/htmlunit-core-js/2.12/htmlunit-core-js-2.12.pom"/>
				<caller organisation="net.sourceforge.htmlunit" name="htmlunit" conf="compile, runtime" rev="2.12" rev-constraint-default="2.12" rev-constraint-dynamic="2.12" callerrev="2.12"/>
				<artifacts>
					<artifact name="htmlunit-core-js" type="jar" ext="jar" status="no" details="" size="1019840" time="0" location="/home/shanai/play/play-2.1.3-for-functional-store/repository/cache/net.sourceforge.htmlunit/htmlunit-core-js/jars/htmlunit-core-js-2.12.jar">
						<origin-location is-local="false" location="http://repo1.maven.org/maven2/net/sourceforge/htmlunit/htmlunit-core-js/2.12/htmlunit-core-js-2.12.jar"/>
					</artifact>
				</artifacts>
			</revision>
		</module>
		<module organisation="org.apache.httpcomponents" name="httpmime">
			<revision name="4.2.3" status="release" pubdate="20130111072005" resolver="public" artresolver="public" homepage="http://hc.apache.org/httpcomponents-client" downloaded="false" searched="false" default="false" conf="compile, master(*), runtime, compile(*), runtime(*), master" position="63">
				<metadata-artifact status="no" details="" size="8735" time="0" location="/home/shanai/play/play-2.1.3-for-functional-store/repository/cache/org.apache.httpcomponents/httpmime/ivy-4.2.3.xml" searched="false" origin-is-local="false" origin-location="http://repo1.maven.org/maven2/org/apache/httpcomponents/httpmime/4.2.3/httpmime-4.2.3.pom"/>
				<caller organisation="net.sourceforge.htmlunit" name="htmlunit" conf="compile, runtime" rev="4.2.3" rev-constraint-default="4.2.3" rev-constraint-dynamic="4.2.3" callerrev="2.12"/>
				<artifacts>
					<artifact name="httpmime" type="jar" ext="jar" status="no" details="" size="26477" time="0" location="/home/shanai/play/play-2.1.3-for-functional-store/repository/cache/org.apache.httpcomponents/httpmime/jars/httpmime-4.2.3.jar">
						<origin-location is-local="false" location="http://repo1.maven.org/maven2/org/apache/httpcomponents/httpmime/4.2.3/httpmime-4.2.3.jar"/>
					</artifact>
				</artifacts>
			</revision>
		</module>
		<module organisation="commons-collections" name="commons-collections">
			<revision name="3.2.1" status="release" pubdate="20080415100924" resolver="public" artresolver="public" homepage="http://commons.apache.org/collections/" downloaded="false" searched="false" default="false" conf="compile, master(*), runtime, compile(*), runtime(*), master" position="62">
				<metadata-artifact status="no" details="" size="4584" time="0" location="/home/shanai/play/play-2.1.3-for-functional-store/repository/cache/commons-collections/commons-collections/ivy-3.2.1.xml" searched="false" origin-is-local="false" origin-location="http://repo1.maven.org/maven2/commons-collections/commons-collections/3.2.1/commons-collections-3.2.1.pom"/>
				<caller organisation="net.sourceforge.htmlunit" name="htmlunit" conf="compile, runtime" rev="3.2.1" rev-constraint-default="3.2.1" rev-constraint-dynamic="3.2.1" callerrev="2.12"/>
				<artifacts>
					<artifact name="commons-collections" type="jar" ext="jar" status="no" details="" size="575389" time="0" location="/home/shanai/play/play-2.1.3-for-functional-store/repository/cache/commons-collections/commons-collections/jars/commons-collections-3.2.1.jar">
						<origin-location is-local="false" location="http://repo1.maven.org/maven2/commons-collections/commons-collections/3.2.1/commons-collections-3.2.1.jar"/>
					</artifact>
				</artifacts>
			</revision>
		</module>
		<module organisation="xalan" name="xalan">
			<revision name="2.7.1" status="release" pubdate="20080930170254" resolver="public" artresolver="public" homepage="http://xml.apache.org/xalan-j/" downloaded="false" searched="false" default="false" conf="compile, master(*), runtime, compile(*), runtime(*), master" position="60">
				<metadata-artifact status="no" details="" size="2925" time="0" location="/home/shanai/play/play-2.1.3-for-functional-store/repository/cache/xalan/xalan/ivy-2.7.1.xml" searched="false" origin-is-local="false" origin-location="http://repo1.maven.org/maven2/xalan/xalan/2.7.1/xalan-2.7.1.pom"/>
				<caller organisation="net.sourceforge.htmlunit" name="htmlunit" conf="compile, runtime" rev="2.7.1" rev-constraint-default="2.7.1" rev-constraint-dynamic="2.7.1" callerrev="2.12"/>
				<artifacts>
					<artifact name="xalan" type="jar" ext="jar" status="no" details="" size="3176148" time="0" location="/home/shanai/play/play-2.1.3-for-functional-store/repository/cache/xalan/xalan/jars/xalan-2.7.1.jar">
						<origin-location is-local="false" location="http://repo1.maven.org/maven2/xalan/xalan/2.7.1/xalan-2.7.1.jar"/>
					</artifact>
				</artifacts>
			</revision>
		</module>
		<module organisation="xalan" name="serializer">
			<revision name="2.7.1" status="release" pubdate="20080930170254" resolver="public" artresolver="public" homepage="http://xml.apache.org/xalan-j/" downloaded="false" searched="false" default="false" conf="compile, master(*), runtime, compile(*), runtime(*), master" position="61">
				<metadata-artifact status="no" details="" size="2735" time="0" location="/home/shanai/play/play-2.1.3-for-functional-store/repository/cache/xalan/serializer/ivy-2.7.1.xml" searched="false" origin-is-local="false" origin-location="http://repo1.maven.org/maven2/xalan/serializer/2.7.1/serializer-2.7.1.pom"/>
				<caller organisation="xalan" name="xalan" conf="compile, runtime" rev="2.7.1" rev-constraint-default="2.7.1" rev-constraint-dynamic="2.7.1" callerrev="2.7.1"/>
				<artifacts>
					<artifact name="serializer" type="jar" ext="jar" status="no" details="" size="278281" time="0" location="/home/shanai/play/play-2.1.3-for-functional-store/repository/cache/xalan/serializer/jars/serializer-2.7.1.jar">
						<origin-location is-local="false" location="http://repo1.maven.org/maven2/xalan/serializer/2.7.1/serializer-2.7.1.jar"/>
					</artifact>
				</artifacts>
			</revision>
		</module>
		<module organisation="org.seleniumhq.selenium" name="selenium-chrome-driver">
			<revision name="2.33.0" status="release" pubdate="20130523040128" resolver="public" artresolver="public" homepage="" downloaded="false" searched="false" default="false" conf="compile, master(*), runtime, compile(*), runtime(*), master" position="57">
				<metadata-artifact status="no" details="" size="5737" time="0" location="/home/shanai/play/play-2.1.3-for-functional-store/repository/cache/org.seleniumhq.selenium/selenium-chrome-driver/ivy-2.33.0.xml" searched="false" origin-is-local="false" origin-location="http://repo1.maven.org/maven2/org/seleniumhq/selenium/selenium-chrome-driver/2.33.0/selenium-chrome-driver-2.33.0.pom"/>
				<caller organisation="org.seleniumhq.selenium" name="selenium-java" conf="compile, runtime" rev="2.33.0" rev-constraint-default="2.33.0" rev-constraint-dynamic="2.33.0" callerrev="2.33.0"/>
				<artifacts>
					<artifact name="selenium-chrome-driver" type="jar" ext="jar" status="no" details="" size="10924" time="0" location="/home/shanai/play/play-2.1.3-for-functional-store/repository/cache/org.seleniumhq.selenium/selenium-chrome-driver/jars/selenium-chrome-driver-2.33.0.jar">
						<origin-location is-local="false" location="http://repo1.maven.org/maven2/org/seleniumhq/selenium/selenium-chrome-driver/2.33.0/selenium-chrome-driver-2.33.0.jar"/>
					</artifact>
				</artifacts>
			</revision>
		</module>
		<module organisation="org.seleniumhq.selenium" name="selenium-android-driver">
			<revision name="2.33.0" status="release" pubdate="20130523040123" resolver="public" artresolver="public" homepage="" downloaded="false" searched="false" default="false" conf="compile, master(*), runtime, compile(*), runtime(*), master" position="45">
				<metadata-artifact status="no" details="" size="5883" time="0" location="/home/shanai/play/play-2.1.3-for-functional-store/repository/cache/org.seleniumhq.selenium/selenium-android-driver/ivy-2.33.0.xml" searched="false" origin-is-local="false" origin-location="http://repo1.maven.org/maven2/org/seleniumhq/selenium/selenium-android-driver/2.33.0/selenium-android-driver-2.33.0.pom"/>
				<caller organisation="org.seleniumhq.selenium" name="selenium-java" conf="compile, runtime" rev="2.33.0" rev-constraint-default="2.33.0" rev-constraint-dynamic="2.33.0" callerrev="2.33.0"/>
				<artifacts>
					<artifact name="selenium-android-driver" type="jar" ext="jar" status="no" details="" size="343970" time="0" location="/home/shanai/play/play-2.1.3-for-functional-store/repository/cache/org.seleniumhq.selenium/selenium-android-driver/jars/selenium-android-driver-2.33.0.jar">
						<origin-location is-local="false" location="http://repo1.maven.org/maven2/org/seleniumhq/selenium/selenium-android-driver/2.33.0/selenium-android-driver-2.33.0.jar"/>
					</artifact>
				</artifacts>
			</revision>
		</module>
		<module organisation="org.seleniumhq.selenium" name="selenium-remote-driver">
			<revision name="2.33.0" status="release" pubdate="20130523040115" resolver="public" artresolver="public" homepage="" downloaded="false" searched="false" default="false" conf="compile, master(*), runtime, compile(*), runtime(*), master" position="46">
				<metadata-artifact status="no" details="" size="6675" time="0" location="/home/shanai/play/play-2.1.3-for-functional-store/repository/cache/org.seleniumhq.selenium/selenium-remote-driver/ivy-2.33.0.xml" searched="false" origin-is-local="false" origin-location="http://repo1.maven.org/maven2/org/seleniumhq/selenium/selenium-remote-driver/2.33.0/selenium-remote-driver-2.33.0.pom"/>
				<caller organisation="org.seleniumhq.selenium" name="selenium-firefox-driver" conf="compile, runtime" rev="2.33.0" rev-constraint-default="2.33.0" rev-constraint-dynamic="2.33.0" callerrev="2.33.0"/>
				<caller organisation="org.seleniumhq.selenium" name="selenium-iphone-driver" conf="compile, runtime" rev="2.33.0" rev-constraint-default="2.33.0" rev-constraint-dynamic="2.33.0" callerrev="2.33.0"/>
				<caller organisation="org.seleniumhq.selenium" name="selenium-safari-driver" conf="compile, runtime" rev="2.33.0" rev-constraint-default="2.33.0" rev-constraint-dynamic="2.33.0" callerrev="2.33.0"/>
				<caller organisation="org.seleniumhq.selenium" name="selenium-ie-driver" conf="compile, runtime" rev="2.33.0" rev-constraint-default="2.33.0" rev-constraint-dynamic="2.33.0" callerrev="2.33.0"/>
				<caller organisation="org.seleniumhq.selenium" name="selenium-htmlunit-driver" conf="compile, runtime" rev="2.33.0" rev-constraint-default="2.33.0" rev-constraint-dynamic="2.33.0" callerrev="2.33.0"/>
				<caller organisation="org.seleniumhq.selenium" name="selenium-android-driver" conf="compile, runtime" rev="2.33.0" rev-constraint-default="2.33.0" rev-constraint-dynamic="2.33.0" callerrev="2.33.0"/>
				<caller organisation="org.seleniumhq.selenium" name="selenium-chrome-driver" conf="compile, runtime" rev="2.33.0" rev-constraint-default="2.33.0" rev-constraint-dynamic="2.33.0" callerrev="2.33.0"/>
				<artifacts>
					<artifact name="selenium-remote-driver" type="jar" ext="jar" status="no" details="" size="234276" time="0" location="/home/shanai/play/play-2.1.3-for-functional-store/repository/cache/org.seleniumhq.selenium/selenium-remote-driver/jars/selenium-remote-driver-2.33.0.jar">
						<origin-location is-local="false" location="http://repo1.maven.org/maven2/org/seleniumhq/selenium/selenium-remote-driver/2.33.0/selenium-remote-driver-2.33.0.jar"/>
					</artifact>
				</artifacts>
			</revision>
		</module>
		<module organisation="net.java.dev.jna" name="platform">
			<revision name="3.4.0" status="release" pubdate="20111222072302" resolver="public" artresolver="public" homepage="https://github.com/twall/jna" downloaded="false" searched="false" default="false" conf="compile, master(*), runtime, compile(*), runtime(*), master" position="56">
				<license name="LGPL, version 2.1" url="http://creativecommons.org/licenses/LGPL/2.1/"/>
				<metadata-artifact status="no" details="" size="2469" time="0" location="/home/shanai/play/play-2.1.3-for-functional-store/repository/cache/net.java.dev.jna/platform/ivy-3.4.0.xml" searched="false" origin-is-local="false" origin-location="http://repo1.maven.org/maven2/net/java/dev/jna/platform/3.4.0/platform-3.4.0.pom"/>
				<caller organisation="org.seleniumhq.selenium" name="selenium-ie-driver" conf="compile, runtime" rev="3.4.0" rev-constraint-default="3.4.0" rev-constraint-dynamic="3.4.0" callerrev="2.33.0"/>
				<caller organisation="org.seleniumhq.selenium" name="selenium-remote-driver" conf="compile, runtime" rev="3.4.0" rev-constraint-default="3.4.0" rev-constraint-dynamic="3.4.0" callerrev="2.33.0"/>
				<artifacts>
					<artifact name="platform" type="jar" ext="jar" status="no" details="" size="913436" time="0" location="/home/shanai/play/play-2.1.3-for-functional-store/repository/cache/net.java.dev.jna/platform/jars/platform-3.4.0.jar">
						<origin-location is-local="false" location="http://repo1.maven.org/maven2/net/java/dev/jna/platform/3.4.0/platform-3.4.0.jar"/>
					</artifact>
				</artifacts>
			</revision>
		</module>
		<module organisation="net.java.dev.jna" name="jna">
			<revision name="3.4.0" status="release" pubdate="20111222072220" resolver="public" artresolver="public" homepage="https://github.com/twall/jna" downloaded="false" searched="false" default="false" conf="compile, master(*), runtime, compile(*), runtime(*), master" position="55">
				<license name="LGPL, version 2.1" url="http://creativecommons.org/licenses/LGPL/2.1/"/>
				<metadata-artifact status="no" details="" size="2450" time="0" location="/home/shanai/play/play-2.1.3-for-functional-store/repository/cache/net.java.dev.jna/jna/ivy-3.4.0.xml" searched="false" origin-is-local="false" origin-location="http://repo1.maven.org/maven2/net/java/dev/jna/jna/3.4.0/jna-3.4.0.pom"/>
				<caller organisation="org.seleniumhq.selenium" name="selenium-ie-driver" conf="compile, runtime" rev="3.4.0" rev-constraint-default="3.4.0" rev-constraint-dynamic="3.4.0" callerrev="2.33.0"/>
				<caller organisation="org.seleniumhq.selenium" name="selenium-remote-driver" conf="compile, runtime" rev="3.4.0" rev-constraint-default="3.4.0" rev-constraint-dynamic="3.4.0" callerrev="2.33.0"/>
				<artifacts>
					<artifact name="jna" type="jar" ext="jar" status="no" details="" size="1008730" time="0" location="/home/shanai/play/play-2.1.3-for-functional-store/repository/cache/net.java.dev.jna/jna/jars/jna-3.4.0.jar">
						<origin-location is-local="false" location="http://repo1.maven.org/maven2/net/java/dev/jna/jna/3.4.0/jna-3.4.0.jar"/>
					</artifact>
				</artifacts>
			</revision>
		</module>
		<module organisation="org.apache.commons" name="commons-exec">
			<revision name="1.1" status="release" pubdate="20101020061142" resolver="public" artresolver="public" homepage="http://commons.apache.org/exec/" downloaded="false" searched="false" default="false" conf="compile, master(*), runtime, compile(*), runtime(*), master" position="54">
				<metadata-artifact status="no" details="" size="6048" time="0" location="/home/shanai/play/play-2.1.3-for-functional-store/repository/cache/org.apache.commons/commons-exec/ivy-1.1.xml" searched="false" origin-is-local="false" origin-location="http://repo1.maven.org/maven2/org/apache/commons/commons-exec/1.1/commons-exec-1.1.pom"/>
				<caller organisation="org.seleniumhq.selenium" name="selenium-firefox-driver" conf="compile, runtime" rev="1.1" rev-constraint-default="1.1" rev-constraint-dynamic="1.1" callerrev="2.33.0"/>
				<caller organisation="org.seleniumhq.selenium" name="selenium-remote-driver" conf="compile, runtime" rev="1.1" rev-constraint-default="1.1" rev-constraint-dynamic="1.1" callerrev="2.33.0"/>
				<artifacts>
					<artifact name="commons-exec" type="jar" ext="jar" status="no" details="" size="52543" time="0" location="/home/shanai/play/play-2.1.3-for-functional-store/repository/cache/org.apache.commons/commons-exec/jars/commons-exec-1.1.jar">
						<origin-location is-local="false" location="http://repo1.maven.org/maven2/org/apache/commons/commons-exec/1.1/commons-exec-1.1.jar"/>
					</artifact>
				</artifacts>
			</revision>
		</module>
		<module organisation="org.apache.httpcomponents" name="httpclient">
			<revision name="4.2.1" status="release" pubdate="20120630055423" resolver="public" artresolver="public" homepage="http://hc.apache.org/httpcomponents-client" downloaded="false" searched="false" default="false" conf="compile, master(*), runtime, compile(*), runtime(*), master" position="51">
				<metadata-artifact status="no" details="" size="9149" time="0" location="/home/shanai/play/play-2.1.3-for-functional-store/repository/cache/org.apache.httpcomponents/httpclient/ivy-4.2.1.xml" searched="false" origin-is-local="false" origin-location="http://repo1.maven.org/maven2/org/apache/httpcomponents/httpclient/4.2.1/httpclient-4.2.1.pom"/>
				<caller organisation="net.sourceforge.htmlunit" name="htmlunit" conf="compile, runtime" rev="4.2.1" rev-constraint-default="4.2.1" rev-constraint-dynamic="4.2.3" callerrev="2.12"/>
				<caller organisation="oauth.signpost" name="signpost-commonshttp4" conf="default, compile, runtime, master" rev="4.0.1" rev-constraint-default="4.0.1" rev-constraint-dynamic="4.0.1" callerrev="1.2.1.2"/>
				<caller organisation="org.seleniumhq.selenium" name="selenium-htmlunit-driver" conf="compile, runtime" rev="4.2.1" rev-constraint-default="4.2.1" rev-constraint-dynamic="4.2.1" callerrev="2.33.0"/>
				<caller organisation="org.seleniumhq.selenium" name="selenium-remote-driver" conf="compile, runtime" rev="4.2.1" rev-constraint-default="4.2.1" rev-constraint-dynamic="4.2.1" callerrev="2.33.0"/>
				<artifacts>
					<artifact name="httpclient" type="jar" ext="jar" status="no" details="" size="427021" time="0" location="/home/shanai/play/play-2.1.3-for-functional-store/repository/cache/org.apache.httpcomponents/httpclient/jars/httpclient-4.2.1.jar">
						<origin-location is-local="false" location="http://repo1.maven.org/maven2/org/apache/httpcomponents/httpclient/4.2.1/httpclient-4.2.1.jar"/>
					</artifact>
				</artifacts>
			</revision>
			<revision name="4.0.1" status="release" pubdate="20130506204653" resolver="Typesafe Repository" artresolver="Typesafe Repository" evicted="latest-revision" evicted-reason="" homepage="http://hc.apache.org/httpcomponents-client" downloaded="false" searched="false" default="false" conf="compile, master(*), runtime, compile(*), runtime(*), master" position="-1">
				<license name="Apache License" url="../LICENSE.txt"/>
				<metadata-artifact status="no" details="" size="4948" time="0" location="/home/shanai/play/play-2.1.3-for-functional-store/repository/cache/org.apache.httpcomponents/httpclient/ivy-4.0.1.xml" searched="false" origin-is-local="false" origin-location="http://repo.typesafe.com/typesafe/releases/org/apache/httpcomponents/httpclient/4.0.1/httpclient-4.0.1.pom"/>
				<evicted-by rev="4.2.1"/>
				<caller organisation="oauth.signpost" name="signpost-commonshttp4" conf="default, compile, runtime, master" rev="4.0.1" rev-constraint-default="4.0.1" rev-constraint-dynamic="4.0.1" callerrev="1.2.1.2"/>
				<artifacts>
				</artifacts>
			</revision>
		</module>
		<module organisation="commons-codec" name="commons-codec">
			<revision name="1.6" status="release" pubdate="20130506204714" resolver="Typesafe Repository" artresolver="Typesafe Repository" homepage="http://commons.apache.org/codec/" downloaded="false" searched="false" default="false" conf="compile, master(*), runtime, compile(*), runtime(*), master" position="53">
				<metadata-artifact status="no" details="" size="7555" time="0" location="/home/shanai/play/play-2.1.3-for-functional-store/repository/cache/commons-codec/commons-codec/ivy-1.6.xml" searched="false" origin-is-local="false" origin-location="http://repo.typesafe.com/typesafe/releases/commons-codec/commons-codec/1.6/commons-codec-1.6.pom"/>
				<caller organisation="net.sourceforge.htmlunit" name="htmlunit" conf="compile, runtime" rev="1.6" rev-constraint-default="1.6" rev-constraint-dynamic="1.7" callerrev="2.12"/>
				<caller organisation="org.apache.httpcomponents" name="httpclient" conf="compile, runtime" rev="1.6" rev-constraint-default="1.6" rev-constraint-dynamic="1.6" callerrev="4.2.1"/>
				<caller organisation="oauth.signpost" name="signpost-core" conf="default, compile, runtime, master" rev="1.3" rev-constraint-default="1.3" rev-constraint-dynamic="1.3" callerrev="1.2.1.2"/>
				<caller organisation="org.apache.httpcomponents" name="httpclient" conf="compile, runtime" rev="1.3" rev-constraint-default="1.3" rev-constraint-dynamic="1.3" callerrev="4.0.1"/>
				<artifacts>
					<artifact name="commons-codec" type="jar" ext="jar" status="no" details="" size="232771" time="0" location="/home/shanai/play/play-2.1.3-for-functional-store/repository/cache/commons-codec/commons-codec/jars/commons-codec-1.6.jar">
						<origin-location is-local="false" location="http://repo.typesafe.com/typesafe/releases/commons-codec/commons-codec/1.6/commons-codec-1.6.jar"/>
					</artifact>
				</artifacts>
			</revision>
			<revision name="1.3" status="release" pubdate="20051109072951" resolver="public" artresolver="public" evicted="latest-revision" evicted-reason="" homepage="http://jakarta.apache.org/commons/codec/" downloaded="false" searched="false" default="false" conf="compile, master(*), runtime, compile(*), runtime(*), master" position="-1">
				<license name="The Apache Software License, Version 2.0" url="/LICENSE.txt"/>
				<metadata-artifact status="no" details="" size="2791" time="0" location="/home/shanai/play/play-2.1.3-for-functional-store/repository/cache/commons-codec/commons-codec/ivy-1.3.xml" searched="false" origin-is-local="false" origin-location="http://repo1.maven.org/maven2/commons-codec/commons-codec/1.3/commons-codec-1.3.pom"/>
				<evicted-by rev="1.6"/>
				<caller organisation="oauth.signpost" name="signpost-core" conf="default, compile, runtime, master" rev="1.3" rev-constraint-default="1.3" rev-constraint-dynamic="1.3" callerrev="1.2.1.2"/>
				<caller organisation="org.apache.httpcomponents" name="httpclient" conf="compile, runtime" rev="1.3" rev-constraint-default="1.3" rev-constraint-dynamic="1.3" callerrev="4.0.1"/>
				<artifacts>
				</artifacts>
			</revision>
		</module>
		<module organisation="org.apache.httpcomponents" name="httpcore">
			<revision name="4.2.1" status="release" pubdate="20120611001325" resolver="public" artresolver="public" homepage="http://hc.apache.org/httpcomponents-core-ga" downloaded="false" searched="false" default="false" conf="compile, master(*), runtime, compile(*), runtime(*), master" position="52">
				<metadata-artifact status="no" details="" size="6602" time="0" location="/home/shanai/play/play-2.1.3-for-functional-store/repository/cache/org.apache.httpcomponents/httpcore/ivy-4.2.1.xml" searched="false" origin-is-local="false" origin-location="http://repo1.maven.org/maven2/org/apache/httpcomponents/httpcore/4.2.1/httpcore-4.2.1.pom"/>
				<caller organisation="oauth.signpost" name="signpost-commonshttp4" conf="default, compile, runtime, master" rev="4.0.1" rev-constraint-default="4.0.1" rev-constraint-dynamic="4.0.1" callerrev="1.2.1.2"/>
				<caller organisation="org.apache.httpcomponents" name="httpclient" conf="compile, runtime" rev="4.2.1" rev-constraint-default="4.2.1" rev-constraint-dynamic="4.2.1" callerrev="4.2.1"/>
				<caller organisation="org.apache.httpcomponents" name="httpclient" conf="compile, runtime" rev="4.0.1" rev-constraint-default="4.0.1" rev-constraint-dynamic="4.0.1" callerrev="4.0.1"/>
				<caller organisation="org.apache.httpcomponents" name="httpmime" conf="compile, runtime" rev="4.2.1" rev-constraint-default="4.2.1" rev-constraint-dynamic="4.2.2" callerrev="4.2.3"/>
				<artifacts>
					<artifact name="httpcore" type="jar" ext="jar" status="no" details="" size="223374" time="0" location="/home/shanai/play/play-2.1.3-for-functional-store/repository/cache/org.apache.httpcomponents/httpcore/jars/httpcore-4.2.1.jar">
						<origin-location is-local="false" location="http://repo1.maven.org/maven2/org/apache/httpcomponents/httpcore/4.2.1/httpcore-4.2.1.jar"/>
					</artifact>
				</artifacts>
			</revision>
			<revision name="4.0.1" status="release" pubdate="20130506204650" resolver="Typesafe Repository" artresolver="Typesafe Repository" evicted="latest-revision" evicted-reason="" homepage="http://hc.apache.org/httpcomponents-core/" downloaded="false" searched="false" default="false" conf="compile, master(*), runtime, compile(*), runtime(*), master" position="-1">
				<license name="Apache License" url="http://www.apache.org/licenses/LICENSE-2.0.html"/>
				<metadata-artifact status="no" details="" size="4248" time="0" location="/home/shanai/play/play-2.1.3-for-functional-store/repository/cache/org.apache.httpcomponents/httpcore/ivy-4.0.1.xml" searched="false" origin-is-local="false" origin-location="http://repo.typesafe.com/typesafe/releases/org/apache/httpcomponents/httpcore/4.0.1/httpcore-4.0.1.pom"/>
				<evicted-by rev="4.2.1"/>
				<caller organisation="oauth.signpost" name="signpost-commonshttp4" conf="default, compile, runtime, master" rev="4.0.1" rev-constraint-default="4.0.1" rev-constraint-dynamic="4.0.1" callerrev="1.2.1.2"/>
				<caller organisation="org.apache.httpcomponents" name="httpclient" conf="compile, runtime" rev="4.0.1" rev-constraint-default="4.0.1" rev-constraint-dynamic="4.0.1" callerrev="4.0.1"/>
				<artifacts>
				</artifacts>
			</revision>
		</module>
		<module organisation="org.seleniumhq.selenium" name="selenium-api">
			<revision name="2.33.0" status="release" pubdate="20130523040106" resolver="public" artresolver="public" homepage="" downloaded="false" searched="false" default="false" conf="compile, master(*), runtime, compile(*), runtime(*), master" position="49">
				<metadata-artifact status="no" details="" size="5848" time="0" location="/home/shanai/play/play-2.1.3-for-functional-store/repository/cache/org.seleniumhq.selenium/selenium-api/ivy-2.33.0.xml" searched="false" origin-is-local="false" origin-location="http://repo1.maven.org/maven2/org/seleniumhq/selenium/selenium-api/2.33.0/selenium-api-2.33.0.pom"/>
				<caller organisation="org.seleniumhq.selenium" name="selenium-support" conf="compile, runtime" rev="2.33.0" rev-constraint-default="2.33.0" rev-constraint-dynamic="2.33.0" callerrev="2.33.0"/>
				<caller organisation="org.seleniumhq.selenium" name="selenium-remote-driver" conf="compile, runtime" rev="2.33.0" rev-constraint-default="2.33.0" rev-constraint-dynamic="2.33.0" callerrev="2.33.0"/>
				<artifacts>
					<artifact name="selenium-api" type="jar" ext="jar" status="no" details="" size="141871" time="0" location="/home/shanai/play/play-2.1.3-for-functional-store/repository/cache/org.seleniumhq.selenium/selenium-api/jars/selenium-api-2.33.0.jar">
						<origin-location is-local="false" location="http://repo1.maven.org/maven2/org/seleniumhq/selenium/selenium-api/2.33.0/selenium-api-2.33.0.jar"/>
					</artifact>
				</artifacts>
			</revision>
		</module>
		<module organisation="com.google.guava" name="guava">
			<revision name="14.0" status="release" pubdate="20130226035554" resolver="public" artresolver="public" homepage="" downloaded="false" searched="false" default="false" conf="compile, master(*), runtime, compile(*), runtime(*), master" position="50">
				<metadata-artifact status="no" details="" size="3649" time="0" location="/home/shanai/play/play-2.1.3-for-functional-store/repository/cache/com.google.guava/guava/ivy-14.0.xml" searched="false" origin-is-local="false" origin-location="http://repo1.maven.org/maven2/com/google/guava/guava/14.0/guava-14.0.pom"/>
				<caller organisation="org.seleniumhq.selenium" name="selenium-remote-driver" conf="compile, runtime" rev="14.0" rev-constraint-default="14.0" rev-constraint-dynamic="14.0" callerrev="2.33.0"/>
				<caller organisation="org.seleniumhq.selenium" name="selenium-api" conf="compile, runtime" rev="14.0" rev-constraint-default="14.0" rev-constraint-dynamic="14.0" callerrev="2.33.0"/>
				<artifacts>
					<artifact name="guava" type="bundle" ext="jar" status="no" details="" size="2189111" time="0" location="/home/shanai/play/play-2.1.3-for-functional-store/repository/cache/com.google.guava/guava/bundles/guava-14.0.jar">
						<origin-location is-local="false" location="http://repo1.maven.org/maven2/com/google/guava/guava/14.0/guava-14.0.jar"/>
					</artifact>
				</artifacts>
			</revision>
		</module>
		<module organisation="org.json" name="json">
			<revision name="20080701" status="release" pubdate="20080721034729" resolver="public" artresolver="public" homepage="http://www.json.org/java/index.html" downloaded="false" searched="false" default="false" conf="compile, master(*), runtime, compile(*), runtime(*), master" position="48">
				<license name="provided without support or warranty" url="http://www.json.org/license.html"/>
				<metadata-artifact status="no" details="" size="2979" time="0" location="/home/shanai/play/play-2.1.3-for-functional-store/repository/cache/org.json/json/ivy-20080701.xml" searched="false" origin-is-local="false" origin-location="http://repo1.maven.org/maven2/org/json/json/20080701/json-20080701.pom"/>
				<caller organisation="org.seleniumhq.selenium" name="selenium-remote-driver" conf="compile, runtime" rev="20080701" rev-constraint-default="20080701" rev-constraint-dynamic="20080701" callerrev="2.33.0"/>
				<caller organisation="org.seleniumhq.selenium" name="selenium-api" conf="compile, runtime" rev="20080701" rev-constraint-default="20080701" rev-constraint-dynamic="20080701" callerrev="2.33.0"/>
				<artifacts>
					<artifact name="json" type="jar" ext="jar" status="no" details="" size="37875" time="0" location="/home/shanai/play/play-2.1.3-for-functional-store/repository/cache/org.json/json/jars/json-20080701.jar">
						<origin-location is-local="false" location="http://repo1.maven.org/maven2/org/json/json/20080701/json-20080701.jar"/>
					</artifact>
				</artifacts>
			</revision>
		</module>
		<module organisation="cglib" name="cglib-nodep">
			<revision name="2.1_3" status="release" pubdate="20051109071406" resolver="public" artresolver="public" homepage="http://cglib.sourceforge.net/" downloaded="false" searched="false" default="false" conf="compile, master(*), runtime, compile(*), runtime(*), master" position="47">
				<metadata-artifact status="no" details="" size="2217" time="0" location="/home/shanai/play/play-2.1.3-for-functional-store/repository/cache/cglib/cglib-nodep/ivy-2.1_3.xml" searched="false" origin-is-local="false" origin-location="http://repo1.maven.org/maven2/cglib/cglib-nodep/2.1_3/cglib-nodep-2.1_3.pom"/>
				<caller organisation="org.seleniumhq.selenium" name="selenium-remote-driver" conf="compile, runtime" rev="2.1_3" rev-constraint-default="2.1_3" rev-constraint-dynamic="2.1_3" callerrev="2.33.0"/>
				<artifacts>
					<artifact name="cglib-nodep" type="jar" ext="jar" status="no" details="" size="324238" time="0" location="/home/shanai/play/play-2.1.3-for-functional-store/repository/cache/cglib/cglib-nodep/jars/cglib-nodep-2.1_3.jar">
						<origin-location is-local="false" location="http://repo1.maven.org/maven2/cglib/cglib-nodep/2.1_3/cglib-nodep-2.1_3.jar"/>
					</artifact>
				</artifacts>
			</revision>
		</module>
		<module organisation="com.novocode" name="junit-interface">
			<revision name="0.10" status="release" pubdate="20130730230827" resolver="public" artresolver="public" homepage="http://github.com/szeiger/junit-interface/" downloaded="false" searched="false" default="false" conf="default(compile), default, compile, runtime, master" position="38">
				<license name="Two-clause BSD-style license" url="http://github.com/szeiger/junit-interface/blob/master/LICENSE.txt"/>
				<metadata-artifact status="no" details="" size="2749" time="0" location="/home/shanai/play/play-2.1.3-for-functional-store/repository/cache/com.novocode/junit-interface/ivy-0.10.xml" searched="false" origin-is-local="false" origin-location="http://repo1.maven.org/maven2/com/novocode/junit-interface/0.10/junit-interface-0.10.pom"/>
				<caller organisation="play" name="play_2.10" conf="test, compile, runtime" rev="0.10" rev-constraint-default="0.10" rev-constraint-dynamic="0.10" callerrev="2.1.3"/>
				<artifacts>
					<artifact name="junit-interface" type="jar" ext="jar" status="no" details="" size="22633" time="0" location="/home/shanai/play/play-2.1.3-for-functional-store/repository/cache/com.novocode/junit-interface/jars/junit-interface-0.10.jar">
						<origin-location is-local="false" location="http://repo1.maven.org/maven2/com/novocode/junit-interface/0.10/junit-interface-0.10.jar"/>
					</artifact>
				</artifacts>
			</revision>
		</module>
		<module organisation="junit" name="junit-dep">
			<revision name="4.10" status="release" pubdate="20110930041235" resolver="public" artresolver="public" homepage="http://junit.org" downloaded="false" searched="false" default="false" conf="compile, master(*), runtime, compile(*), runtime(*), master" position="39">
				<license name="Common Public License Version 1.0" url="http://www.opensource.org/licenses/cpl1.0.txt"/>
				<metadata-artifact status="no" details="" size="2773" time="0" location="/home/shanai/play/play-2.1.3-for-functional-store/repository/cache/junit/junit-dep/ivy-4.10.xml" searched="false" origin-is-local="false" origin-location="http://repo1.maven.org/maven2/junit/junit-dep/4.10/junit-dep-4.10.pom"/>
				<caller organisation="com.novocode" name="junit-interface" conf="default, compile, runtime, master" rev="4.10" rev-constraint-default="4.10" rev-constraint-dynamic="4.10" callerrev="0.10"/>
				<artifacts>
					<artifact name="junit-dep" type="jar" ext="jar" status="no" details="" size="234088" time="0" location="/home/shanai/play/play-2.1.3-for-functional-store/repository/cache/junit/junit-dep/jars/junit-dep-4.10.jar">
						<origin-location is-local="false" location="http://repo1.maven.org/maven2/junit/junit-dep/4.10/junit-dep-4.10.jar"/>
					</artifact>
				</artifacts>
			</revision>
		</module>
		<module organisation="org.hamcrest" name="hamcrest-core">
			<revision name="1.1" status="release" pubdate="20070719041143" resolver="public" artresolver="public" homepage="" downloaded="false" searched="false" default="false" conf="compile, master(*), runtime, compile(*), runtime(*), master" position="40">
				<metadata-artifact status="no" details="" size="4321" time="0" location="/home/shanai/play/play-2.1.3-for-functional-store/repository/cache/org.hamcrest/hamcrest-core/ivy-1.1.xml" searched="false" origin-is-local="false" origin-location="http://repo1.maven.org/maven2/org/hamcrest/hamcrest-core/1.1/hamcrest-core-1.1.pom"/>
				<caller organisation="junit" name="junit-dep" conf="compile, runtime" rev="1.1" rev-constraint-default="1.1" rev-constraint-dynamic="1.1" callerrev="4.10"/>
				<artifacts>
					<artifact name="hamcrest-core" type="jar" ext="jar" status="no" details="" size="76643" time="0" location="/home/shanai/play/play-2.1.3-for-functional-store/repository/cache/org.hamcrest/hamcrest-core/jars/hamcrest-core-1.1.jar">
						<origin-location is-local="false" location="http://repo1.maven.org/maven2/org/hamcrest/hamcrest-core/1.1/hamcrest-core-1.1.jar"/>
					</artifact>
				</artifacts>
			</revision>
		</module>
		<module organisation="com.google.code.findbugs" name="jsr305">
			<revision name="1.3.9" status="release" pubdate="20090825072822" resolver="public" artresolver="public" homepage="http://findbugs.sourceforge.net/" downloaded="false" searched="true" default="false" conf="default(compile), default, compile, runtime, master" position="31">
				<license name="The Apache Software License, Version 2.0" url="http://www.apache.org/licenses/LICENSE-2.0.txt"/>
				<metadata-artifact status="no" details="" size="2393" time="0" location="/home/shanai/play/play-2.1.3-for-functional-store/repository/cache/com.google.code.findbugs/jsr305/ivy-1.3.9.xml" searched="true" origin-is-local="false" origin-location="http://repo1.maven.org/maven2/com/google/code/findbugs/jsr305/1.3.9/jsr305-1.3.9.pom"/>
				<caller organisation="play" name="play_2.10" conf="test, compile, runtime" rev="1.3.+" rev-constraint-default="1.3.+" rev-constraint-dynamic="1.3.+" callerrev="2.1.3"/>
				<artifacts>
					<artifact name="jsr305" type="jar" ext="jar" status="no" details="" size="33015" time="0" location="/home/shanai/play/play-2.1.3-for-functional-store/repository/cache/com.google.code.findbugs/jsr305/jars/jsr305-1.3.9.jar">
						<origin-location is-local="false" location="http://repo1.maven.org/maven2/com/google/code/findbugs/jsr305/1.3.9/jsr305-1.3.9.jar"/>
					</artifact>
				</artifacts>
			</revision>
		</module>
		<module organisation="net.sf.ehcache" name="ehcache-core">
			<revision name="2.6.0" status="release" pubdate="20120724235024" resolver="public" artresolver="public" homepage="http://ehcache.org" downloaded="false" searched="false" default="false" conf="default(compile), default, compile, runtime, master" position="29">
				<license name="The Apache Software License, Version 2.0" url="src/assemble/EHCACHE-CORE-LICENSE.txt"/>
				<metadata-artifact status="no" details="" size="14770" time="0" location="/home/shanai/play/play-2.1.3-for-functional-store/repository/cache/net.sf.ehcache/ehcache-core/ivy-2.6.0.xml" searched="false" origin-is-local="false" origin-location="http://repo1.maven.org/maven2/net/sf/ehcache/ehcache-core/2.6.0/ehcache-core-2.6.0.pom"/>
				<caller organisation="play" name="play_2.10" conf="test, compile, runtime" rev="2.6.0" rev-constraint-default="2.6.0" rev-constraint-dynamic="2.6.0" callerrev="2.1.3"/>
				<artifacts>
					<artifact name="ehcache-core" type="jar" ext="jar" status="no" details="" size="1332004" time="0" location="/home/shanai/play/play-2.1.3-for-functional-store/repository/cache/net.sf.ehcache/ehcache-core/jars/ehcache-core-2.6.0.jar">
						<origin-location is-local="false" location="http://repo1.maven.org/maven2/net/sf/ehcache/ehcache-core/2.6.0/ehcache-core-2.6.0.jar"/>
					</artifact>
				</artifacts>
			</revision>
		</module>
		<module organisation="org.codehaus.jackson" name="jackson-mapper-asl">
			<revision name="1.9.10" status="release" pubdate="20120924115612" resolver="public" artresolver="public" homepage="http://jackson.codehaus.org" downloaded="false" searched="false" default="false" conf="default(compile), default, compile, runtime, master" position="28">
				<license name="The Apache Software License, Version 2.0" url="http://www.apache.org/licenses/LICENSE-2.0.txt"/>
				<metadata-artifact status="no" details="" size="2655" time="0" location="/home/shanai/play/play-2.1.3-for-functional-store/repository/cache/org.codehaus.jackson/jackson-mapper-asl/ivy-1.9.10.xml" searched="false" origin-is-local="false" origin-location="http://repo1.maven.org/maven2/org/codehaus/jackson/jackson-mapper-asl/1.9.10/jackson-mapper-asl-1.9.10.pom"/>
				<caller organisation="play" name="play_2.10" conf="test, compile, runtime" rev="1.9.10" rev-constraint-default="1.9.10" rev-constraint-dynamic="1.9.10" callerrev="2.1.3"/>
				<artifacts>
					<artifact name="jackson-mapper-asl" type="jar" ext="jar" status="no" details="" size="780421" time="0" location="/home/shanai/play/play-2.1.3-for-functional-store/repository/cache/org.codehaus.jackson/jackson-mapper-asl/jars/jackson-mapper-asl-1.9.10.jar">
						<origin-location is-local="false" location="http://repo1.maven.org/maven2/org/codehaus/jackson/jackson-mapper-asl/1.9.10/jackson-mapper-asl-1.9.10.jar"/>
					</artifact>
				</artifacts>
			</revision>
		</module>
		<module organisation="org.codehaus.jackson" name="jackson-core-asl">
			<revision name="1.9.10" status="release" pubdate="20120924115540" resolver="public" artresolver="public" homepage="http://jackson.codehaus.org" downloaded="false" searched="false" default="false" conf="default(compile), default, compile, master(*), compile(*), runtime, runtime(*), master" position="27">
				<license name="The Apache Software License, Version 2.0" url="http://www.apache.org/licenses/LICENSE-2.0.txt"/>
				<metadata-artifact status="no" details="" size="2438" time="0" location="/home/shanai/play/play-2.1.3-for-functional-store/repository/cache/org.codehaus.jackson/jackson-core-asl/ivy-1.9.10.xml" searched="false" origin-is-local="false" origin-location="http://repo1.maven.org/maven2/org/codehaus/jackson/jackson-core-asl/1.9.10/jackson-core-asl-1.9.10.pom"/>
				<caller organisation="play" name="play_2.10" conf="test, compile, runtime" rev="1.9.10" rev-constraint-default="1.9.10" rev-constraint-dynamic="1.9.10" callerrev="2.1.3"/>
				<caller organisation="org.codehaus.jackson" name="jackson-mapper-asl" conf="default, compile, runtime, master" rev="1.9.10" rev-constraint-default="1.9.10" rev-constraint-dynamic="1.9.10" callerrev="1.9.10"/>
				<artifacts>
					<artifact name="jackson-core-asl" type="jar" ext="jar" status="no" details="" size="232119" time="0" location="/home/shanai/play/play-2.1.3-for-functional-store/repository/cache/org.codehaus.jackson/jackson-core-asl/jars/jackson-core-asl-1.9.10.jar">
						<origin-location is-local="false" location="http://repo1.maven.org/maven2/org/codehaus/jackson/jackson-core-asl/1.9.10/jackson-core-asl-1.9.10.jar"/>
					</artifact>
				</artifacts>
			</revision>
		</module>
		<module organisation="oauth.signpost" name="signpost-commonshttp4">
			<revision name="1.2.1.2" status="release" pubdate="20120226171621" resolver="public" artresolver="public" homepage="" downloaded="false" searched="false" default="false" conf="default(compile), default, compile, runtime, master" position="25">
				<metadata-artifact status="no" details="" size="3714" time="0" location="/home/shanai/play/play-2.1.3-for-functional-store/repository/cache/oauth.signpost/signpost-commonshttp4/ivy-1.2.1.2.xml" searched="false" origin-is-local="false" origin-location="http://repo1.maven.org/maven2/oauth/signpost/signpost-commonshttp4/1.2.1.2/signpost-commonshttp4-1.2.1.2.pom"/>
				<caller organisation="play" name="play_2.10" conf="test, compile, runtime" rev="1.2.1.2" rev-constraint-default="1.2.1.2" rev-constraint-dynamic="1.2.1.2" callerrev="2.1.3"/>
				<artifacts>
					<artifact name="signpost-commonshttp4" type="jar" ext="jar" status="no" details="" size="6512" time="0" location="/home/shanai/play/play-2.1.3-for-functional-store/repository/cache/oauth.signpost/signpost-commonshttp4/jars/signpost-commonshttp4-1.2.1.2.jar">
						<origin-location is-local="false" location="http://repo1.maven.org/maven2/oauth/signpost/signpost-commonshttp4/1.2.1.2/signpost-commonshttp4-1.2.1.2.jar"/>
					</artifact>
				</artifacts>
			</revision>
		</module>
		<module organisation="oauth.signpost" name="signpost-core">
			<revision name="1.2.1.2" status="release" pubdate="20120226171606" resolver="public" artresolver="public" homepage="" downloaded="false" searched="false" default="false" conf="default(compile), default, compile, master(*), compile(*), runtime, runtime(*), master" position="24">
				<metadata-artifact status="no" details="" size="3140" time="0" location="/home/shanai/play/play-2.1.3-for-functional-store/repository/cache/oauth.signpost/signpost-core/ivy-1.2.1.2.xml" searched="false" origin-is-local="false" origin-location="http://repo1.maven.org/maven2/oauth/signpost/signpost-core/1.2.1.2/signpost-core-1.2.1.2.pom"/>
				<caller organisation="play" name="play_2.10" conf="test, compile, runtime" rev="1.2.1.2" rev-constraint-default="1.2.1.2" rev-constraint-dynamic="1.2.1.2" callerrev="2.1.3"/>
				<caller organisation="oauth.signpost" name="signpost-commonshttp4" conf="default, compile, runtime, master" rev="1.2.1.2" rev-constraint-default="1.2.1.2" rev-constraint-dynamic="1.2.1.2" callerrev="1.2.1.2"/>
				<artifacts>
					<artifact name="signpost-core" type="jar" ext="jar" status="no" details="" size="45277" time="0" location="/home/shanai/play/play-2.1.3-for-functional-store/repository/cache/oauth.signpost/signpost-core/jars/signpost-core-1.2.1.2.jar">
						<origin-location is-local="false" location="http://repo1.maven.org/maven2/oauth/signpost/signpost-core/1.2.1.2/signpost-core-1.2.1.2.jar"/>
					</artifact>
				</artifacts>
			</revision>
		</module>
		<module organisation="com.ning" name="async-http-client">
			<revision name="1.7.6" status="release" pubdate="20120828072241" resolver="public" artresolver="public" homepage="http://github.com/sonatype/async-http-client" downloaded="false" searched="false" default="false" conf="default(compile), default, compile, runtime, master" position="23">
				<license name="Apache License 2.0" url="http://www.apache.org/licenses/LICENSE-2.0.html"/>
				<metadata-artifact status="no" details="" size="7137" time="0" location="/home/shanai/play/play-2.1.3-for-functional-store/repository/cache/com.ning/async-http-client/ivy-1.7.6.xml" searched="false" origin-is-local="false" origin-location="http://repo1.maven.org/maven2/com/ning/async-http-client/1.7.6/async-http-client-1.7.6.pom"/>
				<caller organisation="play" name="play_2.10" conf="test, compile, runtime" rev="1.7.6" rev-constraint-default="1.7.6" rev-constraint-dynamic="1.7.6" callerrev="2.1.3"/>
				<artifacts>
					<artifact name="async-http-client" type="jar" ext="jar" status="no" details="" size="477054" time="0" location="/home/shanai/play/play-2.1.3-for-functional-store/repository/cache/com.ning/async-http-client/jars/async-http-client-1.7.6.jar">
						<origin-location is-local="false" location="http://repo1.maven.org/maven2/com/ning/async-http-client/1.7.6/async-http-client-1.7.6.jar"/>
					</artifact>
				</artifacts>
			</revision>
		</module>
		<module organisation="org.apache.commons" name="commons-lang3">
			<revision name="3.1" status="release" pubdate="20111115162705" resolver="public" artresolver="public" homepage="http://commons.apache.org/lang/" downloaded="false" searched="false" default="false" conf="default(compile), default, compile, master(*), compile(*), runtime, runtime(*), master" position="22">
				<metadata-artifact status="no" details="" size="7774" time="0" location="/home/shanai/play/play-2.1.3-for-functional-store/repository/cache/org.apache.commons/commons-lang3/ivy-3.1.xml" searched="false" origin-is-local="false" origin-location="http://repo1.maven.org/maven2/org/apache/commons/commons-lang3/3.1/commons-lang3-3.1.pom"/>
				<caller organisation="play" name="play_2.10" conf="test, compile, runtime" rev="3.1" rev-constraint-default="3.1" rev-constraint-dynamic="3.1" callerrev="2.1.3"/>
				<caller organisation="net.sourceforge.htmlunit" name="htmlunit" conf="compile, runtime" rev="3.1" rev-constraint-default="3.1" rev-constraint-dynamic="3.1" callerrev="2.12"/>
				<artifacts>
					<artifact name="commons-lang3" type="jar" ext="jar" status="no" details="" size="315805" time="0" location="/home/shanai/play/play-2.1.3-for-functional-store/repository/cache/org.apache.commons/commons-lang3/jars/commons-lang3-3.1.jar">
						<origin-location is-local="false" location="http://repo1.maven.org/maven2/org/apache/commons/commons-lang3/3.1/commons-lang3-3.1.jar"/>
					</artifact>
				</artifacts>
			</revision>
		</module>
		<module organisation="joda-time" name="joda-time">
			<revision name="2.1" status="release" pubdate="20120223012242" resolver="public" artresolver="public" homepage="http://joda-time.sourceforge.net" downloaded="false" searched="false" default="false" conf="default(compile), default, compile, runtime, master" position="20">
				<license name="Apache 2" url="http://www.apache.org/licenses/LICENSE-2.0.txt"/>
				<metadata-artifact status="no" details="" size="3297" time="0" location="/home/shanai/play/play-2.1.3-for-functional-store/repository/cache/joda-time/joda-time/ivy-2.1.xml" searched="false" origin-is-local="false" origin-location="http://repo1.maven.org/maven2/joda-time/joda-time/2.1/joda-time-2.1.pom"/>
				<caller organisation="play" name="play_2.10" conf="test, compile, runtime" rev="2.1" rev-constraint-default="2.1" rev-constraint-dynamic="2.1" callerrev="2.1.3"/>
				<artifacts>
					<artifact name="joda-time" type="jar" ext="jar" status="no" details="" size="570478" time="0" location="/home/shanai/play/play-2.1.3-for-functional-store/repository/cache/joda-time/joda-time/jars/joda-time-2.1.jar">
						<origin-location is-local="false" location="http://repo1.maven.org/maven2/joda-time/joda-time/2.1/joda-time-2.1.jar"/>
					</artifact>
				</artifacts>
			</revision>
		</module>
		<module organisation="org.joda" name="joda-convert">
			<revision name="1.2" status="release" pubdate="20111028045117" resolver="public" artresolver="public" homepage="http://joda-convert.sourceforge.net" downloaded="false" searched="false" default="false" conf="default(compile), default, compile, runtime, master" position="21">
				<license name="Apache 2" url="http://www.apache.org/licenses/LICENSE-2.0.txt"/>
				<metadata-artifact status="no" details="" size="3114" time="0" location="/home/shanai/play/play-2.1.3-for-functional-store/repository/cache/org.joda/joda-convert/ivy-1.2.xml" searched="false" origin-is-local="false" origin-location="http://repo1.maven.org/maven2/org/joda/joda-convert/1.2/joda-convert-1.2.pom"/>
				<caller organisation="play" name="play_2.10" conf="test, compile, runtime" rev="1.2" rev-constraint-default="1.2" rev-constraint-dynamic="1.2" callerrev="2.1.3"/>
				<artifacts>
					<artifact name="joda-convert" type="jar" ext="jar" status="no" details="" size="38460" time="0" location="/home/shanai/play/play-2.1.3-for-functional-store/repository/cache/org.joda/joda-convert/jars/joda-convert-1.2.jar">
						<origin-location is-local="false" location="http://repo1.maven.org/maven2/org/joda/joda-convert/1.2/joda-convert-1.2.jar"/>
					</artifact>
				</artifacts>
			</revision>
		</module>
		<module organisation="com.typesafe.akka" name="akka-slf4j_2.10">
			<revision name="2.1.0" status="release" pubdate="20121222212327" resolver="public" artresolver="public" homepage="http://akka.io" downloaded="false" searched="false" default="false" conf="default(compile), default, compile, runtime, master" position="18">
				<license name="Apache 2" url="http://www.apache.org/licenses/LICENSE-2.0.txt"/>
				<metadata-artifact status="no" details="" size="3029" time="0" location="/home/shanai/play/play-2.1.3-for-functional-store/repository/cache/com.typesafe.akka/akka-slf4j_2.10/ivy-2.1.0.xml" searched="false" origin-is-local="false" origin-location="http://repo1.maven.org/maven2/com/typesafe/akka/akka-slf4j_2.10/2.1.0/akka-slf4j_2.10-2.1.0.pom"/>
				<caller organisation="play" name="play_2.10" conf="test, compile, runtime" rev="2.1.0" rev-constraint-default="2.1.0" rev-constraint-dynamic="2.1.0" callerrev="2.1.3"/>
				<artifacts>
					<artifact name="akka-slf4j_2.10" type="bundle" ext="jar" status="no" details="" size="13426" time="0" location="/home/shanai/play/play-2.1.3-for-functional-store/repository/cache/com.typesafe.akka/akka-slf4j_2.10/bundles/akka-slf4j_2.10-2.1.0.jar">
						<origin-location is-local="false" location="http://repo1.maven.org/maven2/com/typesafe/akka/akka-slf4j_2.10/2.1.0/akka-slf4j_2.10-2.1.0.jar"/>
					</artifact>
				</artifacts>
			</revision>
		</module>
		<module organisation="org.slf4j" name="slf4j-api">
			<revision name="1.7.2" status="release" pubdate="20130506211402" resolver="Typesafe Repository" artresolver="Typesafe Repository" homepage="http://www.slf4j.org" downloaded="false" searched="false" default="false" conf="compile, master(*), runtime, compile(*), runtime(*), master, default(compile), default" position="19">
				<metadata-artifact status="no" details="" size="4469" time="0" location="/home/shanai/play/play-2.1.3-for-functional-store/repository/cache/org.slf4j/slf4j-api/ivy-1.7.2.xml" searched="false" origin-is-local="false" origin-location="http://repo.typesafe.com/typesafe/releases/org/slf4j/slf4j-api/1.7.2/slf4j-api-1.7.2.pom"/>
				<caller organisation="org.slf4j" name="jul-to-slf4j" conf="default, compile, runtime, master" rev="1.6.6" rev-constraint-default="1.6.6" rev-constraint-dynamic="1.6.6" callerrev="1.6.6"/>
				<caller organisation="ch.qos.logback" name="logback-classic" conf="default, compile, runtime, master" rev="1.6.6" rev-constraint-default="1.6.6" rev-constraint-dynamic="1.6.6" callerrev="1.0.7"/>
				<caller organisation="com.typesafe.akka" name="akka-slf4j_2.10" conf="default, compile, runtime, master" rev="1.7.2" rev-constraint-default="1.7.2" rev-constraint-dynamic="1.7.2" callerrev="2.1.0"/>
				<caller organisation="play" name="play_2.10" conf="test, compile, runtime" rev="1.6.6" rev-constraint-default="1.6.6" rev-constraint-dynamic="1.6.6" callerrev="2.1.3"/>
				<caller organisation="org.slf4j" name="jcl-over-slf4j" conf="default, compile, runtime, master" rev="1.6.6" rev-constraint-default="1.6.6" rev-constraint-dynamic="1.6.6" callerrev="1.6.6"/>
				<caller organisation="net.sf.ehcache" name="ehcache-core" conf="default, compile, runtime, master" rev="1.6.1" rev-constraint-default="1.6.1" rev-constraint-dynamic="1.6.1" callerrev="2.6.0"/>
				<artifacts>
					<artifact name="slf4j-api" type="jar" ext="jar" status="no" details="" size="26083" time="0" location="/home/shanai/play/play-2.1.3-for-functional-store/repository/cache/org.slf4j/slf4j-api/jars/slf4j-api-1.7.2.jar">
						<origin-location is-local="false" location="http://repo.typesafe.com/typesafe/releases/org/slf4j/slf4j-api/1.7.2/slf4j-api-1.7.2.jar"/>
					</artifact>
				</artifacts>
			</revision>
			<revision name="1.6.6" status="release" pubdate="20120611234148" resolver="public" artresolver="public" evicted="latest-revision" evicted-reason="" homepage="http://www.slf4j.org" downloaded="false" searched="false" default="false" conf="default(compile), default, compile, master(*), compile(*), runtime, runtime(*), master" position="-1">
				<metadata-artifact status="no" details="" size="4409" time="0" location="/home/shanai/play/play-2.1.3-for-functional-store/repository/cache/org.slf4j/slf4j-api/ivy-1.6.6.xml" searched="false" origin-is-local="false" origin-location="http://repo1.maven.org/maven2/org/slf4j/slf4j-api/1.6.6/slf4j-api-1.6.6.pom"/>
				<evicted-by rev="1.7.2"/>
				<caller organisation="org.slf4j" name="jul-to-slf4j" conf="default, compile, runtime, master" rev="1.6.6" rev-constraint-default="1.6.6" rev-constraint-dynamic="1.6.6" callerrev="1.6.6"/>
				<caller organisation="ch.qos.logback" name="logback-classic" conf="default, compile, runtime, master" rev="1.6.6" rev-constraint-default="1.6.6" rev-constraint-dynamic="1.6.6" callerrev="1.0.7"/>
				<caller organisation="play" name="play_2.10" conf="test, compile, runtime" rev="1.6.6" rev-constraint-default="1.6.6" rev-constraint-dynamic="1.6.6" callerrev="2.1.3"/>
				<caller organisation="org.slf4j" name="jcl-over-slf4j" conf="default, compile, runtime, master" rev="1.6.6" rev-constraint-default="1.6.6" rev-constraint-dynamic="1.6.6" callerrev="1.6.6"/>
				<artifacts>
				</artifacts>
			</revision>
			<revision name="1.6.1" evicted="latest-revision" evicted-reason="" downloaded="false" searched="false" conf="default(compile), compile, master(*), runtime, compile(*), runtime(*), master" position="-1">
				<evicted-by rev="1.7.2"/>
				<caller organisation="play" name="play_2.10" conf="compile" rev="1.6.1" rev-constraint-default="1.6.1" rev-constraint-dynamic="1.6.6" callerrev="2.1.3"/>
				<caller organisation="net.sf.ehcache" name="ehcache-core" conf="default, compile, runtime, master" rev="1.6.1" rev-constraint-default="1.6.1" rev-constraint-dynamic="1.6.1" callerrev="2.6.0"/>
				<artifacts>
				</artifacts>
			</revision>
		</module>
		<module organisation="com.typesafe.akka" name="akka-actor_2.10">
			<revision name="2.1.0" status="release" pubdate="20121222212239" resolver="public" artresolver="public" homepage="http://akka.io" downloaded="false" searched="false" default="false" conf="default(compile), default, compile, master(*), compile(*), runtime, runtime(*), master" position="17">
				<license name="Apache 2" url="http://www.apache.org/licenses/LICENSE-2.0.txt"/>
				<metadata-artifact status="no" details="" size="2641" time="0" location="/home/shanai/play/play-2.1.3-for-functional-store/repository/cache/com.typesafe.akka/akka-actor_2.10/ivy-2.1.0.xml" searched="false" origin-is-local="false" origin-location="http://repo1.maven.org/maven2/com/typesafe/akka/akka-actor_2.10/2.1.0/akka-actor_2.10-2.1.0.pom"/>
				<caller organisation="com.typesafe.akka" name="akka-slf4j_2.10" conf="default, compile, runtime, master" rev="2.1.0" rev-constraint-default="2.1.0" rev-constraint-dynamic="2.1.0" callerrev="2.1.0"/>
				<caller organisation="play" name="play_2.10" conf="test, compile, runtime" rev="2.1.0" rev-constraint-default="2.1.0" rev-constraint-dynamic="2.1.0" callerrev="2.1.3"/>
				<artifacts>
					<artifact name="akka-actor_2.10" type="bundle" ext="jar" status="no" details="" size="1892369" time="0" location="/home/shanai/play/play-2.1.3-for-functional-store/repository/cache/com.typesafe.akka/akka-actor_2.10/bundles/akka-actor_2.10-2.1.0.jar">
						<origin-location is-local="false" location="http://repo1.maven.org/maven2/com/typesafe/akka/akka-actor_2.10/2.1.0/akka-actor_2.10-2.1.0.jar"/>
					</artifact>
				</artifacts>
			</revision>
		</module>
		<module organisation="ch.qos.logback" name="logback-classic">
			<revision name="1.0.7" status="release" pubdate="20120824071347" resolver="public" artresolver="public" homepage="http://logback.qos.ch" downloaded="false" searched="false" default="false" conf="default(compile), default, compile, runtime, master" position="16">
				<license name="Eclipse Public License - v 1.0" url="http://www.eclipse.org/legal/epl-v10.html"/>
				<license name="GNU Lesser General Public License" url="http://www.gnu.org/licenses/old-licenses/lgpl-2.1.html"/>
				<metadata-artifact status="no" details="" size="10066" time="0" location="/home/shanai/play/play-2.1.3-for-functional-store/repository/cache/ch.qos.logback/logback-classic/ivy-1.0.7.xml" searched="false" origin-is-local="false" origin-location="http://repo1.maven.org/maven2/ch/qos/logback/logback-classic/1.0.7/logback-classic-1.0.7.pom"/>
				<caller organisation="play" name="play_2.10" conf="test, compile, runtime" rev="1.0.7" rev-constraint-default="1.0.7" rev-constraint-dynamic="1.0.7" callerrev="2.1.3"/>
				<artifacts>
					<artifact name="logback-classic" type="jar" ext="jar" status="no" details="" size="251679" time="0" location="/home/shanai/play/play-2.1.3-for-functional-store/repository/cache/ch.qos.logback/logback-classic/jars/logback-classic-1.0.7.jar">
						<origin-location is-local="false" location="http://repo1.maven.org/maven2/ch/qos/logback/logback-classic/1.0.7/logback-classic-1.0.7.jar"/>
					</artifact>
				</artifacts>
			</revision>
		</module>
		<module organisation="ch.qos.logback" name="logback-core">
			<revision name="1.0.7" status="release" pubdate="20120824071302" resolver="public" artresolver="public" homepage="http://logback.qos.ch" downloaded="false" searched="false" default="false" conf="default(compile), default, compile, master(*), compile(*), runtime, runtime(*), master" position="15">
				<license name="Eclipse Public License - v 1.0" url="http://www.eclipse.org/legal/epl-v10.html"/>
				<license name="GNU Lesser General Public License" url="http://www.gnu.org/licenses/old-licenses/lgpl-2.1.html"/>
				<metadata-artifact status="no" details="" size="9604" time="0" location="/home/shanai/play/play-2.1.3-for-functional-store/repository/cache/ch.qos.logback/logback-core/ivy-1.0.7.xml" searched="false" origin-is-local="false" origin-location="http://repo1.maven.org/maven2/ch/qos/logback/logback-core/1.0.7/logback-core-1.0.7.pom"/>
				<caller organisation="ch.qos.logback" name="logback-classic" conf="default, compile, runtime, master" rev="1.0.7" rev-constraint-default="1.0.7" rev-constraint-dynamic="1.0.7" callerrev="1.0.7"/>
				<caller organisation="play" name="play_2.10" conf="test, compile, runtime" rev="1.0.7" rev-constraint-default="1.0.7" rev-constraint-dynamic="1.0.7" callerrev="2.1.3"/>
				<artifacts>
					<artifact name="logback-core" type="jar" ext="jar" status="no" details="" size="364399" time="0" location="/home/shanai/play/play-2.1.3-for-functional-store/repository/cache/ch.qos.logback/logback-core/jars/logback-core-1.0.7.jar">
						<origin-location is-local="false" location="http://repo1.maven.org/maven2/ch/qos/logback/logback-core/1.0.7/logback-core-1.0.7.jar"/>
					</artifact>
				</artifacts>
			</revision>
		</module>
		<module organisation="org.slf4j" name="jcl-over-slf4j">
			<revision name="1.6.6" status="release" pubdate="20120611234300" resolver="public" artresolver="public" homepage="http://www.slf4j.org" downloaded="false" searched="false" default="false" conf="default(compile), default, compile, runtime, master" position="14">
				<metadata-artifact status="no" details="" size="4573" time="0" location="/home/shanai/play/play-2.1.3-for-functional-store/repository/cache/org.slf4j/jcl-over-slf4j/ivy-1.6.6.xml" searched="false" origin-is-local="false" origin-location="http://repo1.maven.org/maven2/org/slf4j/jcl-over-slf4j/1.6.6/jcl-over-slf4j-1.6.6.pom"/>
				<caller organisation="play" name="play_2.10" conf="test, compile, runtime" rev="1.6.6" rev-constraint-default="1.6.6" rev-constraint-dynamic="1.6.6" callerrev="2.1.3"/>
				<artifacts>
					<artifact name="jcl-over-slf4j" type="jar" ext="jar" status="no" details="" size="17289" time="0" location="/home/shanai/play/play-2.1.3-for-functional-store/repository/cache/org.slf4j/jcl-over-slf4j/jars/jcl-over-slf4j-1.6.6.jar">
						<origin-location is-local="false" location="http://repo1.maven.org/maven2/org/slf4j/jcl-over-slf4j/1.6.6/jcl-over-slf4j-1.6.6.jar"/>
					</artifact>
				</artifacts>
			</revision>
		</module>
		<module organisation="org.slf4j" name="jul-to-slf4j">
			<revision name="1.6.6" status="release" pubdate="20120611234322" resolver="public" artresolver="public" homepage="http://www.slf4j.org" downloaded="false" searched="false" default="false" conf="default(compile), default, compile, runtime, master" position="13">
				<metadata-artifact status="no" details="" size="4612" time="0" location="/home/shanai/play/play-2.1.3-for-functional-store/repository/cache/org.slf4j/jul-to-slf4j/ivy-1.6.6.xml" searched="false" origin-is-local="false" origin-location="http://repo1.maven.org/maven2/org/slf4j/jul-to-slf4j/1.6.6/jul-to-slf4j-1.6.6.pom"/>
				<caller organisation="play" name="play_2.10" conf="test, compile, runtime" rev="1.6.6" rev-constraint-default="1.6.6" rev-constraint-dynamic="1.6.6" callerrev="2.1.3"/>
				<artifacts>
					<artifact name="jul-to-slf4j" type="jar" ext="jar" status="no" details="" size="4955" time="0" location="/home/shanai/play/play-2.1.3-for-functional-store/repository/cache/org.slf4j/jul-to-slf4j/jars/jul-to-slf4j-1.6.6.jar">
						<origin-location is-local="false" location="http://repo1.maven.org/maven2/org/slf4j/jul-to-slf4j/1.6.6/jul-to-slf4j-1.6.6.jar"/>
					</artifact>
				</artifacts>
			</revision>
		</module>
		<module organisation="com.typesafe.netty" name="netty-http-pipelining">
			<revision name="1.1.1" status="release" pubdate="20130723114919" resolver="Typesafe Repository" artresolver="Typesafe Repository" homepage="https://github.com/typesafehub/netty-http-pipelining" downloaded="false" searched="false" default="false" conf="default(compile), default, compile, runtime, master" position="12">
				<license name="Apache 2" url="http://www.apache.org/licenses/LICENSE-2.0.txt"/>
				<metadata-artifact status="no" details="" size="2733" time="0" location="/home/shanai/play/play-2.1.3-for-functional-store/repository/cache/com.typesafe.netty/netty-http-pipelining/ivy-1.1.1.xml" searched="false" origin-is-local="false" origin-location="http://repo.typesafe.com/typesafe/releases/com/typesafe/netty/netty-http-pipelining/1.1.1/netty-http-pipelining-1.1.1.pom"/>
				<caller organisation="play" name="play_2.10" conf="test, compile, runtime" rev="1.1.1" rev-constraint-default="1.1.1" rev-constraint-dynamic="1.1.1" callerrev="2.1.3"/>
				<artifacts>
					<artifact name="netty-http-pipelining" type="jar" ext="jar" status="no" details="" size="6961" time="0" location="/home/shanai/play/play-2.1.3-for-functional-store/repository/cache/com.typesafe.netty/netty-http-pipelining/jars/netty-http-pipelining-1.1.1.jar">
						<origin-location is-local="false" location="http://repo.typesafe.com/typesafe/releases/com/typesafe/netty/netty-http-pipelining/1.1.1/netty-http-pipelining-1.1.1.jar"/>
					</artifact>
				</artifacts>
			</revision>
		</module>
		<module organisation="io.netty" name="netty">
			<revision name="3.6.3.Final" status="release" pubdate="20130221225442" resolver="public" artresolver="public" homepage="http://netty.io/" downloaded="false" searched="false" default="false" conf="default(compile), default, compile, master(*), compile(*), runtime, runtime(*), master" position="11">
				<license name="Apache License, Version 2.0" url="http://www.apache.org/licenses/LICENSE-2.0"/>
				<metadata-artifact status="no" details="" size="6425" time="0" location="/home/shanai/play/play-2.1.3-for-functional-store/repository/cache/io.netty/netty/ivy-3.6.3.Final.xml" searched="false" origin-is-local="false" origin-location="http://repo1.maven.org/maven2/io/netty/netty/3.6.3.Final/netty-3.6.3.Final.pom"/>
				<caller organisation="com.typesafe.netty" name="netty-http-pipelining" conf="default, compile, runtime, master" rev="3.6.3.Final" rev-constraint-default="3.6.3.Final" rev-constraint-dynamic="3.6.3.Final" callerrev="1.1.1"/>
				<caller organisation="play" name="play_2.10" conf="test, compile, runtime" rev="3.6.3.Final" rev-constraint-default="3.6.3.Final" rev-constraint-dynamic="3.6.3.Final" callerrev="2.1.3"/>
				<caller organisation="org.webbitserver" name="webbit" conf="compile, runtime" rev="3.5.2.Final" rev-constraint-default="3.5.2.Final" rev-constraint-dynamic="3.5.2.Final" callerrev="0.4.14"/>
				<artifacts>
					<artifact name="netty" type="bundle" ext="jar" status="no" details="" size="1202373" time="0" location="/home/shanai/play/play-2.1.3-for-functional-store/repository/cache/io.netty/netty/bundles/netty-3.6.3.Final.jar">
						<origin-location is-local="false" location="http://repo1.maven.org/maven2/io/netty/netty/3.6.3.Final/netty-3.6.3.Final.jar"/>
					</artifact>
				</artifacts>
			</revision>
			<revision name="3.5.2.Final" evicted="latest-revision" evicted-reason="" downloaded="false" searched="false" conf="compile, master(*), runtime, compile(*), runtime(*), master" position="-1">
				<evicted-by rev="3.6.3.Final"/>
				<caller organisation="org.webbitserver" name="webbit" conf="compile, runtime" rev="3.5.2.Final" rev-constraint-default="3.5.2.Final" rev-constraint-dynamic="3.5.2.Final" callerrev="0.4.14"/>
				<artifacts>
				</artifacts>
			</revision>
		</module>
		<module organisation="commons-logging" name="commons-logging">
			<revision name="1.1.1" status="release" pubdate="20130506203635" resolver="Typesafe Repository" artresolver="Typesafe Repository" homepage="http://commons.apache.org/logging" downloaded="false" searched="false" default="false" conf="compile, master(*), runtime, compile(*), runtime(*), master" position="26">
				<metadata-artifact status="no" details="" size="3941" time="0" location="/home/shanai/play/play-2.1.3-for-functional-store/repository/cache/commons-logging/commons-logging/ivy-1.1.1.xml" searched="false" origin-is-local="false" origin-location="http://repo.typesafe.com/typesafe/releases/commons-logging/commons-logging/1.1.1/commons-logging-1.1.1.pom"/>
				<caller organisation="net.sourceforge.htmlunit" name="htmlunit" conf="compile, runtime" rev="1.1.1" rev-constraint-default="1.1.1" rev-constraint-dynamic="1.1.1" callerrev="2.12"/>
				<caller organisation="org.apache.httpcomponents" name="httpclient" conf="compile, runtime" rev="1.1.1" rev-constraint-default="1.1.1" rev-constraint-dynamic="1.1.1" callerrev="4.2.1"/>
				<caller organisation="org.apache.httpcomponents" name="httpclient" conf="compile, runtime" rev="1.1.1" rev-constraint-default="1.1.1" rev-constraint-dynamic="1.1.1" callerrev="4.0.1"/>
				<artifacts>
					<artifact name="commons-logging" type="jar" ext="jar" status="no" details="" size="60686" time="0" location="/home/shanai/play/play-2.1.3-for-functional-store/repository/cache/commons-logging/commons-logging/jars/commons-logging-1.1.1.jar">
						<origin-location is-local="false" location="http://repo.typesafe.com/typesafe/releases/commons-logging/commons-logging/1.1.1/commons-logging-1.1.1.jar"/>
					</artifact>
				</artifacts>
			</revision>
		</module>
		<module organisation="play" name="play-iteratees_2.10">
			<revision name="2.1.3" status="integration" pubdate="20130825205429" resolver="inter-project" artresolver="inter-project" downloaded="false" searched="false" default="false" conf="default(compile), compile" position="8">
				<metadata-artifact status="failed" details="" size="0" time="0" searched="false"/>
				<caller organisation="play" name="play_2.10" conf="test, compile, runtime" rev="2.1.3" rev-constraint-default="2.1.3" rev-constraint-dynamic="2.1.3" callerrev="2.1.3"/>
				<artifacts>
				</artifacts>
			</revision>
		</module>
		<module organisation="com.typesafe" name="config">
			<revision name="1.0.0" status="release" pubdate="20130506204453" resolver="Typesafe Repository" artresolver="Typesafe Repository" homepage="https://github.com/typesafehub/config" downloaded="false" searched="false" default="false" conf="default(compile), default, compile, master(*), compile(*), runtime, runtime(*), master" position="10">
				<license name="Apache License, Version 2.0" url="http://www.apache.org/licenses/LICENSE-2.0"/>
				<metadata-artifact status="no" details="" size="2725" time="0" location="/home/shanai/play/play-2.1.3-for-functional-store/repository/cache/com.typesafe/config/ivy-1.0.0.xml" searched="false" origin-is-local="false" origin-location="http://repo.typesafe.com/typesafe/releases/com/typesafe/config/1.0.0/config-1.0.0.pom"/>
				<caller organisation="play" name="play-iteratees_2.10" conf="compile" rev="1.0.0" rev-constraint-default="1.0.0" rev-constraint-dynamic="1.0.0" callerrev="2.1.3"/>
				<caller organisation="com.typesafe.akka" name="akka-actor_2.10" conf="default, compile, runtime, master" rev="1.0.0" rev-constraint-default="1.0.0" rev-constraint-dynamic="1.0.0" callerrev="2.1.0"/>
				<artifacts>
					<artifact name="config" type="bundle" ext="jar" status="no" details="" size="185676" time="0" location="/home/shanai/play/play-2.1.3-for-functional-store/repository/cache/com.typesafe/config/bundles/config-1.0.0.jar">
						<origin-location is-local="false" location="http://repo.typesafe.com/typesafe/releases/com/typesafe/config/1.0.0/config-1.0.0.jar"/>
					</artifact>
				</artifacts>
			</revision>
		</module>
		<module organisation="org.scala-stm" name="scala-stm_2.10.0">
			<revision name="0.6" status="release" pubdate="20121221015611" resolver="public" artresolver="public" homepage="http://nbronson.github.com/scala-stm/" downloaded="false" searched="false" default="false" conf="default(compile), default, compile, runtime, master" position="9">
				<license name="BSD" url="https://github.com/nbronson/scala-stm/blob/master/LICENSE.txt"/>
				<metadata-artifact status="no" details="" size="2535" time="0" location="/home/shanai/play/play-2.1.3-for-functional-store/repository/cache/org.scala-stm/scala-stm_2.10.0/ivy-0.6.xml" searched="false" origin-is-local="false" origin-location="http://repo1.maven.org/maven2/org/scala-stm/scala-stm_2.10.0/0.6/scala-stm_2.10.0-0.6.pom"/>
				<caller organisation="play" name="play_2.10" conf="test, compile, runtime" rev="0.6" rev-constraint-default="0.6" rev-constraint-dynamic="0.6" callerrev="2.1.3"/>
				<caller organisation="play" name="play-iteratees_2.10" conf="compile" rev="0.6" rev-constraint-default="0.6" rev-constraint-dynamic="0.6" callerrev="2.1.3"/>
				<artifacts>
					<artifact name="scala-stm_2.10.0" type="jar" ext="jar" status="no" details="" size="609513" time="0" location="/home/shanai/play/play-2.1.3-for-functional-store/repository/cache/org.scala-stm/scala-stm_2.10.0/jars/scala-stm_2.10.0-0.6.jar">
						<origin-location is-local="false" location="http://repo1.maven.org/maven2/org/scala-stm/scala-stm_2.10.0/0.6/scala-stm_2.10.0-0.6.jar"/>
					</artifact>
				</artifacts>
			</revision>
		</module>
		<module organisation="play" name="templates_2.10">
			<revision name="2.1.3" status="integration" pubdate="20130825205427" resolver="inter-project" artresolver="inter-project" downloaded="false" searched="false" default="false" conf="default(compile), compile" position="3">
				<metadata-artifact status="failed" details="" size="0" time="0" searched="false"/>
				<caller organisation="play" name="play_2.10" conf="test, compile, runtime" rev="2.1.3" rev-constraint-default="2.1.3" rev-constraint-dynamic="2.1.3" callerrev="2.1.3"/>
				<artifacts>
				</artifacts>
			</revision>
		</module>
		<module organisation="org.specs2" name="specs2_2.10">
			<revision name="1.13" status="release" pubdate="20121220214856" resolver="public" artresolver="public" homepage="http://specs2.org/" downloaded="false" searched="false" default="false" conf="default(compile), default, compile, runtime, master" position="33">
				<license name="MIT-style" url="http://www.opensource.org/licenses/mit-license.php"/>
				<metadata-artifact status="no" details="" size="3576" time="0" location="/home/shanai/play/play-2.1.3-for-functional-store/repository/cache/org.specs2/specs2_2.10/ivy-1.13.xml" searched="false" origin-is-local="false" origin-location="http://repo1.maven.org/maven2/org/specs2/specs2_2.10/1.13/specs2_2.10-1.13.pom"/>
				<caller organisation="play" name="play_2.10" conf="test, compile, runtime" rev="1.13" rev-constraint-default="1.13" rev-constraint-dynamic="1.13" callerrev="2.1.3"/>
				<artifacts>
					<artifact name="specs2_2.10" type="jar" ext="jar" status="no" details="" size="6656378" time="0" location="/home/shanai/play/play-2.1.3-for-functional-store/repository/cache/org.specs2/specs2_2.10/jars/specs2_2.10-1.13.jar">
						<origin-location is-local="false" location="http://repo1.maven.org/maven2/org/specs2/specs2_2.10/1.13/specs2_2.10-1.13.jar"/>
					</artifact>
				</artifacts>
			</revision>
		</module>
		<module organisation="org.mockito" name="mockito-all">
			<revision name="1.9.0" status="release" pubdate="20111220102459" resolver="public" artresolver="public" homepage="http://www.mockito.org" downloaded="false" searched="false" default="false" conf="default(compile), default, compile, runtime, master" position="37">
				<license name="The MIT License" url="http://code.google.com/p/mockito/wiki/License"/>
				<metadata-artifact status="no" details="" size="2352" time="0" location="/home/shanai/play/play-2.1.3-for-functional-store/repository/cache/org.mockito/mockito-all/ivy-1.9.0.xml" searched="false" origin-is-local="false" origin-location="http://repo1.maven.org/maven2/org/mockito/mockito-all/1.9.0/mockito-all-1.9.0.pom"/>
				<caller organisation="play" name="play_2.10" conf="test, compile, runtime" rev="1.9.0" rev-constraint-default="1.9.0" rev-constraint-dynamic="1.9.0" callerrev="2.1.3"/>
				<artifacts>
					<artifact name="mockito-all" type="jar" ext="jar" status="no" details="" size="1495219" time="0" location="/home/shanai/play/play-2.1.3-for-functional-store/repository/cache/org.mockito/mockito-all/jars/mockito-all-1.9.0.jar">
						<origin-location is-local="false" location="http://repo1.maven.org/maven2/org/mockito/mockito-all/1.9.0/mockito-all-1.9.0.jar"/>
					</artifact>
				</artifacts>
			</revision>
		</module>
		<module organisation="org.scala-tools.testing" name="test-interface">
			<revision name="0.5" status="release" pubdate="20100328083658" resolver="public" artresolver="public" homepage="" downloaded="false" searched="false" default="false" conf="compile, master(*), runtime, compile(*), runtime(*), master" position="41">
				<metadata-artifact status="no" details="" size="2210" time="0" location="/home/shanai/play/play-2.1.3-for-functional-store/repository/cache/org.scala-tools.testing/test-interface/ivy-0.5.xml" searched="false" origin-is-local="false" origin-location="http://repo1.maven.org/maven2/org/scala-tools/testing/test-interface/0.5/test-interface-0.5.pom"/>
				<caller organisation="com.novocode" name="junit-interface" conf="default, compile, runtime, master" rev="0.5" rev-constraint-default="0.5" rev-constraint-dynamic="0.5" callerrev="0.10"/>
				<artifacts>
					<artifact name="test-interface" type="jar" ext="jar" status="no" details="" size="4407" time="0" location="/home/shanai/play/play-2.1.3-for-functional-store/repository/cache/org.scala-tools.testing/test-interface/jars/test-interface-0.5.jar">
						<origin-location is-local="false" location="http://repo1.maven.org/maven2/org/scala-tools/testing/test-interface/0.5/test-interface-0.5.jar"/>
					</artifact>
				</artifacts>
			</revision>
		</module>
		<module organisation="org.specs2" name="scalaz-concurrent_2.10">
			<revision name="7.0.0" status="release" pubdate="20121220200510" resolver="public" artresolver="public" homepage="http://specs2.org/" downloaded="false" searched="false" default="false" conf="compile, master(*), runtime, compile(*), runtime(*), master" position="35">
				<license name="MIT-style" url="http://www.opensource.org/licenses/mit-license.php"/>
				<metadata-artifact status="no" details="" size="2810" time="0" location="/home/shanai/play/play-2.1.3-for-functional-store/repository/cache/org.specs2/scalaz-concurrent_2.10/ivy-7.0.0.xml" searched="false" origin-is-local="false" origin-location="http://repo1.maven.org/maven2/org/specs2/scalaz-concurrent_2.10/7.0.0/scalaz-concurrent_2.10-7.0.0.pom"/>
				<caller organisation="org.specs2" name="specs2_2.10" conf="default, compile, runtime, master" rev="7.0.0" rev-constraint-default="7.0.0" rev-constraint-dynamic="7.0.0" callerrev="1.13"/>
				<artifacts>
					<artifact name="scalaz-concurrent_2.10" type="jar" ext="jar" status="no" details="" size="189253" time="0" location="/home/shanai/play/play-2.1.3-for-functional-store/repository/cache/org.specs2/scalaz-concurrent_2.10/jars/scalaz-concurrent_2.10-7.0.0.jar">
						<origin-location is-local="false" location="http://repo1.maven.org/maven2/org/specs2/scalaz-concurrent_2.10/7.0.0/scalaz-concurrent_2.10-7.0.0.jar"/>
					</artifact>
				</artifacts>
			</revision>
		</module>
		<module organisation="org.specs2" name="scalaz-effect_2.10">
			<revision name="7.0.0" status="release" pubdate="20121220200525" resolver="public" artresolver="public" homepage="http://specs2.org/" downloaded="false" searched="false" default="false" conf="compile, master(*), runtime, compile(*), runtime(*), master" position="36">
				<license name="MIT-style" url="http://www.opensource.org/licenses/mit-license.php"/>
				<metadata-artifact status="no" details="" size="2657" time="0" location="/home/shanai/play/play-2.1.3-for-functional-store/repository/cache/org.specs2/scalaz-effect_2.10/ivy-7.0.0.xml" searched="false" origin-is-local="false" origin-location="http://repo1.maven.org/maven2/org/specs2/scalaz-effect_2.10/7.0.0/scalaz-effect_2.10-7.0.0.pom"/>
				<caller organisation="org.specs2" name="scalaz-concurrent_2.10" conf="compile, runtime" rev="7.0.0" rev-constraint-default="7.0.0" rev-constraint-dynamic="7.0.0" callerrev="7.0.0"/>
				<artifacts>
					<artifact name="scalaz-effect_2.10" type="jar" ext="jar" status="no" details="" size="391773" time="0" location="/home/shanai/play/play-2.1.3-for-functional-store/repository/cache/org.specs2/scalaz-effect_2.10/jars/scalaz-effect_2.10-7.0.0.jar">
						<origin-location is-local="false" location="http://repo1.maven.org/maven2/org/specs2/scalaz-effect_2.10/7.0.0/scalaz-effect_2.10-7.0.0.jar"/>
					</artifact>
				</artifacts>
			</revision>
		</module>
		<module organisation="org.specs2" name="scalaz-core_2.10">
			<revision name="7.0.0" status="release" pubdate="20121220200704" resolver="public" artresolver="public" homepage="http://specs2.org/" downloaded="false" searched="false" default="false" conf="compile, master(*), runtime, compile(*), runtime(*), master" position="34">
				<license name="MIT-style" url="http://www.opensource.org/licenses/mit-license.php"/>
				<metadata-artifact status="no" details="" size="2512" time="0" location="/home/shanai/play/play-2.1.3-for-functional-store/repository/cache/org.specs2/scalaz-core_2.10/ivy-7.0.0.xml" searched="false" origin-is-local="false" origin-location="http://repo1.maven.org/maven2/org/specs2/scalaz-core_2.10/7.0.0/scalaz-core_2.10-7.0.0.pom"/>
				<caller organisation="org.specs2" name="scalaz-concurrent_2.10" conf="compile, runtime" rev="7.0.0" rev-constraint-default="7.0.0" rev-constraint-dynamic="7.0.0" callerrev="7.0.0"/>
				<caller organisation="org.specs2" name="specs2_2.10" conf="default, compile, runtime, master" rev="7.0.0" rev-constraint-default="7.0.0" rev-constraint-dynamic="7.0.0" callerrev="1.13"/>
				<caller organisation="org.specs2" name="scalaz-effect_2.10" conf="compile, runtime" rev="7.0.0" rev-constraint-default="7.0.0" rev-constraint-dynamic="7.0.0" callerrev="7.0.0"/>
				<artifacts>
					<artifact name="scalaz-core_2.10" type="jar" ext="jar" status="no" details="" size="8897195" time="0" location="/home/shanai/play/play-2.1.3-for-functional-store/repository/cache/org.specs2/scalaz-core_2.10/jars/scalaz-core_2.10-7.0.0.jar">
						<origin-location is-local="false" location="http://repo1.maven.org/maven2/org/specs2/scalaz-core_2.10/7.0.0/scalaz-core_2.10-7.0.0.jar"/>
					</artifact>
				</artifacts>
			</revision>
		</module>
		<module organisation="com.github.scala-incubator.io" name="scala-io-file_2.10">
			<revision name="0.4.2" status="release" pubdate="20130123162132" resolver="public" artresolver="public" homepage="http://jesseeichar.github.com/scala-io-doc/index.html" downloaded="false" searched="false" default="false" conf="default(compile), default, compile, runtime, master" position="4">
				<license name="Scala License" url="http://www.scala-lang.org/node/146"/>
				<metadata-artifact status="no" details="" size="2953" time="0" location="/home/shanai/play/play-2.1.3-for-functional-store/repository/cache/com.github.scala-incubator.io/scala-io-file_2.10/ivy-0.4.2.xml" searched="false" origin-is-local="false" origin-location="http://repo1.maven.org/maven2/com/github/scala-incubator/io/scala-io-file_2.10/0.4.2/scala-io-file_2.10-0.4.2.pom"/>
				<caller organisation="play" name="templates_2.10" conf="compile" rev="0.4.2" rev-constraint-default="0.4.2" rev-constraint-dynamic="0.4.2" callerrev="2.1.3"/>
				<caller organisation="play" name="play_2.10" conf="test, compile, runtime" rev="0.4.2" rev-constraint-default="0.4.2" rev-constraint-dynamic="0.4.2" callerrev="2.1.3"/>
				<caller organisation="play" name="play-iteratees_2.10" conf="compile" rev="0.4.2" rev-constraint-default="0.4.2" rev-constraint-dynamic="0.4.2" callerrev="2.1.3"/>
				<artifacts>
					<artifact name="scala-io-file_2.10" type="jar" ext="jar" status="no" details="" size="437576" time="0" location="/home/shanai/play/play-2.1.3-for-functional-store/repository/cache/com.github.scala-incubator.io/scala-io-file_2.10/jars/scala-io-file_2.10-0.4.2.jar">
						<origin-location is-local="false" location="http://repo1.maven.org/maven2/com/github/scala-incubator/io/scala-io-file_2.10/0.4.2/scala-io-file_2.10-0.4.2.jar"/>
					</artifact>
				</artifacts>
			</revision>
		</module>
		<module organisation="com.github.scala-incubator.io" name="scala-io-core_2.10">
			<revision name="0.4.2" status="release" pubdate="20130123162148" resolver="public" artresolver="public" homepage="http://jesseeichar.github.com/scala-io-doc/index.html" downloaded="false" searched="false" default="false" conf="compile, master(*), runtime, compile(*), runtime(*), master" position="5">
				<license name="Scala License" url="http://www.scala-lang.org/node/146"/>
				<metadata-artifact status="no" details="" size="2930" time="0" location="/home/shanai/play/play-2.1.3-for-functional-store/repository/cache/com.github.scala-incubator.io/scala-io-core_2.10/ivy-0.4.2.xml" searched="false" origin-is-local="false" origin-location="http://repo1.maven.org/maven2/com/github/scala-incubator/io/scala-io-core_2.10/0.4.2/scala-io-core_2.10-0.4.2.pom"/>
				<caller organisation="com.github.scala-incubator.io" name="scala-io-file_2.10" conf="default, compile, runtime, master" rev="0.4.2" rev-constraint-default="0.4.2" rev-constraint-dynamic="0.4.2" callerrev="0.4.2"/>
				<artifacts>
					<artifact name="scala-io-core_2.10" type="jar" ext="jar" status="no" details="" size="1295513" time="0" location="/home/shanai/play/play-2.1.3-for-functional-store/repository/cache/com.github.scala-incubator.io/scala-io-core_2.10/jars/scala-io-core_2.10-0.4.2.jar">
						<origin-location is-local="false" location="http://repo1.maven.org/maven2/com/github/scala-incubator/io/scala-io-core_2.10/0.4.2/scala-io-core_2.10-0.4.2.jar"/>
					</artifact>
				</artifacts>
			</revision>
		</module>
		<module organisation="com.jsuereth" name="scala-arm_2.10">
			<revision name="1.3" status="release" pubdate="20130122020254" resolver="public" artresolver="public" homepage="http://jsuereth.com/scala-arm" downloaded="false" searched="false" default="false" conf="compile, master(*), runtime, compile(*), runtime(*), master" position="7">
				<license name="BSD-style" url="http://www.opensource.org/licenses/bsd-license.php"/>
				<metadata-artifact status="no" details="" size="2981" time="0" location="/home/shanai/play/play-2.1.3-for-functional-store/repository/cache/com.jsuereth/scala-arm_2.10/ivy-1.3.xml" searched="false" origin-is-local="false" origin-location="http://repo1.maven.org/maven2/com/jsuereth/scala-arm_2.10/1.3/scala-arm_2.10-1.3.pom"/>
				<caller organisation="com.github.scala-incubator.io" name="scala-io-core_2.10" conf="compile, runtime" rev="1.3" rev-constraint-default="1.3" rev-constraint-dynamic="1.3" callerrev="0.4.2"/>
				<artifacts>
					<artifact name="scala-arm_2.10" type="jar" ext="jar" status="no" details="" size="75459" time="0" location="/home/shanai/play/play-2.1.3-for-functional-store/repository/cache/com.jsuereth/scala-arm_2.10/jars/scala-arm_2.10-1.3.jar">
						<origin-location is-local="false" location="http://repo1.maven.org/maven2/com/jsuereth/scala-arm_2.10/1.3/scala-arm_2.10-1.3.jar"/>
					</artifact>
				</artifacts>
			</revision>
		</module>
		<module organisation="javax.transaction" name="jta">
			<revision name="1.1" status="release" pubdate="20081028102721" resolver="public" artresolver="public" homepage="http://java.sun.com/products/jta" downloaded="false" searched="false" default="false" conf="default(compile), default, compile, runtime, master" position="30">
				<metadata-artifact status="no" details="" size="2353" time="0" location="/home/shanai/play/play-2.1.3-for-functional-store/repository/cache/javax.transaction/jta/ivy-1.1.xml" searched="false" origin-is-local="false" origin-location="http://repo1.maven.org/maven2/javax/transaction/jta/1.1/jta-1.1.pom"/>
				<caller organisation="play" name="play_2.10" conf="test, compile, runtime" rev="1.1" rev-constraint-default="1.1" rev-constraint-dynamic="1.1" callerrev="2.1.3"/>
				<artifacts>
					<artifact name="jta" type="jar" ext="jar" status="no" details="" size="15071" time="0" location="/home/shanai/play/play-2.1.3-for-functional-store/repository/cache/javax.transaction/jta/jars/jta-1.1.jar">
						<origin-location is-local="false" location="http://repo1.maven.org/maven2/javax/transaction/jta/1.1/jta-1.1.jar"/>
					</artifact>
				</artifacts>
			</revision>
		</module>
		<module organisation="org.scala-lang" name="scala-reflect">
			<revision name="2.10.0" status="release" pubdate="20121220162932" resolver="public" artresolver="public" homepage="http://www.scala-lang.org/" downloaded="false" searched="false" default="false" conf="default(compile), default, compile, runtime, master" position="32">
				<license name="BSD-like" url="http://www.scala-lang.org/downloads/license.html    "/>
				<metadata-artifact status="no" details="" size="2552" time="0" location="/home/shanai/play/play-2.1.3-for-functional-store/repository/cache/org.scala-lang/scala-reflect/ivy-2.10.0.xml" searched="false" origin-is-local="false" origin-location="http://repo1.maven.org/maven2/org/scala-lang/scala-reflect/2.10.0/scala-reflect-2.10.0.pom"/>
				<caller organisation="play" name="play_2.10" conf="test, compile, runtime" rev="2.10.0" rev-constraint-default="2.10.0" rev-constraint-dynamic="2.10.0" callerrev="2.1.3"/>
				<artifacts>
					<artifact name="scala-reflect" type="jar" ext="jar" status="no" details="" size="3149351" time="0" location="/home/shanai/play/play-2.1.3-for-functional-store/repository/cache/org.scala-lang/scala-reflect/jars/scala-reflect-2.10.0.jar">
						<origin-location is-local="false" location="http://repo1.maven.org/maven2/org/scala-lang/scala-reflect/2.10.0/scala-reflect-2.10.0.jar"/>
					</artifact>
				</artifacts>
			</revision>
		</module>
		<module organisation="org.scala-lang" name="scala-library">
			<revision name="2.10.0" status="release" pubdate="20121220162916" resolver="public" artresolver="public" homepage="http://www.scala-lang.org/" downloaded="false" searched="false" default="false" conf="compile, master(*), runtime, compile(*), runtime(*), master" position="6">
				<license name="BSD-like" url="http://www.scala-lang.org/downloads/license.html          "/>
				<metadata-artifact status="no" details="" size="2392" time="0" location="/home/shanai/play/play-2.1.3-for-functional-store/repository/cache/org.scala-lang/scala-library/ivy-2.10.0.xml" searched="false" origin-is-local="false" origin-location="http://repo1.maven.org/maven2/org/scala-lang/scala-library/2.10.0/scala-library-2.10.0.pom"/>
				<caller organisation="com.typesafe.akka" name="akka-slf4j_2.10" conf="default, compile, runtime, master" rev="2.10.0" rev-constraint-default="2.10.0" rev-constraint-dynamic="2.10.0" callerrev="2.1.0"/>
				<caller organisation="org.specs2" name="scalaz-concurrent_2.10" conf="compile, runtime" rev="2.10.0" rev-constraint-default="2.10.0" rev-constraint-dynamic="2.10.0" callerrev="7.0.0"/>
				<caller organisation="org.specs2" name="scalaz-core_2.10" conf="compile, runtime" rev="2.10.0" rev-constraint-default="2.10.0" rev-constraint-dynamic="2.10.0" callerrev="7.0.0"/>
				<caller organisation="org.scala-lang" name="scala-reflect" conf="default, compile, runtime, master" rev="2.10.0" rev-constraint-default="2.10.0" rev-constraint-dynamic="2.10.0" callerrev="2.10.0"/>
				<caller organisation="org.scala-stm" name="scala-stm_2.10.0" conf="default, compile, runtime, master" rev="2.10.0" rev-constraint-default="2.10.0" rev-constraint-dynamic="2.10.0" callerrev="0.6"/>
				<caller organisation="com.jsuereth" name="scala-arm_2.10" conf="compile, runtime" rev="2.10.0" rev-constraint-default="2.10.0" rev-constraint-dynamic="2.10.0" callerrev="1.3"/>
				<caller organisation="org.specs2" name="scalaz-effect_2.10" conf="compile, runtime" rev="2.10.0" rev-constraint-default="2.10.0" rev-constraint-dynamic="2.10.0" callerrev="7.0.0"/>
				<caller organisation="com.typesafe.akka" name="akka-actor_2.10" conf="default, compile, runtime, master" rev="2.10.0" rev-constraint-default="2.10.0" rev-constraint-dynamic="2.10.0" callerrev="2.1.0"/>
				<caller organisation="com.github.scala-incubator.io" name="scala-io-core_2.10" conf="compile, runtime" rev="2.10.0" rev-constraint-default="2.10.0" rev-constraint-dynamic="2.10.0" callerrev="0.4.2"/>
				<caller organisation="com.github.scala-incubator.io" name="scala-io-file_2.10" conf="default, compile, runtime, master" rev="2.10.0" rev-constraint-default="2.10.0" rev-constraint-dynamic="2.10.0" callerrev="0.4.2"/>
				<artifacts>
				</artifacts>
			</revision>
		</module>
		<module organisation="play" name="play-exceptions">
			<revision name="2.1.3" status="integration" pubdate="20130825205430" resolver="inter-project" artresolver="inter-project" downloaded="false" searched="false" default="false" conf="default(compile), compile" position="2">
				<metadata-artifact status="failed" details="" size="0" time="0" searched="false"/>
				<caller organisation="play" name="play_2.10" conf="test, compile, runtime" rev="2.1.3" rev-constraint-default="2.1.3" rev-constraint-dynamic="2.1.3" callerrev="2.1.3"/>
				<artifacts>
				</artifacts>
			</revision>
		</module>
		<module organisation="play" name="sbt-link">
			<revision name="2.1.3" status="integration" pubdate="20130825205427" resolver="inter-project" artresolver="inter-project" downloaded="false" searched="false" default="false" conf="default(compile), compile" position="0">
				<metadata-artifact status="failed" details="" size="0" time="0" searched="false"/>
				<caller organisation="play" name="play_2.10" conf="test, compile, runtime" rev="2.1.3" rev-constraint-default="2.1.3" rev-constraint-dynamic="2.1.3" callerrev="2.1.3"/>
				<artifacts>
				</artifacts>
			</revision>
		</module>
		<module organisation="org.javassist" name="javassist">
			<revision name="3.16.1-GA" status="release" pubdate="20120307003712" resolver="public" artresolver="public" homepage="http://www.javassist.org/" downloaded="false" searched="false" default="false" conf="default(compile), default, compile, runtime, master" position="1">
				<license name="MPL 1.1" url="http://www.mozilla.org/MPL/MPL-1.1.html"/>
				<license name="LGPL 2.1" url="http://www.gnu.org/licenses/lgpl-2.1.html"/>
				<license name="Apache License 2.0" url="http://www.apache.org/licenses/"/>
				<metadata-artifact status="no" details="" size="3064" time="0" location="/home/shanai/play/play-2.1.3-for-functional-store/repository/cache/org.javassist/javassist/ivy-3.16.1-GA.xml" searched="false" origin-is-local="false" origin-location="http://repo1.maven.org/maven2/org/javassist/javassist/3.16.1-GA/javassist-3.16.1-GA.pom"/>
				<caller organisation="play" name="sbt-link" conf="compile" rev="3.16.1-GA" rev-constraint-default="3.16.1-GA" rev-constraint-dynamic="3.16.1-GA" callerrev="2.1.3"/>
				<artifacts>
					<artifact name="javassist" type="jar" ext="jar" status="no" details="" size="659343" time="0" location="/home/shanai/play/play-2.1.3-for-functional-store/repository/cache/org.javassist/javassist/jars/javassist-3.16.1-GA.jar">
						<origin-location is-local="false" location="http://repo1.maven.org/maven2/org/javassist/javassist/3.16.1-GA/javassist-3.16.1-GA.jar"/>
					</artifact>
				</artifacts>
			</revision>
		</module>
	</dependencies>
</ivy-report>
